2022-05-08 19:19:39.748 [main] INFO  com.jobseek.spring.dao.impl.CompanyDaoImpl - [createCompany] - com.jobseek.spring.entity.Company@386b4f7e
2022-05-08 19:19:39.766 [main] INFO  com.jobseek.spring.dao.impl.CompanyDaoImpl - [RESULT - createCompany] - com.jobseek.spring.entity.Company@386b4f7e
2022-05-08 19:19:39.772 [main] INFO  com.jobseek.spring.dao.impl.CompanyDaoImpl - [getCompanyIdFromEmail] - testcomp1@gmail.com
2022-05-08 19:19:39.886 [main] INFO  com.jobseek.spring.dao.impl.CompanyDaoImpl - [RESULT - getCompanyIdFromEmail] - 
2022-05-08 19:19:39.953 [main] INFO  com.jobseek.spring.dao.impl.CompanyDaoImpl - [createCompany] - com.jobseek.spring.entity.Company@144caca6
2022-05-08 19:19:39.955 [main] INFO  com.jobseek.spring.dao.impl.CompanyDaoImpl - [RESULT - createCompany] - com.jobseek.spring.entity.Company@144caca6
2022-05-08 19:19:39.956 [main] INFO  com.jobseek.spring.dao.impl.CompanyDaoImpl - [getCompanyIdFromEmail] - testcomp1@gmail.com
2022-05-08 19:19:39.957 [main] INFO  com.jobseek.spring.dao.impl.CompanyDaoImpl - [RESULT - getCompanyIdFromEmail] - 
2022-05-08 19:19:40.038 [main] INFO  com.jobseek.spring.dao.impl.CompanyDaoImpl - [createCompany] - com.jobseek.spring.entity.Company@717b4de2
2022-05-08 19:19:40.043 [main] INFO  com.jobseek.spring.dao.impl.CompanyDaoImpl - [RESULT - createCompany] - com.jobseek.spring.entity.Company@717b4de2
2022-05-08 19:19:40.044 [main] INFO  com.jobseek.spring.dao.impl.CompanyDaoImpl - [getCompanyIdFromEmail] - testcomp1@gmail.com
2022-05-08 19:19:40.046 [main] INFO  com.jobseek.spring.dao.impl.CompanyDaoImpl - [RESULT - getCompanyIdFromEmail] - 
2022-05-08 19:19:40.048 [main] INFO  com.jobseek.spring.dao.impl.CompanyDaoImpl - [getJobsByCompany] - 36
2022-05-08 19:19:40.054 [main] INFO  com.jobseek.spring.dao.impl.CompanyDaoImpl - [RESULT - getJobsByCompany] - []
2022-05-08 19:19:40.058 [main] INFO  com.jobseek.spring.dao.impl.CompanyDaoImpl - [getJobsByCompany] - 36
2022-05-08 19:19:40.061 [main] INFO  com.jobseek.spring.dao.impl.CompanyDaoImpl - [RESULT - getJobsByCompany] - [[Ljava.lang.Object;@76afb9d, [Ljava.lang.Object;@17c0d43c]
2022-05-08 19:19:40.074 [main] INFO  com.jobseek.spring.dao.impl.CompanyDaoImpl - [createCompany] - com.jobseek.spring.entity.Company@8497c23
2022-05-08 19:19:40.076 [main] INFO  com.jobseek.spring.dao.impl.CompanyDaoImpl - [RESULT - createCompany] - com.jobseek.spring.entity.Company@8497c23
2022-05-08 19:19:40.090 [main] INFO  com.jobseek.spring.dao.impl.CompanyDaoImpl - [createCompany] - com.jobseek.spring.entity.Company@93fb20b
2022-05-08 19:19:40.092 [main] INFO  com.jobseek.spring.dao.impl.CompanyDaoImpl - [RESULT - createCompany] - com.jobseek.spring.entity.Company@93fb20b
2022-05-08 19:19:40.093 [main] INFO  com.jobseek.spring.dao.impl.CompanyDaoImpl - [getCompanyIdFromEmail] - testcomp1@gmail.com
2022-05-08 19:19:40.094 [main] INFO  com.jobseek.spring.dao.impl.CompanyDaoImpl - [RESULT - getCompanyIdFromEmail] - 
2022-05-08 19:19:40.095 [main] INFO  com.jobseek.spring.dao.impl.CompanyDaoImpl - [verify] - com.jobseek.spring.entity.Company@93fb20b
2022-05-08 19:19:40.095 [main] INFO  com.jobseek.spring.dao.impl.CompanyDaoImpl - [getCompany] - 38
2022-05-08 19:19:40.095 [main] INFO  com.jobseek.spring.dao.impl.CompanyDaoImpl - [RESULT - getCompany] - com.jobseek.spring.entity.Company@93fb20b
2022-05-08 19:19:40.095 [main] INFO  com.jobseek.spring.dao.impl.CompanyDaoImpl - [RESULT - verify] - com.jobseek.spring.entity.Company@93fb20b
2022-05-08 19:19:40.096 [main] INFO  com.jobseek.spring.dao.impl.CompanyDaoImpl - [getCompany] - 38
2022-05-08 19:19:40.096 [main] INFO  com.jobseek.spring.dao.impl.CompanyDaoImpl - [RESULT - getCompany] - com.jobseek.spring.entity.Company@93fb20b
2022-05-08 19:19:40.110 [main] INFO  com.jobseek.spring.dao.impl.CompanyDaoImpl - [createCompany] - com.jobseek.spring.entity.Company@4e293c35
2022-05-08 19:19:40.112 [main] INFO  com.jobseek.spring.dao.impl.CompanyDaoImpl - [RESULT - createCompany] - com.jobseek.spring.entity.Company@4e293c35
2022-05-08 19:19:40.113 [main] INFO  com.jobseek.spring.dao.impl.CompanyDaoImpl - [PasswordLookUp] - testcomp1@gmail.com
2022-05-08 19:19:40.119 [main] INFO  com.jobseek.spring.dao.impl.CompanyDaoImpl - [Result - PasswordLookUp] - [testpswd]
2022-05-08 19:19:40.128 [main] INFO  com.jobseek.spring.dao.impl.CompanyDaoImpl - [createCompany] - com.jobseek.spring.entity.Company@1eb3a6a3
2022-05-08 19:19:40.130 [main] INFO  com.jobseek.spring.dao.impl.CompanyDaoImpl - [RESULT - createCompany] - com.jobseek.spring.entity.Company@1eb3a6a3
2022-05-08 19:19:40.130 [main] INFO  com.jobseek.spring.dao.impl.CompanyDaoImpl - [updateCompany] - com.jobseek.spring.entity.Company@1eb3a6a3
2022-05-08 19:19:40.130 [main] INFO  com.jobseek.spring.dao.impl.CompanyDaoImpl - [getCompany] - 40
2022-05-08 19:19:40.131 [main] INFO  com.jobseek.spring.dao.impl.CompanyDaoImpl - [RESULT - getCompany] - com.jobseek.spring.entity.Company@1eb3a6a3
2022-05-08 19:19:40.131 [main] INFO  com.jobseek.spring.dao.impl.CompanyDaoImpl - [RESULT - updateCompany] - com.jobseek.spring.entity.Company@1eb3a6a3
2022-05-08 19:19:40.131 [main] INFO  com.jobseek.spring.dao.impl.CompanyDaoImpl - [getCompany] - 40
2022-05-08 19:19:40.131 [main] INFO  com.jobseek.spring.dao.impl.CompanyDaoImpl - [RESULT - getCompany] - com.jobseek.spring.entity.Company@1eb3a6a3
2022-05-08 19:19:40.142 [main] INFO  com.jobseek.spring.dao.impl.CompanyDaoImpl - [createCompany] - com.jobseek.spring.entity.Company@63c07eaf
2022-05-08 19:19:40.144 [main] INFO  com.jobseek.spring.dao.impl.CompanyDaoImpl - [RESULT - createCompany] - com.jobseek.spring.entity.Company@63c07eaf
2022-05-08 19:19:40.144 [main] INFO  com.jobseek.spring.dao.impl.CompanyDaoImpl - [getCompany] - 41
2022-05-08 19:19:40.145 [main] INFO  com.jobseek.spring.dao.impl.CompanyDaoImpl - [RESULT - getCompany] - com.jobseek.spring.entity.Company@63c07eaf
2022-05-08 19:19:40.159 [main] INFO  com.jobseek.spring.dao.impl.CompanyDaoImpl - [createCompany] - com.jobseek.spring.entity.Company@5180f430
2022-05-08 19:19:40.162 [main] INFO  com.jobseek.spring.dao.impl.CompanyDaoImpl - [RESULT - createCompany] - com.jobseek.spring.entity.Company@5180f430
2022-05-08 19:19:40.162 [main] INFO  com.jobseek.spring.dao.impl.CompanyDaoImpl - [getCompanyIdFromEmail] - testcomp1@gmail.com
2022-05-08 19:19:40.165 [main] INFO  com.jobseek.spring.dao.impl.CompanyDaoImpl - [RESULT - getCompanyIdFromEmail] - 
2022-05-08 19:19:40.196 [main] INFO  com.jobseek.spring.dao.impl.CompanyDaoImpl - [createCompany] - com.jobseek.spring.entity.Company@71c1e70f
2022-05-08 19:19:40.203 [main] INFO  com.jobseek.spring.dao.impl.CompanyDaoImpl - [RESULT - createCompany] - com.jobseek.spring.entity.Company@71c1e70f
2022-05-08 19:19:40.204 [main] INFO  com.jobseek.spring.dao.impl.CompanyDaoImpl - [getCompanyIdFromEmail] - testcomp1@gmail.com
2022-05-08 19:19:40.206 [main] INFO  com.jobseek.spring.dao.impl.CompanyDaoImpl - [RESULT - getCompanyIdFromEmail] - 
2022-05-08 19:19:40.241 [main] INFO  com.jobseek.spring.dao.impl.CompanyDaoImpl - [createCompany] - com.jobseek.spring.entity.Company@3cdafb82
2022-05-08 19:19:40.244 [main] INFO  com.jobseek.spring.dao.impl.CompanyDaoImpl - [RESULT - createCompany] - com.jobseek.spring.entity.Company@3cdafb82
2022-05-08 19:19:40.245 [main] INFO  com.jobseek.spring.dao.impl.CompanyDaoImpl - [getCompanyIdFromEmail] - testcomp1@gmail.com
2022-05-08 19:19:40.248 [main] INFO  com.jobseek.spring.dao.impl.CompanyDaoImpl - [RESULT - getCompanyIdFromEmail] - 
2022-05-08 19:19:40.288 [main] INFO  com.jobseek.spring.dao.impl.CompanyDaoImpl - [createCompany] - com.jobseek.spring.entity.Company@6419726f
2022-05-08 19:19:40.293 [main] INFO  com.jobseek.spring.dao.impl.CompanyDaoImpl - [RESULT - createCompany] - com.jobseek.spring.entity.Company@6419726f
2022-05-08 19:19:40.293 [main] INFO  com.jobseek.spring.dao.impl.CompanyDaoImpl - [getCompanyIdFromEmail] - testcomp1@gmail.com
2022-05-08 19:19:40.296 [main] INFO  com.jobseek.spring.dao.impl.CompanyDaoImpl - [RESULT - getCompanyIdFromEmail] - 
2022-05-08 19:19:40.321 [main] INFO  com.jobseek.spring.dao.impl.CompanyDaoImpl - [createCompany] - com.jobseek.spring.entity.Comp2022-05-09 13:20:18.554 [http-nio-8095-exec-1] INFO  com.jobseek.spring.dao.impl.CompanyDaoImpl - [PasswordLookUp] - amazon369123@gmail.com
2022-05-09 13:20:18.595 [http-nio-8095-exec-1] INFO  com.jobseek.spring.dao.impl.CompanyDaoImpl - [Result - PasswordLookUp] - [1234]
2022-05-09 13:20:18.596 [http-nio-8095-exec-1] INFO  com.jobseek.spring.dao.impl.CompanyDaoImpl - [getCompanyIdFromEmail] - amazon369123@gmail.com
2022-05-09 13:20:18.600 [http-nio-8095-exec-1] INFO  com.jobseek.spring.dao.impl.CompanyDaoImpl - [RESULT - getCompanyIdFromEmail] - 
2022-05-09 13:20:18.601 [http-nio-8095-exec-1] INFO  com.jobseek.spring.dao.impl.CompanyDaoImpl - [getCompany] - 8
2022-05-09 13:20:18.609 [http-nio-8095-exec-1] INFO  com.jobseek.spring.dao.impl.CompanyDaoImpl - [RESULT - getCompany] - com.jobseek.spring.entity.Company@5ded0b0e
2022-05-09 13:20:19.124 [http-nio-8095-exec-2] INFO  com.jobseek.spring.dao.impl.CompanyDaoImpl - [PasswordLookUp] - amazon369123@gmail.com
2022-05-09 13:20:19.126 [http-nio-8095-exec-2] INFO  com.jobseek.spring.dao.impl.CompanyDaoImpl - [Result - PasswordLookUp] - [1234]
2022-05-09 13:20:19.128 [http-nio-8095-exec-2] INFO  com.jobseek.spring.dao.impl.CompanyDaoImpl - [getCompanyIdFromEmail] - amazon369123@gmail.com
2022-05-09 13:20:19.130 [http-nio-8095-exec-2] INFO  com.jobseek.spring.dao.impl.CompanyDaoImpl - [RESULT - getCompanyIdFromEmail] - 
2022-05-09 13:20:19.131 [http-nio-8095-exec-2] INFO  com.jobseek.spring.dao.impl.CompanyDaoImpl - [getCompany] - 8
2022-05-09 13:20:19.133 [http-nio-8095-exec-2] INFO  com.jobseek.spring.dao.impl.CompanyDaoImpl - [RESULT - getCompany] - com.jobseek.spring.entity.Company@e6d995
2022-05-09 13:20:22.199 [http-nio-8095-exec-1] INFO  com.jobseek.spring.dao.impl.CompanyDaoImpl - [updateCompany] - com.jobseek.spring.entity.Company@5ded0b0e
2022-05-09 13:20:22.200 [http-nio-8095-exec-1] INFO  com.jobseek.spring.dao.impl.CompanyDaoImpl - [getCompany] - 8
2022-05-09 13:20:22.200 [http-nio-8095-exec-1] INFO  com.jobseek.spring.dao.impl.CompanyDaoImpl - [RESULT - getCompany] - com.jobseek.spring.entity.Company@5ded0b0e
2022-05-09 13:20:22.202 [http-nio-8095-exec-1] INFO  com.jobseek.spring.dao.impl.CompanyDaoImpl - [RESULT - updateCompany] - com.jobseek.spring.entity.Company@5ded0b0e
2022-05-09 13:20:22.258 [http-nio-8095-exec-2] INFO  com.jobseek.spring.dao.impl.CompanyDaoImpl - [updateCompany] - com.jobseek.spring.entity.Company@e6d995
2022-05-09 13:20:22.258 [http-nio-8095-exec-2] INFO  com.jobseek.spring.dao.impl.CompanyDaoImpl - [getCompany] - 8
2022-05-09 13:20:22.259 [http-nio-8095-exec-2] INFO  com.jobseek.spring.dao.impl.CompanyDaoImpl - [RESULT - getCompany] - com.jobseek.spring.entity.Company@e6d995
2022-05-09 13:20:22.259 [http-nio-8095-exec-2] INFO  com.jobseek.spring.dao.impl.CompanyDaoImpl - [RESULT - updateCompany] - com.jobseek.spring.entity.Company@e6d995
2022-05-09 13:20:40.608 [http-nio-8095-exec-3] INFO  com.jobseek.spring.dao.impl.CompanyDaoImpl - [getCompany] - 8
2022-05-09 13:20:40.609 [http-nio-8095-exec-3] INFO  com.jobseek.spring.dao.impl.CompanyDaoImpl - [RESULT - getCompany] - com.jobseek.spring.entity.Company@23114c25
2022-05-09 13:24:23.444 [http-nio-8095-exec-5] INFO  com.jobseek.spring.dao.impl.CompanyDaoImpl - [getCompany] - 8
2022-05-09 13:24:23.465 [http-nio-8095-exec-5] INFO  com.jobseek.spring.dao.impl.CompanyDaoImpl - [RESULT - getCompany] - com.jobseek.spring.entity.Company@19ba1533
2022-05-09 13:24:23.467 [http-nio-8095-exec-5] INFO  com.jobseek.spring.dao.impl.CompanyDaoImpl - [verify] - com.jobseek.spring.entity.Company@19ba1533
2022-05-09 13:24:23.467 [http-nio-8095-exec-5] INFO  com.jobseek.spring.dao.impl.CompanyDaoImpl - [getCompany] - 8
2022-05-09 13:24:23.467 [http-nio-8095-exec-5] INFO  com.jobseek.spring.dao.impl.CompanyDaoImpl - [RESULT - getCompany] - com.jobseek.spring.entity.Company@19ba1533
2022-05-09 13:24:23.467 [http-nio-8095-exec-5] INFO  com.jobseek.spring.dao.impl.CompanyDaoImpl - [RESULT - verify] - com.jobseek.spring.entity.Company@19ba1533
2022-05-09 13:24:27.855 [http-nio-8095-exec-6] INFO  com.jobseek.spring.dao.impl.CompanyDaoImpl - [getCompany] - 8
2022-05-09 13:24:27.866 [http-nio-8095-exec-6] INFO  com.jobseek.spring.dao.impl.CompanyDaoImpl - [RESULT - getCompany] - com.jobseek.spring.entity.Company@6c6f238f
2022-05-09 13:24:27.869 [http-nio-8095-exec-6] INFO  com.jobseek.spring.dao.impl.CompanyDaoImpl - [updateCompany] - com.jobseek.spring.entity.Company@5f608318
2022-05-09 13:24:27.869 [http-nio-8095-exec-6] INFO  com.jobseek.spring.dao.impl.CompanyDaoImpl - [getCompany] - 8
2022-05-09 13:24:27.870 [http-nio-8095-exec-6] INFO  com.jobseek.spring.dao.impl.CompanyDaoImpl - [RESULT - getCompany] - com.jobseek.spring.entity.Company@6c6f238f
2022-05-09 13:24:27.870 [http-nio-8095-exec-6] INFO  com.jobseek.spring.dao.impl.CompanyDaoImpl - [RESULT - updateCompany] - com.jobseek.spring.entity.Company@6c6f238f
2022-05-09 13:24:29.825 [http-nio-8095-exec-8] INFO  com.jobseek.spring.dao.impl.CompanyDaoImpl - [getJobsByCompany] - 8
2022-05-09 13:24:29.833 [http-nio-8095-exec-8] INFO  com.jobseek.spring.dao.impl.CompanyDaoImpl - [RESULT - getJobsByCompany] - []
2022-05-09 13:24:29.837 [http-nio-8095-exec-8] INFO  com.jobseek.spring.dao.impl.CompanyDaoImpl - [getCompany] - 8
2022-05-09 13:24:29.839 [http-nio-8095-exec-8] INFO  com.jobseek.spring.dao.impl.CompanyDaoImpl - [RESULT - getCompany] - com.jobseek.spring.entity.Company@4c2b0a80
2022-05-09 13:24:38.991 [http-nio-8095-exec-10] INFO  com.jobseek.spring.dao.impl.CompanyDaoImpl - [PasswordLookUp] - amazon369123@gmail.com
2022-05-09 13:24:39.003 [http-nio-8095-exec-10] INFO  com.jobseek.spring.dao.impl.CompanyDaoImpl - [Result - PasswordLookUp] - [1234]
2022-05-09 13:24:39.005 [http-nio-8095-exec-10] INFO  com.jobseek.spring.dao.impl.CompanyDaoImpl - [getCompanyIdFromEmail] - amazon369123@gmail.com
2022-05-09 13:24:39.008 [http-nio-8095-exec-10] INFO  com.jobseek.spring.dao.impl.CompanyDaoImpl - [RESULT - getCompanyIdFromEmail] - 
2022-05-09 13:24:39.018 [http-nio-8095-exec-10] INFO  com.jobseek.spring.dao.impl.CompanyDaoImpl - [getCompany] - 8
2022-05-09 13:24:39.020 [http-nio-8095-exec-10] INFO  com.jobseek.spring.dao.impl.CompanyDaoImpl - [RESULT - getCompany] - com.jobseek.spring.entity.Company@64d1e668
2022-05-09 13:24:42.226 [http-nio-8095-exec-10] INFO  com.jobseek.spring.dao.impl.CompanyDaoImpl - [updateCompany] - com.jobseek.spring.entity.Company@64d1e668
2022-05-09 13:24:42.226 [http-nio-8095-exec-10] INFO  com.jobseek.spring.dao.impl.CompanyDaoImpl - [getCompany] - 8
2022-05-09 13:24:42.227 [http-nio-8095-exec-10] INFO  com.jobseek.spring.dao.impl.CompanyDaoImpl - [RESULT - getCompany] - com.jobseek.spring.entity.Company@64d1e668
2022-05-09 13:24:42.229 [http-nio-8095-exec-10] INFO  com.jobseek.spring.dao.impl.CompanyDaoImpl - [RESULT - updateCompany] - com.jobseek.spring.entity.Company@64d1e668
2022-05-09 13:25:02.226 [http-nio-8095-exec-1] INFO  com.jobseek.spring.dao.impl.CompanyDaoImpl - [getCompany] - 8
2022-05-09 13:25:02.228 [http-nio-8095-exec-1] INFO  com.jobseek.spring.dao.impl.CompanyDaoImpl - [RESULT - getCompany] - com.jobseek.spring.entity.Company@4b642b20
2022-05-09 13:25:02.237 [http-nio-8095-exec-1] INFO  com.jobseek.spring.dao.impl.CompanyDaoImpl - [verify] - com.jobseek.spring.entity.Company@4b642b20
2022-05-09 13:25:02.237 [http-nio-8095-exec-1] INFO  com.jobseek.spring.dao.impl.CompanyDaoImpl - [getCompany] - 8
2022-05-09 13:25:02.237 [http-nio-8095-exec-1] INFO  com.jobseek.spring.dao.impl.CompanyDaoImpl - [RESULT - getCompany] - com.jobseek.spring.entity.Company@4b642b20
2022-05-09 13:25:02.238 [http-nio-8095-exec-1] INFO  com.jobseek.spring.dao.impl.CompanyDaoImpl - [RESULT - verify] - com.jobseek.spring.entity.Company@4b642b20
2022-05-09 13:25:06.292 [http-nio-8095-exec-2] INFO  com.jobseek.spring.dao.impl.CompanyDaoImpl - [getCompany] - 8
2022-05-09 13:25:06.294 [http-nio-8095-exec-2] INFO  com.jobseek.spring.dao.impl.CompanyDaoImpl - [RESULT - getCompany] - com.jobseek.spring.entity.Company@617b967a
2022-05-09 13:25:06.297 [http-nio-8095-exec-2] INFO  com.jobseek.spring.dao.impl.CompanyDaoImpl - [updateCompany] - com.jobseek.spring.entity.2022-05-09 13:44:05.819 [http-nio-8095-exec-3] INFO  com.jobseek.spring.dao.impl.InterestedDaoImpl - [getUserIdFromEmail] - himank369123@gmail.com
2022-05-09 13:44:05.890 [http-nio-8095-exec-3] INFO  com.jobseek.spring.dao.impl.InterestedDaoImpl - [RESULT - getUserIdFromEmail] - []
2022-05-09 13:44:05.892 [http-nio-8095-exec-3] INFO  com.jobseek.spring.dao.impl.InterestedDaoImpl - [createJobSeeker] - com.jobseek.spring.entity.JobSeeker@3d78867b
2022-05-09 13:44:05.906 [http-nio-8095-exec-3] INFO  com.jobseek.spring.dao.impl.InterestedDaoImpl - [RESULT - createJobSeeker] - com.jobseek.spring.entity.JobSeeker@3d78867b
2022-05-09 13:45:05.797 [http-nio-8095-exec-4] INFO  com.jobseek.spring.dao.impl.InterestedDaoImpl - [getJobSeeker] - 1
2022-05-09 13:45:05.826 [http-nio-8095-exec-4] INFO  com.jobseek.spring.dao.impl.InterestedDaoImpl - [RESULT - getJobSeeker] - com.jobseek.spring.entity.JobSeeker@2c1aa3c1
2022-05-09 13:45:05.830 [http-nio-8095-exec-4] INFO  com.jobseek.spring.dao.impl.InterestedDaoImpl - [verify] - com.jobseek.spring.entity.JobSeeker@2c1aa3c1
2022-05-09 13:45:05.830 [http-nio-8095-exec-4] INFO  com.jobseek.spring.dao.impl.InterestedDaoImpl - [getJobSeeker] - 1
2022-05-09 13:45:05.831 [http-nio-8095-exec-4] INFO  com.jobseek.spring.dao.impl.InterestedDaoImpl - [RESULT - getJobSeeker] - com.jobseek.spring.entity.JobSeeker@2c1aa3c1
2022-05-09 13:45:05.835 [http-nio-8095-exec-4] INFO  com.jobseek.spring.dao.impl.InterestedDaoImpl - [RESULT - verify] - true
2022-05-09 13:45:57.579 [http-nio-8095-exec-6] INFO  com.jobseek.spring.dao.impl.InterestedDaoImpl - [PasswordLookUp] - himank369123@gmail.com
2022-05-09 13:45:57.584 [http-nio-8095-exec-6] INFO  com.jobseek.spring.dao.impl.InterestedDaoImpl - [RESULT - PasswordLookUp] - [1234]
2022-05-09 13:45:57.597 [http-nio-8095-exec-6] INFO  com.jobseek.spring.dao.impl.InterestedDaoImpl - [getUserIdFromEmail] - himank369123@gmail.com
2022-05-09 13:45:57.599 [http-nio-8095-exec-6] INFO  com.jobseek.spring.dao.impl.InterestedDaoImpl - [RESULT - getUserIdFromEmail] - [1]
2022-05-09 13:45:57.603 [http-nio-8095-exec-6] INFO  com.jobseek.spring.dao.impl.InterestedDaoImpl - [getJobSeeker] - 1
2022-05-09 13:45:57.606 [http-nio-8095-exec-6] INFO  com.jobseek.spring.dao.impl.InterestedDaoImpl - [RESULT - getJobSeeker] - com.jobseek.spring.entity.JobSeeker@3d75fe7a
2022-05-09 13:46:01.229 [http-nio-8095-exec-6] INFO  com.jobseek.spring.dao.impl.InterestedDaoImpl - [updateJobSeeker] - com.jobseek.spring.entity.JobSeeker@3d75fe7a
2022-05-09 13:46:01.229 [http-nio-8095-exec-6] INFO  com.jobseek.spring.dao.impl.InterestedDaoImpl - [getJobSeeker] - 1
2022-05-09 13:46:01.229 [http-nio-8095-exec-6] INFO  com.jobseek.spring.dao.impl.InterestedDaoImpl - [RESULT - getJobSeeker] - com.jobseek.spring.entity.JobSeeker@3d75fe7a
2022-05-09 13:46:01.230 [http-nio-8095-exec-6] INFO  com.jobseek.spring.dao.impl.InterestedDaoImpl - [RESULT - updateJobSeeker] - com.jobseek.spring.entity.JobSeeker@3d75fe7a
2022-05-09 13:46:13.027 [http-nio-8095-exec-7] INFO  com.jobseek.spring.dao.impl.InterestedDaoImpl - [getJobSeeker] - 1
2022-05-09 13:46:13.029 [http-nio-8095-exec-7] INFO  com.jobseek.spring.dao.impl.InterestedDaoImpl - [RESULT - getJobSeeker] - com.jobseek.spring.entity.JobSeeker@13ff0e2c
2022-05-09 13:46:13.030 [http-nio-8095-exec-7] INFO  com.jobseek.spring.dao.impl.InterestedDaoImpl - [verify] - com.jobseek.spring.entity.JobSeeker@13ff0e2c
2022-05-09 13:46:13.030 [http-nio-8095-exec-7] INFO  com.jobseek.spring.dao.impl.InterestedDaoImpl - [getJobSeeker] - 1
2022-05-09 13:46:13.030 [http-nio-8095-exec-7] INFO  com.jobseek.spring.dao.impl.InterestedDaoImpl - [RESULT - getJobSeeker] - com.jobseek.spring.entity.JobSeeker@13ff0e2c
2022-05-09 13:46:13.030 [http-nio-8095-exec-7] INFO  com.jobseek.spring.dao.impl.InterestedDaoImpl - [RESULT - verify] - true
2022-05-09 13:46:26.159 [http-nio-8095-exec-8] INFO  com.jobseek.spring.dao.impl.InterestedDaoImpl - [getJobSeeker] - 1
2022-05-09 13:46:26.160 [http-nio-8095-exec-8] INFO  com.jobseek.spring.dao.impl.InterestedDaoImpl - [RESULT - getJobSeeker] - com.jobseek.spring.entity.JobSeeker@7791466d
2022-05-09 13:46:26.162 [http-nio-8095-exec-8] INFO  com.jobseek.spring.dao.impl.InterestedDaoImpl - [updateJobSeeker] - com.jobseek.spring.entity.JobSeeker@1a59bc06
2022-05-09 13:46:26.162 [http-nio-8095-exec-8] INFO  com.jobseek.spring.dao.impl.InterestedDaoImpl - [getJobSeeker] - 1
2022-05-09 13:46:26.163 [http-nio-8095-exec-8] INFO  com.jobseek.spring.dao.impl.InterestedDaoImpl - [RESULT - getJobSeeker] - com.jobseek.spring.entity.JobSeeker@7791466d
2022-05-09 13:46:26.163 [http-nio-8095-exec-8] INFO  com.jobseek.spring.dao.impl.InterestedDaoImpl - [RESULT - updateJobSeeker] - com.jobseek.spring.entity.JobSeeker@7791466d
2022-05-09 13:46:32.799 [http-nio-8095-exec-1] INFO  com.jobseek.spring.dao.impl.InterestedDaoImpl - [PasswordLookUp] - himank369123@gmail.com
2022-05-09 13:46:32.800 [http-nio-8095-exec-1] INFO  com.jobseek.spring.dao.impl.InterestedDaoImpl - [RESULT - PasswordLookUp] - [1234]
2022-05-09 13:46:32.801 [http-nio-8095-exec-1] INFO  com.jobseek.spring.dao.impl.InterestedDaoImpl - [getUserIdFromEmail] - himank369123@gmail.com
2022-05-09 13:46:32.802 [http-nio-8095-exec-1] INFO  com.jobseek.spring.dao.impl.InterestedDaoImpl - [RESULT - getUserIdFromEmail] - [1]
2022-05-09 13:46:32.802 [http-nio-8095-exec-1] INFO  com.jobseek.spring.dao.impl.InterestedDaoImpl - [getJobSeeker] - 1
2022-05-09 13:46:32.805 [http-nio-8095-exec-1] INFO  com.jobseek.spring.dao.impl.InterestedDaoImpl - [RESULT - getJobSeeker] - com.jobseek.spring.entity.JobSeeker@3180a5da
2022-05-09 13:46:55.560 [http-nio-8095-exec-5] INFO  com.jobseek.spring.dao.impl.CompanyDaoImpl - [getCompanyIdFromEmail] - amazon369123@gmail.com
2022-05-09 13:46:55.566 [http-nio-8095-exec-5] INFO  com.jobseek.spring.dao.impl.CompanyDaoImpl - [RESULT - getCompanyIdFromEmail] - 
2022-05-09 13:46:55.568 [http-nio-8095-exec-5] INFO  com.jobseek.spring.dao.impl.CompanyDaoImpl - [createCompany] - com.jobseek.spring.entity.Company@51c184d4
2022-05-09 13:46:55.572 [http-nio-8095-exec-5] INFO  com.jobseek.spring.dao.impl.CompanyDaoImpl - [RESULT - createCompany] - com.jobseek.spring.entity.Company@51c184d4
2022-05-09 13:46:56.952 [http-nio-8095-exec-6] INFO  com.jobseek.spring.dao.impl.CompanyDaoImpl - [getCompanyIdFromEmail] - amazon369123@gmail.com
2022-05-09 13:46:56.954 [http-nio-8095-exec-6] INFO  com.jobseek.spring.dao.impl.CompanyDaoImpl - [RESULT - getCompanyIdFromEmail] - 
2022-05-09 13:47:16.658 [http-nio-8095-exec-8] INFO  com.jobseek.spring.dao.impl.CompanyDaoImpl - [PasswordLookUp] - amazon369123@gmail.com
2022-05-09 13:47:16.673 [http-nio-8095-exec-8] INFO  com.jobseek.spring.dao.impl.CompanyDaoImpl - [Result - PasswordLookUp] - [1234]
2022-05-09 13:47:16.674 [http-nio-8095-exec-8] INFO  com.jobseek.spring.dao.impl.CompanyDaoImpl - [getCompanyIdFromEmail] - amazon369123@gmail.com
2022-05-09 13:47:16.676 [http-nio-8095-exec-8] INFO  com.jobseek.spring.dao.impl.CompanyDaoImpl - [RESULT - getCompanyIdFromEmail] - 
2022-05-09 13:47:16.678 [http-nio-8095-exec-8] INFO  com.jobseek.spring.dao.impl.CompanyDaoImpl - [getCompany] - 1
2022-05-09 13:47:16.680 [http-nio-8095-exec-8] INFO  com.jobseek.spring.dao.impl.CompanyDaoImpl - [RESULT - getCompany] - com.jobseek.spring.entity.Company@54c2dfe6
2022-05-09 13:47:18.329 [http-nio-8095-exec-9] INFO  com.jobseek.spring.dao.impl.CompanyDaoImpl - [PasswordLookUp] - amazon369123@gmail.com
2022-05-09 13:47:18.331 [http-nio-8095-exec-9] INFO  com.jobseek.spring.dao.impl.CompanyDaoImpl - [Result - PasswordLookUp] - [1234]
2022-05-09 13:47:18.332 [http-nio-8095-exec-9] INFO  com.jobseek.spring.dao.impl.CompanyDaoImpl - [getCompanyIdFromEmail] - amazon369123@gmail.com
2022-05-09 13:47:18.337 [http-nio-8095-exec-9] INFO  com.jobseek.spring.dao.impl.CompanyDaoImpl - [RESULT - getCompanyIdFromEmail] - 
2022-05-09 13:47:18.338 [http-nio-8095-exec-9] INFO  com.jobseek.spring.dao.impl.CompanyDaoImpl - [getCompany] - 1
2022-05-09 13:47:18.339 [http-nio-8095-exec-9] INFO  com.jobseek.spring.dao.impl.CompanyDaoImpl - [RESULT - getCompany] - com.jobseek.spring.entity.Company@35567ce2
2022-05-02022-05-09 14:03:59.869 [http-nio-8095-exec-4] INFO  com.jobseek.spring.dao.impl.CompanyDaoImpl - [PasswordLookUp] - amazon369123@gmail.com
2022-05-09 14:03:59.932 [http-nio-8095-exec-4] INFO  com.jobseek.spring.dao.impl.CompanyDaoImpl - [Result - PasswordLookUp] - [1234]
2022-05-09 14:03:59.935 [http-nio-8095-exec-4] INFO  com.jobseek.spring.dao.impl.CompanyDaoImpl - [getCompanyIdFromEmail] - amazon369123@gmail.com
2022-05-09 14:03:59.939 [http-nio-8095-exec-4] INFO  com.jobseek.spring.dao.impl.CompanyDaoImpl - [RESULT - getCompanyIdFromEmail] - 
2022-05-09 14:03:59.940 [http-nio-8095-exec-4] INFO  com.jobseek.spring.dao.impl.CompanyDaoImpl - [getCompany] - 1
2022-05-09 14:03:59.950 [http-nio-8095-exec-4] INFO  com.jobseek.spring.dao.impl.CompanyDaoImpl - [RESULT - getCompany] - com.jobseek.spring.entity.Company@50229e3e
2022-05-09 14:04:02.329 [http-nio-8095-exec-5] INFO  com.jobseek.spring.dao.impl.CompanyDaoImpl - [PasswordLookUp] - amazon369123@gmail.com
2022-05-09 14:04:02.334 [http-nio-8095-exec-5] INFO  com.jobseek.spring.dao.impl.CompanyDaoImpl - [Result - PasswordLookUp] - [1234]
2022-05-09 14:04:02.337 [http-nio-8095-exec-5] INFO  com.jobseek.spring.dao.impl.CompanyDaoImpl - [getCompanyIdFromEmail] - amazon369123@gmail.com
2022-05-09 14:04:02.339 [http-nio-8095-exec-5] INFO  com.jobseek.spring.dao.impl.CompanyDaoImpl - [RESULT - getCompanyIdFromEmail] - 
2022-05-09 14:04:02.342 [http-nio-8095-exec-5] INFO  com.jobseek.spring.dao.impl.CompanyDaoImpl - [getCompany] - 1
2022-05-09 14:04:02.344 [http-nio-8095-exec-5] INFO  com.jobseek.spring.dao.impl.CompanyDaoImpl - [RESULT - getCompany] - com.jobseek.spring.entity.Company@40a28529
2022-05-09 14:04:05.115 [http-nio-8095-exec-4] INFO  com.jobseek.spring.dao.impl.CompanyDaoImpl - [updateCompany] - com.jobseek.spring.entity.Company@50229e3e
2022-05-09 14:04:05.116 [http-nio-8095-exec-4] INFO  com.jobseek.spring.dao.impl.CompanyDaoImpl - [getCompany] - 1
2022-05-09 14:04:05.116 [http-nio-8095-exec-4] INFO  com.jobseek.spring.dao.impl.CompanyDaoImpl - [RESULT - getCompany] - com.jobseek.spring.entity.Company@50229e3e
2022-05-09 14:04:05.119 [http-nio-8095-exec-4] INFO  com.jobseek.spring.dao.impl.CompanyDaoImpl - [RESULT - updateCompany] - com.jobseek.spring.entity.Company@50229e3e
2022-05-09 14:04:06.138 [http-nio-8095-exec-5] INFO  com.jobseek.spring.dao.impl.CompanyDaoImpl - [updateCompany] - com.jobseek.spring.entity.Company@40a28529
2022-05-09 14:04:06.138 [http-nio-8095-exec-5] INFO  com.jobseek.spring.dao.impl.CompanyDaoImpl - [getCompany] - 1
2022-05-09 14:04:06.138 [http-nio-8095-exec-5] INFO  com.jobseek.spring.dao.impl.CompanyDaoImpl - [RESULT - getCompany] - com.jobseek.spring.entity.Company@40a28529
2022-05-09 14:04:06.138 [http-nio-8095-exec-5] INFO  com.jobseek.spring.dao.impl.CompanyDaoImpl - [RESULT - updateCompany] - com.jobseek.spring.entity.Company@40a28529
2022-05-09 14:04:43.057 [http-nio-8095-exec-6] INFO  com.jobseek.spring.dao.impl.CompanyDaoImpl - [getCompany] - 1
2022-05-09 14:04:43.061 [http-nio-8095-exec-6] INFO  com.jobseek.spring.dao.impl.CompanyDaoImpl - [RESULT - getCompany] - com.jobseek.spring.entity.Company@9d6b30
2022-05-09 14:04:43.064 [http-nio-8095-exec-6] INFO  com.jobseek.spring.dao.impl.CompanyDaoImpl - [verify] - com.jobseek.spring.entity.Company@9d6b30
2022-05-09 14:04:43.064 [http-nio-8095-exec-6] INFO  com.jobseek.spring.dao.impl.CompanyDaoImpl - [getCompany] - 1
2022-05-09 14:04:43.064 [http-nio-8095-exec-6] INFO  com.jobseek.spring.dao.impl.CompanyDaoImpl - [RESULT - getCompany] - com.jobseek.spring.entity.Company@9d6b30
2022-05-09 14:04:43.064 [http-nio-8095-exec-6] INFO  com.jobseek.spring.dao.impl.CompanyDaoImpl - [RESULT - verify] - com.jobseek.spring.entity.Company@9d6b30
2022-05-09 14:05:02.695 [http-nio-8095-exec-7] INFO  com.jobseek.spring.dao.impl.CompanyDaoImpl - [getCompany] - 1
2022-05-09 14:05:02.706 [http-nio-8095-exec-7] INFO  com.jobseek.spring.dao.impl.CompanyDaoImpl - [RESULT - getCompany] - com.jobseek.spring.entity.Company@10c34c7c
2022-05-09 14:05:02.709 [http-nio-8095-exec-7] INFO  com.jobseek.spring.dao.impl.CompanyDaoImpl - [updateCompany] - com.jobseek.spring.entity.Company@709c4700
2022-05-09 14:05:02.709 [http-nio-8095-exec-7] INFO  com.jobseek.spring.dao.impl.CompanyDaoImpl - [getCompany] - 1
2022-05-09 14:05:02.712 [http-nio-8095-exec-7] INFO  com.jobseek.spring.dao.impl.CompanyDaoImpl - [RESULT - getCompany] - com.jobseek.spring.entity.Company@10c34c7c
2022-05-09 14:05:02.713 [http-nio-8095-exec-7] INFO  com.jobseek.spring.dao.impl.CompanyDaoImpl - [RESULT - updateCompany] - com.jobseek.spring.entity.Company@10c34c7c
2022-05-09 14:05:10.766 [http-nio-8095-exec-10] INFO  com.jobseek.spring.dao.impl.CompanyDaoImpl - [PasswordLookUp] - amazon369123@gmail.com
2022-05-09 14:05:10.769 [http-nio-8095-exec-10] INFO  com.jobseek.spring.dao.impl.CompanyDaoImpl - [Result - PasswordLookUp] - [1234]
2022-05-09 14:05:10.770 [http-nio-8095-exec-10] INFO  com.jobseek.spring.dao.impl.CompanyDaoImpl - [getCompanyIdFromEmail] - amazon369123@gmail.com
2022-05-09 14:05:10.771 [http-nio-8095-exec-10] INFO  com.jobseek.spring.dao.impl.CompanyDaoImpl - [RESULT - getCompanyIdFromEmail] - 
2022-05-09 14:05:10.773 [http-nio-8095-exec-10] INFO  com.jobseek.spring.dao.impl.CompanyDaoImpl - [getCompany] - 1
2022-05-09 14:05:10.774 [http-nio-8095-exec-10] INFO  com.jobseek.spring.dao.impl.CompanyDaoImpl - [RESULT - getCompany] - com.jobseek.spring.entity.Company@46c65b7e
2022-05-09 14:05:15.155 [http-nio-8095-exec-10] INFO  com.jobseek.spring.dao.impl.CompanyDaoImpl - [updateCompany] - com.jobseek.spring.entity.Company@46c65b7e
2022-05-09 14:05:15.156 [http-nio-8095-exec-10] INFO  com.jobseek.spring.dao.impl.CompanyDaoImpl - [getCompany] - 1
2022-05-09 14:05:15.156 [http-nio-8095-exec-10] INFO  com.jobseek.spring.dao.impl.CompanyDaoImpl - [RESULT - getCompany] - com.jobseek.spring.entity.Company@46c65b7e
2022-05-09 14:05:15.157 [http-nio-8095-exec-10] INFO  com.jobseek.spring.dao.impl.CompanyDaoImpl - [RESULT - updateCompany] - com.jobseek.spring.entity.Company@46c65b7e
2022-05-09 14:05:49.953 [http-nio-8095-exec-1] INFO  com.jobseek.spring.dao.impl.CompanyDaoImpl - [getCompany] - 1
2022-05-09 14:05:49.957 [http-nio-8095-exec-1] INFO  com.jobseek.spring.dao.impl.CompanyDaoImpl - [RESULT - getCompany] - com.jobseek.spring.entity.Company@3434350
2022-05-09 14:05:49.958 [http-nio-8095-exec-1] INFO  com.jobseek.spring.dao.impl.CompanyDaoImpl - [verify] - com.jobseek.spring.entity.Company@3434350
2022-05-09 14:05:49.959 [http-nio-8095-exec-1] INFO  com.jobseek.spring.dao.impl.CompanyDaoImpl - [getCompany] - 1
2022-05-09 14:05:49.959 [http-nio-8095-exec-1] INFO  com.jobseek.spring.dao.impl.CompanyDaoImpl - [RESULT - getCompany] - com.jobseek.spring.entity.Company@3434350
2022-05-09 14:05:49.959 [http-nio-8095-exec-1] INFO  com.jobseek.spring.dao.impl.CompanyDaoImpl - [RESULT - verify] - com.jobseek.spring.entity.Company@3434350
2022-05-09 14:05:57.482 [http-nio-8095-exec-2] INFO  com.jobseek.spring.dao.impl.CompanyDaoImpl - [getCompany] - 1
2022-05-09 14:05:57.484 [http-nio-8095-exec-2] INFO  com.jobseek.spring.dao.impl.CompanyDaoImpl - [RESULT - getCompany] - com.jobseek.spring.entity.Company@14b5968c
2022-05-09 14:05:57.487 [http-nio-8095-exec-2] INFO  com.jobseek.spring.dao.impl.CompanyDaoImpl - [updateCompany] - com.jobseek.spring.entity.Company@472dc87a
2022-05-09 14:05:57.488 [http-nio-8095-exec-2] INFO  com.jobseek.spring.dao.impl.CompanyDaoImpl - [getCompany] - 1
2022-05-09 14:05:57.488 [http-nio-8095-exec-2] INFO  com.jobseek.spring.dao.impl.CompanyDaoImpl - [RESULT - getCompany] - com.jobseek.spring.entity.Company@14b5968c
2022-05-09 14:05:57.488 [http-nio-8095-exec-2] INFO  com.jobseek.spring.dao.impl.CompanyDaoImpl - [RESULT - updateCompany] - com.jobseek.spring.entity.Company@14b5968c
2022-05-09 14:07:44.989 [http-nio-8095-exec-5] INFO  com.jobseek.spring.dao.impl.CompanyDaoImpl - [PasswordLookUp] - amazon369123@gmail.com
2022-05-09 14:07:44.990 [http-nio-8095-exec-5] INFO  com.jobseek.spring.dao.impl.CompanyDaoImpl - [Result - PasswordLookUp] - [1234]
2022-05-09 14:07:44.991 [http-nio-8095-exec-5] INFO  com.jobseek.spring.dao.im2022-05-09 14:38:53.296 [http-nio-8095-exec-1] INFO  com.jobseek.spring.dao.impl.InterestedDaoImpl - [PasswordLookUp] - himank369123@gmail.com
2022-05-09 14:38:53.370 [http-nio-8095-exec-1] INFO  com.jobseek.spring.dao.impl.InterestedDaoImpl - [RESULT - PasswordLookUp] - [1234]
2022-05-09 14:38:53.372 [http-nio-8095-exec-1] INFO  com.jobseek.spring.dao.impl.InterestedDaoImpl - [getUserIdFromEmail] - himank369123@gmail.com
2022-05-09 14:38:53.377 [http-nio-8095-exec-1] INFO  com.jobseek.spring.dao.impl.InterestedDaoImpl - [RESULT - getUserIdFromEmail] - [1]
2022-05-09 14:38:53.378 [http-nio-8095-exec-1] INFO  com.jobseek.spring.dao.impl.InterestedDaoImpl - [getJobSeeker] - 1
2022-05-09 14:38:53.387 [http-nio-8095-exec-1] INFO  com.jobseek.spring.dao.impl.InterestedDaoImpl - [RESULT - getJobSeeker] - com.jobseek.spring.entity.JobSeeker@ad64753
2022-05-09 14:38:57.649 [http-nio-8095-exec-1] INFO  com.jobseek.spring.dao.impl.InterestedDaoImpl - [updateJobSeeker] - com.jobseek.spring.entity.JobSeeker@ad64753
2022-05-09 14:38:57.650 [http-nio-8095-exec-1] INFO  com.jobseek.spring.dao.impl.InterestedDaoImpl - [getJobSeeker] - 1
2022-05-09 14:38:57.650 [http-nio-8095-exec-1] INFO  com.jobseek.spring.dao.impl.InterestedDaoImpl - [RESULT - getJobSeeker] - com.jobseek.spring.entity.JobSeeker@ad64753
2022-05-09 14:38:57.653 [http-nio-8095-exec-1] INFO  com.jobseek.spring.dao.impl.InterestedDaoImpl - [RESULT - updateJobSeeker] - com.jobseek.spring.entity.JobSeeker@ad64753
2022-05-09 14:39:53.675 [http-nio-8095-exec-2] INFO  com.jobseek.spring.dao.impl.InterestedDaoImpl - [getJobSeeker] - 1
2022-05-09 14:39:53.677 [http-nio-8095-exec-2] INFO  com.jobseek.spring.dao.impl.InterestedDaoImpl - [RESULT - getJobSeeker] - com.jobseek.spring.entity.JobSeeker@20755b8
2022-05-09 14:39:53.679 [http-nio-8095-exec-2] INFO  com.jobseek.spring.dao.impl.InterestedDaoImpl - [verify] - com.jobseek.spring.entity.JobSeeker@20755b8
2022-05-09 14:39:53.679 [http-nio-8095-exec-2] INFO  com.jobseek.spring.dao.impl.InterestedDaoImpl - [getJobSeeker] - 1
2022-05-09 14:39:53.679 [http-nio-8095-exec-2] INFO  com.jobseek.spring.dao.impl.InterestedDaoImpl - [RESULT - getJobSeeker] - com.jobseek.spring.entity.JobSeeker@20755b8
2022-05-09 14:39:53.679 [http-nio-8095-exec-2] INFO  com.jobseek.spring.dao.impl.InterestedDaoImpl - [RESULT - verify] - true
2022-05-09 14:39:57.048 [http-nio-8095-exec-3] INFO  com.jobseek.spring.dao.impl.InterestedDaoImpl - [getJobSeeker] - 1
2022-05-09 14:39:57.051 [http-nio-8095-exec-3] INFO  com.jobseek.spring.dao.impl.InterestedDaoImpl - [RESULT - getJobSeeker] - com.jobseek.spring.entity.JobSeeker@369be6f
2022-05-09 14:39:57.054 [http-nio-8095-exec-3] INFO  com.jobseek.spring.dao.impl.InterestedDaoImpl - [updateJobSeeker] - com.jobseek.spring.entity.JobSeeker@301cf774
2022-05-09 14:39:57.055 [http-nio-8095-exec-3] INFO  com.jobseek.spring.dao.impl.InterestedDaoImpl - [getJobSeeker] - 1
2022-05-09 14:39:57.055 [http-nio-8095-exec-3] INFO  com.jobseek.spring.dao.impl.InterestedDaoImpl - [RESULT - getJobSeeker] - com.jobseek.spring.entity.JobSeeker@369be6f
2022-05-09 14:39:57.055 [http-nio-8095-exec-3] INFO  com.jobseek.spring.dao.impl.InterestedDaoImpl - [RESULT - updateJobSeeker] - com.jobseek.spring.entity.JobSeeker@369be6f
2022-05-09 14:40:05.793 [http-nio-8095-exec-6] INFO  com.jobseek.spring.dao.impl.CompanyDaoImpl - [PasswordLookUp] - amazon369123@gmail.com
2022-05-09 14:40:05.799 [http-nio-8095-exec-6] INFO  com.jobseek.spring.dao.impl.CompanyDaoImpl - [Result - PasswordLookUp] - []
2022-05-09 14:40:57.916 [http-nio-8095-exec-8] INFO  com.jobseek.spring.dao.impl.CompanyDaoImpl - [getCompanyIdFromEmail] - amazon369123@gmail.com
2022-05-09 14:40:57.924 [http-nio-8095-exec-8] INFO  com.jobseek.spring.dao.impl.CompanyDaoImpl - [RESULT - getCompanyIdFromEmail] - 
2022-05-09 14:40:57.925 [http-nio-8095-exec-8] INFO  com.jobseek.spring.dao.impl.CompanyDaoImpl - [createCompany] - com.jobseek.spring.entity.Company@f5fbcb5
2022-05-09 14:40:57.933 [http-nio-8095-exec-8] INFO  com.jobseek.spring.dao.impl.CompanyDaoImpl - [RESULT - createCompany] - com.jobseek.spring.entity.Company@f5fbcb5
2022-05-09 14:40:59.166 [http-nio-8095-exec-9] INFO  com.jobseek.spring.dao.impl.CompanyDaoImpl - [getCompanyIdFromEmail] - amazon369123@gmail.com
2022-05-09 14:40:59.168 [http-nio-8095-exec-9] INFO  com.jobseek.spring.dao.impl.CompanyDaoImpl - [RESULT - getCompanyIdFromEmail] - 
2022-05-09 14:41:22.650 [http-nio-8095-exec-2] INFO  com.jobseek.spring.dao.impl.CompanyDaoImpl - [getCompanyIdFromEmail] - amazon369123@gmail.com
2022-05-09 14:41:22.652 [http-nio-8095-exec-2] INFO  com.jobseek.spring.dao.impl.CompanyDaoImpl - [RESULT - getCompanyIdFromEmail] - 
2022-05-09 14:41:22.656 [http-nio-8095-exec-2] INFO  com.jobseek.spring.dao.impl.CompanyDaoImpl - [createCompany] - com.jobseek.spring.entity.Company@7de1b51a
2022-05-09 14:41:22.658 [http-nio-8095-exec-2] INFO  com.jobseek.spring.dao.impl.CompanyDaoImpl - [RESULT - createCompany] - com.jobseek.spring.entity.Company@7de1b51a
2022-05-09 14:41:45.314 [http-nio-8095-exec-3] INFO  com.jobseek.spring.dao.impl.CompanyDaoImpl - [getCompany] - 2
2022-05-09 14:41:45.318 [http-nio-8095-exec-3] INFO  com.jobseek.spring.dao.impl.CompanyDaoImpl - [RESULT - getCompany] - com.jobseek.spring.entity.Company@38966086
2022-05-09 14:41:45.320 [http-nio-8095-exec-3] INFO  com.jobseek.spring.dao.impl.CompanyDaoImpl - [verify] - com.jobseek.spring.entity.Company@38966086
2022-05-09 14:41:45.320 [http-nio-8095-exec-3] INFO  com.jobseek.spring.dao.impl.CompanyDaoImpl - [getCompany] - 2
2022-05-09 14:41:45.321 [http-nio-8095-exec-3] INFO  com.jobseek.spring.dao.impl.CompanyDaoImpl - [RESULT - getCompany] - com.jobseek.spring.entity.Company@38966086
2022-05-09 14:41:45.321 [http-nio-8095-exec-3] INFO  com.jobseek.spring.dao.impl.CompanyDaoImpl - [RESULT - verify] - com.jobseek.spring.entity.Company@38966086
2022-05-09 14:41:45.329 [http-nio-8095-exec-3] INFO  com.jobseek.spring.dao.impl.CompanyDaoImpl - [getCompany] - 2
2022-05-09 14:41:45.329 [http-nio-8095-exec-3] INFO  com.jobseek.spring.dao.impl.CompanyDaoImpl - [RESULT - getCompany] - com.jobseek.spring.entity.Company@38966086
2022-05-09 14:41:49.512 [http-nio-8095-exec-4] INFO  com.jobseek.spring.dao.impl.CompanyDaoImpl - [getCompany] - 2
2022-05-09 14:41:49.514 [http-nio-8095-exec-4] INFO  com.jobseek.spring.dao.impl.CompanyDaoImpl - [RESULT - getCompany] - com.jobseek.spring.entity.Company@1f5757b7
2022-05-09 14:41:49.515 [http-nio-8095-exec-4] INFO  com.jobseek.spring.dao.impl.CompanyDaoImpl - [updateCompany] - com.jobseek.spring.entity.Company@3c820769
2022-05-09 14:41:49.515 [http-nio-8095-exec-4] INFO  com.jobseek.spring.dao.impl.CompanyDaoImpl - [getCompany] - 2
2022-05-09 14:41:49.515 [http-nio-8095-exec-4] INFO  com.jobseek.spring.dao.impl.CompanyDaoImpl - [RESULT - getCompany] - com.jobseek.spring.entity.Company@1f5757b7
2022-05-09 14:41:49.515 [http-nio-8095-exec-4] INFO  com.jobseek.spring.dao.impl.CompanyDaoImpl - [RESULT - updateCompany] - com.jobseek.spring.entity.Company@1f5757b7
2022-05-09 14:41:52.969 [http-nio-8095-exec-6] INFO  com.jobseek.spring.dao.impl.CompanyDaoImpl - [getCompany] - 2
2022-05-09 14:41:52.971 [http-nio-8095-exec-6] INFO  com.jobseek.spring.dao.impl.CompanyDaoImpl - [RESULT - getCompany] - com.jobseek.spring.entity.Company@5b8b9a72
2022-05-09 14:42:35.001 [http-nio-8095-exec-7] INFO  com.jobseek.spring.dao.impl.InterestedDaoImpl - [createJobPosting] - com.jobseek.spring.entity.JobPosting@59cb346 - 2
2022-05-09 14:42:35.011 [http-nio-8095-exec-7] INFO  com.jobseek.spring.dao.impl.InterestedDaoImpl - [RESULT - createJobPosting] - com.jobseek.spring.entity.JobPosting@59cb346
2022-05-09 14:42:35.018 [http-nio-8095-exec-7] INFO  com.jobseek.spring.dao.impl.CompanyDaoImpl - [getCompany] - 2
2022-05-09 14:42:35.018 [http-nio-8095-exec-7] INFO  com.jobseek.spring.dao.impl.CompanyDaoImpl - [RESULT - getCompany] - com.jobseek.spring.entity.Company@7df87c89
2022-05-09 14:42:36.675 [http-nio-8095-exec-8] INFO  com.jobseek.spring.dao.impl.InterestedDaoImpl - [getJobPosting] - 1
2022-05-09 14:42:36.679 [http-nio-8095-exec-8] INFO  com.jobseek.spring.dao.impl.Intereste2022-05-09 14:55:46.226 [http-nio-8095-exec-1] INFO  com.jobseek.spring.dao.impl.CompanyDaoImpl - [getCompany] - 2
2022-05-09 14:55:46.244 [http-nio-8095-exec-1] INFO  com.jobseek.spring.dao.impl.CompanyDaoImpl - [RESULT - getCompany] - com.jobseek.spring.entity.Company@3d0281df
2022-05-09 14:55:48.914 [http-nio-8095-exec-3] INFO  com.jobseek.spring.dao.impl.CompanyDaoImpl - [getCompany] - 2
2022-05-09 14:55:48.917 [http-nio-8095-exec-3] INFO  com.jobseek.spring.dao.impl.CompanyDaoImpl - [RESULT - getCompany] - com.jobseek.spring.entity.Company@6ea93fc2
2022-05-09 14:56:16.850 [http-nio-8095-exec-4] INFO  com.jobseek.spring.dao.impl.InterestedDaoImpl - [createJobPosting] - com.jobseek.spring.entity.JobPosting@2830994f - 2
2022-05-09 14:56:16.877 [http-nio-8095-exec-4] INFO  com.jobseek.spring.dao.impl.InterestedDaoImpl - [RESULT - createJobPosting] - com.jobseek.spring.entity.JobPosting@2830994f
2022-05-09 14:56:16.883 [http-nio-8095-exec-4] INFO  com.jobseek.spring.dao.impl.CompanyDaoImpl - [getCompany] - 2
2022-05-09 14:56:16.884 [http-nio-8095-exec-4] INFO  com.jobseek.spring.dao.impl.CompanyDaoImpl - [RESULT - getCompany] - com.jobseek.spring.entity.Company@48e1bd47
2022-05-09 14:56:26.698 [http-nio-8095-exec-6] INFO  com.jobseek.spring.dao.impl.CompanyDaoImpl - [getCompany] - 2
2022-05-09 14:56:26.700 [http-nio-8095-exec-6] INFO  com.jobseek.spring.dao.impl.CompanyDaoImpl - [RESULT - getCompany] - com.jobseek.spring.entity.Company@2bcb4162
2022-05-09 14:56:29.363 [http-nio-8095-exec-8] INFO  com.jobseek.spring.dao.impl.CompanyDaoImpl - [getJobsByCompany] - 2
2022-05-09 14:56:29.468 [http-nio-8095-exec-8] INFO  com.jobseek.spring.dao.impl.CompanyDaoImpl - [RESULT - getJobsByCompany] - [[Ljava.lang.Object;@1b8c56e4]
2022-05-09 14:56:29.470 [http-nio-8095-exec-8] INFO  com.jobseek.spring.dao.impl.CompanyDaoImpl - [getCompany] - 2
2022-05-09 14:56:29.471 [http-nio-8095-exec-8] INFO  com.jobseek.spring.dao.impl.CompanyDaoImpl - [RESULT - getCompany] - com.jobseek.spring.entity.Company@134474e
2022-05-09 14:56:32.930 [http-nio-8095-exec-9] INFO  com.jobseek.spring.dao.impl.InterestedDaoImpl - [getJobPosting] - 4
2022-05-09 14:56:32.933 [http-nio-8095-exec-9] INFO  com.jobseek.spring.dao.impl.InterestedDaoImpl - [RESULT - getJobPosting] - com.jobseek.spring.entity.JobPosting@3c64bb6e
2022-05-09 14:56:32.934 [http-nio-8095-exec-9] INFO  com.jobseek.spring.dao.impl.CompanyDaoImpl - [getCompany] - 2
2022-05-09 14:56:32.934 [http-nio-8095-exec-9] INFO  com.jobseek.spring.dao.impl.CompanyDaoImpl - [RESULT - getCompany] - com.jobseek.spring.entity.Company@80066e4
2022-05-09 14:56:35.133 [http-nio-8095-exec-1] INFO  com.jobseek.spring.dao.impl.CompanyDaoImpl - [getCompany] - 2
2022-05-09 14:56:35.135 [http-nio-8095-exec-1] INFO  com.jobseek.spring.dao.impl.CompanyDaoImpl - [RESULT - getCompany] - com.jobseek.spring.entity.Company@687875e2
2022-05-09 14:56:35.136 [http-nio-8095-exec-1] INFO  com.jobseek.spring.dao.impl.InterestedDaoImpl - [getJobPosting] - 4
2022-05-09 14:56:35.138 [http-nio-8095-exec-1] INFO  com.jobseek.spring.dao.impl.InterestedDaoImpl - [RESULT - getJobPosting] - com.jobseek.spring.entity.JobPosting@70049d8b
2022-05-09 14:56:42.041 [http-nio-8095-exec-2] INFO  com.jobseek.spring.dao.impl.InterestedDaoImpl - [updateJobPosting] - com.jobseek.spring.entity.JobPosting@48f0d582
2022-05-09 14:56:42.041 [http-nio-8095-exec-2] INFO  com.jobseek.spring.dao.impl.InterestedDaoImpl - [getJobPosting] - 4
2022-05-09 14:56:42.050 [http-nio-8095-exec-2] INFO  com.jobseek.spring.dao.impl.InterestedDaoImpl - [RESULT - getJobPosting] - com.jobseek.spring.entity.JobPosting@69b090af
2022-05-09 14:56:42.052 [http-nio-8095-exec-2] INFO  com.jobseek.spring.dao.impl.InterestedDaoImpl - [RESULT - updateJobPosting] - com.jobseek.spring.entity.JobPosting@69b090af
2022-05-09 14:56:42.067 [http-nio-8095-exec-2] INFO  com.jobseek.spring.dao.impl.CompanyDaoImpl - [getCompany] - 2
2022-05-09 14:56:42.067 [http-nio-8095-exec-2] INFO  com.jobseek.spring.dao.impl.CompanyDaoImpl - [RESULT - getCompany] - com.jobseek.spring.entity.Company@27a204de
2022-05-09 14:56:46.433 [http-nio-8095-exec-4] INFO  com.jobseek.spring.dao.impl.CompanyDaoImpl - [getCompany] - 2
2022-05-09 14:56:46.436 [http-nio-8095-exec-4] INFO  com.jobseek.spring.dao.impl.CompanyDaoImpl - [RESULT - getCompany] - com.jobseek.spring.entity.Company@60e0e472
2022-05-09 14:56:48.137 [http-nio-8095-exec-6] INFO  com.jobseek.spring.dao.impl.CompanyDaoImpl - [getJobsByCompany] - 2
2022-05-09 14:56:48.139 [http-nio-8095-exec-6] INFO  com.jobseek.spring.dao.impl.CompanyDaoImpl - [RESULT - getJobsByCompany] - [[Ljava.lang.Object;@4faa8160]
2022-05-09 14:56:48.152 [http-nio-8095-exec-6] INFO  com.jobseek.spring.dao.impl.CompanyDaoImpl - [getCompany] - 2
2022-05-09 14:56:48.156 [http-nio-8095-exec-6] INFO  com.jobseek.spring.dao.impl.CompanyDaoImpl - [RESULT - getCompany] - com.jobseek.spring.entity.Company@6cd6e0eb
2022-05-09 14:56:52.482 [http-nio-8095-exec-7] INFO  com.jobseek.spring.dao.impl.InterestedDaoImpl - [getJobPosting] - 4
2022-05-09 14:56:52.485 [http-nio-8095-exec-7] INFO  com.jobseek.spring.dao.impl.InterestedDaoImpl - [RESULT - getJobPosting] - com.jobseek.spring.entity.JobPosting@44ce2220
2022-05-09 14:56:52.487 [http-nio-8095-exec-7] INFO  com.jobseek.spring.dao.impl.CompanyDaoImpl - [getCompany] - 2
2022-05-09 14:56:52.488 [http-nio-8095-exec-7] INFO  com.jobseek.spring.dao.impl.CompanyDaoImpl - [RESULT - getCompany] - com.jobseek.spring.entity.Company@6e5c73ad
2022-05-09 14:56:55.638 [http-nio-8095-exec-9] INFO  com.jobseek.spring.dao.impl.InterestedDaoImpl - [getJobPosting] - 4
2022-05-09 14:56:55.642 [http-nio-8095-exec-9] INFO  com.jobseek.spring.dao.impl.InterestedDaoImpl - [RESULT - getJobPosting] - com.jobseek.spring.entity.JobPosting@43b57c68
2022-05-09 14:56:55.644 [http-nio-8095-exec-9] INFO  com.jobseek.spring.dao.impl.InterestedDaoImpl - [getJobPosting] - 4
2022-05-09 14:56:55.644 [http-nio-8095-exec-9] INFO  com.jobseek.spring.dao.impl.InterestedDaoImpl - [RESULT - getJobPosting] - com.jobseek.spring.entity.JobPosting@43b57c68
2022-05-09 14:56:55.645 [http-nio-8095-exec-9] INFO  com.jobseek.spring.dao.impl.CompanyDaoImpl - [getJobsByCompany] - 2
2022-05-09 14:56:55.648 [http-nio-8095-exec-9] INFO  com.jobseek.spring.dao.impl.CompanyDaoImpl - [RESULT - getJobsByCompany] - [[Ljava.lang.Object;@4b9b8240]
2022-05-09 14:56:55.650 [http-nio-8095-exec-9] INFO  com.jobseek.spring.dao.impl.InterestedDaoImpl - [deleteJobPosting] - 4
2022-05-09 14:56:55.650 [http-nio-8095-exec-9] INFO  com.jobseek.spring.dao.impl.InterestedDaoImpl - [getJobPosting] - 4
2022-05-09 14:56:55.650 [http-nio-8095-exec-9] INFO  com.jobseek.spring.dao.impl.InterestedDaoImpl - [RESULT - getJobPosting] - com.jobseek.spring.entity.JobPosting@43b57c68
2022-05-09 14:56:55.660 [http-nio-8095-exec-9] INFO  com.jobseek.spring.dao.impl.InterestedDaoImpl - [RESULT - deleteJobPosting] - true
2022-05-09 14:57:02.022 [http-nio-8095-exec-10] INFO  com.jobseek.spring.dao.impl.CompanyDaoImpl - [getCompany] - 2
2022-05-09 14:57:02.024 [http-nio-8095-exec-10] INFO  com.jobseek.spring.dao.impl.CompanyDaoImpl - [RESULT - getCompany] - com.jobseek.spring.entity.Company@26bf2dc
2022-05-09 14:57:04.637 [http-nio-8095-exec-2] INFO  com.jobseek.spring.dao.impl.CompanyDaoImpl - [getJobsByCompany] - 2
2022-05-09 14:57:04.639 [http-nio-8095-exec-2] INFO  com.jobseek.spring.dao.impl.CompanyDaoImpl - [RESULT - getJobsByCompany] - []
2022-05-09 14:57:04.640 [http-nio-8095-exec-2] INFO  com.jobseek.spring.dao.impl.CompanyDaoImpl - [getCompany] - 2
2022-05-09 14:57:04.643 [http-nio-8095-exec-2] INFO  com.jobseek.spring.dao.impl.CompanyDaoImpl - [RESULT - getCompany] - com.jobseek.spring.entity.Company@53ed49a8
2022-05-09 14:57:13.657 [http-nio-8095-exec-3] INFO  com.jobseek.spring.dao.impl.CompanyDaoImpl - [getJobsByCompany] - 2
2022-05-09 14:57:13.663 [http-nio-8095-exec-3] INFO  com.jobseek.spring.dao.impl.CompanyDaoImpl - [RESULT - getJobsByCompany] - []
2022-05-09 14:57:13.664 [http-nio-8095-exec-3] INFO  com.jobseek.spring.dao.impl.CompanyDaoImpl - [getCompany] - 2
2022-05-09 14:57:13.668 [http-nio-8095-exec-3] INFO  com.jobseek.spring.dao2022-05-09 16:54:00.885 [main] INFO  com.jobseek.spring.dao.impl.InterestedDaoImpl - [createJobSeeker] - com.jobseek.spring.entity.JobSeeker@6e3552b0
2022-05-09 16:54:00.994 [main] INFO  com.jobseek.spring.dao.impl.InterestedDaoImpl - [RESULT - createJobSeeker] - com.jobseek.spring.entity.JobSeeker@6e3552b0
2022-05-09 16:54:00.995 [main] INFO  com.jobseek.spring.dao.impl.InterestedDaoImpl - [updateJobSeeker] - com.jobseek.spring.entity.JobSeeker@6e3552b0
2022-05-09 16:54:00.996 [main] INFO  com.jobseek.spring.dao.impl.InterestedDaoImpl - [getJobSeeker] - 56
2022-05-09 16:54:00.997 [main] INFO  com.jobseek.spring.dao.impl.InterestedDaoImpl - [RESULT - getJobSeeker] - com.jobseek.spring.entity.JobSeeker@6e3552b0
2022-05-09 16:54:00.998 [main] INFO  com.jobseek.spring.dao.impl.InterestedDaoImpl - [RESULT - updateJobSeeker] - com.jobseek.spring.entity.JobSeeker@6e3552b0
2022-05-09 16:54:01.020 [main] INFO  com.jobseek.spring.dao.impl.CompanyDaoImpl - [createCompany] - com.jobseek.spring.entity.Company@76d654
2022-05-09 16:54:01.034 [main] INFO  com.jobseek.spring.dao.impl.CompanyDaoImpl - [RESULT - createCompany] - com.jobseek.spring.entity.Company@76d654
2022-05-09 16:54:01.035 [main] INFO  com.jobseek.spring.dao.impl.InterestedDaoImpl - [createJobPosting] - com.jobseek.spring.entity.JobPosting@283240b0 - 78
2022-05-09 16:54:01.042 [main] INFO  com.jobseek.spring.dao.impl.InterestedDaoImpl - [RESULT - createJobPosting] - com.jobseek.spring.entity.JobPosting@283240b0
2022-05-09 16:54:01.043 [main] INFO  com.jobseek.spring.dao.impl.InterestedDaoImpl - [filterJobs] - com.jobseek.spring.entity.JobPosting@283240b0 - [67]
2022-05-09 16:54:01.164 [main] INFO  com.jobseek.spring.dao.impl.InterestedDaoImpl - [RESULT - filterJobs] - [[Ljava.lang.Object;@1e0bae92]
2022-05-09 16:54:01.179 [main] INFO  com.jobseek.spring.dao.impl.InterestedDaoImpl - [createJobSeeker] - com.jobseek.spring.entity.JobSeeker@1227ea21
2022-05-09 16:54:01.183 [main] INFO  com.jobseek.spring.dao.impl.InterestedDaoImpl - [RESULT - createJobSeeker] - com.jobseek.spring.entity.JobSeeker@1227ea21
2022-05-09 16:54:01.183 [main] INFO  com.jobseek.spring.dao.impl.InterestedDaoImpl - [verify] - com.jobseek.spring.entity.JobSeeker@1227ea21
2022-05-09 16:54:01.183 [main] INFO  com.jobseek.spring.dao.impl.InterestedDaoImpl - [getJobSeeker] - 57
2022-05-09 16:54:01.184 [main] INFO  com.jobseek.spring.dao.impl.InterestedDaoImpl - [RESULT - getJobSeeker] - com.jobseek.spring.entity.JobSeeker@1227ea21
2022-05-09 16:54:01.184 [main] INFO  com.jobseek.spring.dao.impl.InterestedDaoImpl - [RESULT - verify] - true
2022-05-09 16:54:01.185 [main] INFO  com.jobseek.spring.dao.impl.InterestedDaoImpl - [getJobSeeker] - 57
2022-05-09 16:54:01.185 [main] INFO  com.jobseek.spring.dao.impl.InterestedDaoImpl - [RESULT - getJobSeeker] - com.jobseek.spring.entity.JobSeeker@1227ea21
2022-05-09 16:54:01.204 [main] INFO  com.jobseek.spring.dao.impl.InterestedDaoImpl - [createJobSeeker] - com.jobseek.spring.entity.JobSeeker@11c68269
2022-05-09 16:54:01.207 [main] INFO  com.jobseek.spring.dao.impl.InterestedDaoImpl - [RESULT - createJobSeeker] - com.jobseek.spring.entity.JobSeeker@11c68269
2022-05-09 16:54:01.209 [main] INFO  com.jobseek.spring.dao.impl.InterestedDaoImpl - [PasswordLookUp] - newjobseeker@gmail.com
2022-05-09 16:54:01.212 [main] INFO  com.jobseek.spring.dao.impl.InterestedDaoImpl - [RESULT - PasswordLookUp] - [123]
2022-05-09 16:54:01.224 [main] INFO  com.jobseek.spring.dao.impl.InterestedDaoImpl - [createJobSeeker] - com.jobseek.spring.entity.JobSeeker@5cb42eb2
2022-05-09 16:54:01.226 [main] INFO  com.jobseek.spring.dao.impl.InterestedDaoImpl - [RESULT - createJobSeeker] - com.jobseek.spring.entity.JobSeeker@5cb42eb2
2022-05-09 16:54:01.226 [main] INFO  com.jobseek.spring.dao.impl.CompanyDaoImpl - [createCompany] - com.jobseek.spring.entity.Company@2aa85cc4
2022-05-09 16:54:01.228 [main] INFO  com.jobseek.spring.dao.impl.CompanyDaoImpl - [RESULT - createCompany] - com.jobseek.spring.entity.Company@2aa85cc4
2022-05-09 16:54:01.229 [main] INFO  com.jobseek.spring.dao.impl.InterestedDaoImpl - [createJobPosting] - com.jobseek.spring.entity.JobPosting@2f89b44e - 79
2022-05-09 16:54:01.236 [main] INFO  com.jobseek.spring.dao.impl.InterestedDaoImpl - [RESULT - createJobPosting] - com.jobseek.spring.entity.JobPosting@2f89b44e
2022-05-09 16:54:01.237 [main] INFO  com.jobseek.spring.dao.impl.InterestedDaoImpl - [searchJobs] - Trend
2022-05-09 16:54:01.243 [main] INFO  com.jobseek.spring.dao.impl.InterestedDaoImpl - RESUTL - searchJobs] - [68]
2022-05-09 16:54:01.258 [main] INFO  com.jobseek.spring.dao.impl.InterestedDaoImpl - [createJobSeeker] - com.jobseek.spring.entity.JobSeeker@2ca4b010
2022-05-09 16:54:01.261 [main] INFO  com.jobseek.spring.dao.impl.InterestedDaoImpl - [RESULT - createJobSeeker] - com.jobseek.spring.entity.JobSeeker@2ca4b010
2022-05-09 16:54:01.278 [main] INFO  com.jobseek.spring.dao.impl.InterestedDaoImpl - [createJobSeeker] - com.jobseek.spring.entity.JobSeeker@1737acc0
2022-05-09 16:54:01.283 [main] INFO  com.jobseek.spring.dao.impl.InterestedDaoImpl - [RESULT - createJobSeeker] - com.jobseek.spring.entity.JobSeeker@1737acc0
2022-05-09 16:54:01.283 [main] INFO  com.jobseek.spring.dao.impl.InterestedDaoImpl - [getJobSeeker] - 61
2022-05-09 16:54:01.283 [main] INFO  com.jobseek.spring.dao.impl.InterestedDaoImpl - [RESULT - getJobSeeker] - com.jobseek.spring.entity.JobSeeker@1737acc0
2022-05-09 16:54:01.295 [main] INFO  com.jobseek.spring.dao.impl.InterestedDaoImpl - [createJobSeeker] - com.jobseek.spring.entity.JobSeeker@108a7fff
2022-05-09 16:54:01.302 [main] INFO  com.jobseek.spring.dao.impl.InterestedDaoImpl - [RESULT - createJobSeeker] - com.jobseek.spring.entity.JobSeeker@108a7fff
2022-05-09 16:54:01.303 [main] INFO  com.jobseek.spring.dao.impl.InterestedDaoImpl - [getUserIdFromEmail] - newjobseeker@gmail.com
2022-05-09 16:54:01.306 [main] INFO  com.jobseek.spring.dao.impl.InterestedDaoImpl - [RESULT - getUserIdFromEmail] - [62]
2022-05-09 16:54:01.339 [main] INFO  com.jobseek.spring.dao.impl.CompanyDaoImpl - [createCompany] - com.jobseek.spring.entity.Company@4aa4bfa1
2022-05-09 16:54:01.342 [main] INFO  com.jobseek.spring.dao.impl.CompanyDaoImpl - [RESULT - createCompany] - com.jobseek.spring.entity.Company@4aa4bfa1
2022-05-09 16:54:01.342 [main] INFO  com.jobseek.spring.dao.impl.CompanyDaoImpl - [getJobsByCompany] - 80
2022-05-09 16:54:01.347 [main] INFO  com.jobseek.spring.dao.impl.CompanyDaoImpl - [RESULT - getJobsByCompany] - []
2022-05-09 16:54:01.347 [main] INFO  com.jobseek.spring.dao.impl.InterestedDaoImpl - [createJobPosting] - com.jobseek.spring.entity.JobPosting@3459ccd9 - 80
2022-05-09 16:54:01.355 [main] INFO  com.jobseek.spring.dao.impl.InterestedDaoImpl - [RESULT - createJobPosting] - com.jobseek.spring.entity.JobPosting@3459ccd9
2022-05-09 16:54:01.356 [main] INFO  com.jobseek.spring.dao.impl.InterestedDaoImpl - [createJobPosting] - com.jobseek.spring.entity.JobPosting@2512eaaa - 80
2022-05-09 16:54:01.358 [main] INFO  com.jobseek.spring.dao.impl.InterestedDaoImpl - [RESULT - createJobPosting] - com.jobseek.spring.entity.JobPosting@2512eaaa
2022-05-09 16:54:01.358 [main] INFO  com.jobseek.spring.dao.impl.CompanyDaoImpl - [getJobsByCompany] - 80
2022-05-09 16:54:01.361 [main] INFO  com.jobseek.spring.dao.impl.CompanyDaoImpl - [RESULT - getJobsByCompany] - [[Ljava.lang.Object;@6ba8859b, [Ljava.lang.Object;@2c841ac4]
2022-05-09 16:54:01.377 [main] INFO  com.jobseek.spring.dao.impl.CompanyDaoImpl - [createCompany] - com.jobseek.spring.entity.Company@4e293c35
2022-05-09 16:54:01.380 [main] INFO  com.jobseek.spring.dao.impl.CompanyDaoImpl - [RESULT - createCompany] - com.jobseek.spring.entity.Company@4e293c35
2022-05-09 16:54:01.398 [main] INFO  com.jobseek.spring.dao.impl.CompanyDaoImpl - [createCompany] - com.jobseek.spring.entity.Company@77035caa
2022-05-09 16:54:01.400 [main] INFO  com.jobseek.spring.dao.impl.CompanyDaoImpl - [RESULT - createCompany] - com.jobseek.spring.entity.Company@77035caa
2022-05-09 16:54:01.401 [main] INFO  com.jobseek.spring.dao.impl.CompanyDaoImpl - [verify] - com.jobseek.spring.entity.Company@77035caa
2022-05-09 16:54:01.401 [main] INFO  com.jobseek.spring.dao.impl.CompanyDaoImpl - [getCompany] - 82
2022-05-09 16:54:01.402 [main] INFO  com.jobseek.spring.dao.impl.CompanyDaoImpl - [RESULT - getCompany] - com.jobseek.spring.entity.Company@77035caa
2022-05-09 16:54:01.403 [main] INFO  com.jobseek.spring.dao.impl.CompanyDaoImpl - [RESULT - verify] - com.jobseek.spring.entity.Company@77035caa
2022-05-09 16:54:01.403 [main] INFO  com.jobseek.spring.dao.impl.CompanyDaoImpl - [getCompany] - 82
2022-05-09 16:54:01.403 [main] INFO  com.jobseek.spring.dao.impl.CompanyDaoImpl - [RESULT - getCompany] - com.jobseek.spring.entity.Company@77035caa
2022-05-09 16:54:01.420 [main] INFO  com.jobseek.spring.dao.impl.CompanyDaoImpl - [createCompany] - com.jobseek.spring.entity.Company@5180f430
2022-05-09 16:54:01.424 [main] INFO  com.jobseek.spring.dao.impl.CompanyDaoImpl - [RESULT - createCompany] - com.jobseek.spring.entity.Company@5180f430
2022-05-09 16:54:01.425 [main] INFO  com.jobseek.spring.dao.impl.CompanyDaoImpl - [PasswordLookUp] - testcomp1@gmail.com
2022-05-09 16:54:01.430 [main] INFO  com.jobseek.spring.dao.impl.CompanyDaoImpl - [Result - PasswordLookUp] - [testpswd]
2022-05-09 16:54:01.459 [main] INFO  com.jobseek.spring.dao.impl.CompanyDaoImpl - [createCompany] - com.jobseek.spring.entity.Company@3d7d920b
2022-05-09 16:54:01.462 [main] INFO  com.jobseek.spring.dao.impl.CompanyDaoImpl - [RESULT - createCompany] - com.jobseek.spring.entity.Company@3d7d920b
2022-05-09 16:54:01.463 [main] INFO  com.jobseek.spring.dao.impl.CompanyDaoImpl - [updateCompany] - com.jobseek.spring.entity.Company@3d7d920b
2022-05-09 16:54:01.463 [main] INFO  com.jobseek.spring.dao.impl.CompanyDaoImpl - [getCompany] - 84
2022-05-09 16:54:01.464 [main] INFO  com.jobseek.spring.dao.impl.CompanyDaoImpl - [RESULT - getCompany] - com.jobseek.spring.entity.Company@3d7d920b
2022-05-09 16:54:01.464 [main] INFO  com.jobseek.spring.dao.impl.CompanyDaoImpl - [RESULT - updateCompany] - com.jobseek.spring.entity.Company@3d7d920b
2022-05-09 16:54:01.465 [main] INFO  com.jobseek.spring.dao.impl.CompanyDaoImpl - [getCompany] - 84
2022-05-09 16:54:01.465 [main] INFO  com.jobseek.spring.dao.impl.CompanyDaoImpl - [RESULT - getCompany] - com.jobseek.spring.entity.Company@3d7d920b
2022-05-09 16:54:01.489 [main] INFO  com.jobseek.spring.dao.impl.CompanyDaoImpl - [createCompany] - com.jobseek.spring.entity.Company@436867c3
2022-05-09 16:54:01.494 [main] INFO  com.jobseek.spring.dao.impl.CompanyDaoImpl - [RESULT - createCompany] - com.jobseek.spring.entity.Company@436867c3
2022-05-09 16:54:01.494 [main] INFO  com.jobseek.spring.dao.impl.CompanyDaoImpl - [getCompany] - 85
2022-05-09 16:54:01.495 [main] INFO  com.jobseek.spring.dao.impl.CompanyDaoImpl - [RESULT - getCompany] - com.jobseek.spring.entity.Company@436867c3
2022-05-09 16:54:01.508 [main] INFO  com.jobseek.spring.dao.impl.CompanyDaoImpl - [createCompany] - com.jobseek.spring.entity.Company@77b7a4b2
2022-05-09 16:54:01.512 [main] INFO  com.jobseek.spring.dao.impl.CompanyDaoImpl - [RESULT - createCompany] - com.jobseek.spring.entity.Company@77b7a4b2
2022-05-09 16:54:01.550 [main] INFO  com.jobseek.spring.dao.impl.InterestedDaoImpl - [createJobSeeker] - com.jobseek.spring.entity.JobSeeker@3b870ed3
2022-05-09 16:54:01.555 [main] INFO  com.jobseek.spring.dao.impl.InterestedDaoImpl - [RESULT - createJobSeeker] - com.jobseek.spring.entity.JobSeeker@3b870ed3
2022-05-09 16:54:01.556 [main] INFO  com.jobseek.spring.dao.impl.CompanyDaoImpl - [createCompany] - com.jobseek.spring.entity.Company@551fefe8
2022-05-09 16:54:01.557 [main] INFO  com.jobseek.spring.dao.impl.CompanyDaoImpl - [RESULT - createCompany] - com.jobseek.spring.entity.Company@551fefe8
2022-05-09 16:54:01.558 [main] INFO  com.jobseek.spring.dao.impl.InterestedDaoImpl - [createJobPosting] - com.jobseek.spring.entity.JobPosting@65e639f2 - 87
2022-05-09 16:54:01.560 [main] INFO  com.jobseek.spring.dao.impl.InterestedDaoImpl - [RESULT - createJobPosting] - com.jobseek.spring.entity.JobPosting@65e639f2
2022-05-09 16:54:01.560 [main] INFO  com.jobseek.spring.dao.impl.InterestedDaoImpl - [apply] - 63 - 71 - true - home/documets/resumes
2022-05-09 16:54:01.567 [main] INFO  com.jobseek.spring.dao.impl.InterestedDaoImpl - [RESULT - apply] - com.jobseek.spring.entity.JobApplication@e4b9a64
2022-05-09 16:54:01.568 [main] INFO  com.jobseek.spring.dao.impl.InterestedDaoImpl - [getJobApplicatino] - 22
2022-05-09 16:54:01.568 [main] INFO  com.jobseek.spring.dao.impl.InterestedDaoImpl - [RESULT - getJobApplication] - com.jobseek.spring.entity.JobApplication@e4b9a64
2022-05-09 16:54:01.588 [main] INFO  com.jobseek.spring.dao.impl.InterestedDaoImpl - [createJobSeeker] - com.jobseek.spring.entity.JobSeeker@47db5b8f
2022-05-09 16:54:01.591 [main] INFO  com.jobseek.spring.dao.impl.InterestedDaoImpl - [RESULT - createJobSeeker] - com.jobseek.spring.entity.JobSeeker@47db5b8f
2022-05-09 16:54:01.592 [main] INFO  com.jobseek.spring.dao.impl.CompanyDaoImpl - [createCompany] - com.jobseek.spring.entity.Company@a49995f
2022-05-09 16:54:01.593 [main] INFO  com.jobseek.spring.dao.impl.CompanyDaoImpl - [RESULT - createCompany] - com.jobseek.spring.entity.Company@a49995f
2022-05-09 16:54:01.594 [main] INFO  com.jobseek.spring.dao.impl.InterestedDaoImpl - [createJobPosting] - com.jobseek.spring.entity.JobPosting@3edc999f - 88
2022-05-09 16:54:01.596 [main] INFO  com.jobseek.spring.dao.impl.InterestedDaoImpl - [RESULT - createJobPosting] - com.jobseek.spring.entity.JobPosting@3edc999f
2022-05-09 16:54:01.596 [main] INFO  com.jobseek.spring.dao.impl.InterestedDaoImpl - [apply] - 64 - 72 - true - home/documets/resumes
2022-05-09 16:54:01.598 [main] INFO  com.jobseek.spring.dao.impl.InterestedDaoImpl - [RESULT - apply] - com.jobseek.spring.entity.JobApplication@32ff3c98
2022-05-09 16:54:01.598 [main] INFO  com.jobseek.spring.dao.impl.InterestedDaoImpl - [getJobApplicationsbyjobIdAndUserId] - 72 - 64
2022-05-09 16:54:01.616 [main] INFO  com.jobseek.spring.dao.impl.InterestedDaoImpl - [RESULT - getJobApplicationsbyjobIdAndUserId] - [[Ljava.lang.Object;@485dfac9]
2022-05-09 16:54:01.635 [main] INFO  com.jobseek.spring.dao.impl.InterestedDaoImpl - [createJobSeeker] - com.jobseek.spring.entity.JobSeeker@63f093a
2022-05-09 16:54:01.638 [main] INFO  com.jobseek.spring.dao.impl.InterestedDaoImpl - [RESULT - createJobSeeker] - com.jobseek.spring.entity.JobSeeker@63f093a
2022-05-09 16:54:01.638 [main] INFO  com.jobseek.spring.dao.impl.CompanyDaoImpl - [createCompany] - com.jobseek.spring.entity.Company@7d90d4c6
2022-05-09 16:54:01.640 [main] INFO  com.jobseek.spring.dao.impl.CompanyDaoImpl - [RESULT - createCompany] - com.jobseek.spring.entity.Company@7d90d4c6
2022-05-09 16:54:01.640 [main] INFO  com.jobseek.spring.dao.impl.InterestedDaoImpl - [createJobPosting] - com.jobseek.spring.entity.JobPosting@7e383712 - 89
2022-05-09 16:54:01.643 [main] INFO  com.jobseek.spring.dao.impl.InterestedDaoImpl - [RESULT - createJobPosting] - com.jobseek.spring.entity.JobPosting@7e383712
2022-05-09 16:54:01.643 [main] INFO  com.jobseek.spring.dao.impl.InterestedDaoImpl - [apply] - 65 - 73 - true - home/documets/resumes
2022-05-09 16:54:01.645 [main] INFO  com.jobseek.spring.dao.impl.InterestedDaoImpl - [RESULT - apply] - com.jobseek.spring.entity.JobApplication@2cc3b0a7
2022-05-09 16:54:01.646 [main] INFO  com.jobseek.spring.dao.impl.InterestedDaoImpl - [cancel] - 24
2022-05-09 16:54:01.646 [main] INFO  com.jobseek.spring.dao.impl.InterestedDaoImpl - [getJobApplicatino] - 24
2022-05-09 16:54:01.646 [main] INFO  com.jobseek.spring.dao.impl.InterestedDaoImpl - [RESULT - getJobApplication] - com.jobseek.spring.entity.JobApplication@2cc3b0a7
2022-05-09 16:54:01.646 [main] INFO  com.jobseek.spring.dao.impl.InterestedDaoImpl - [RESULT - cancel] - true
2022-05-09 16:54:01.658 [main] INFO  com.jobseek.spring.dao.impl.InterestedDaoImpl - [createJobSeeker] - com.jobseek.spring.entity.JobSeeker@6f2f4b9e
2022-05-09 16:54:01.661 [main] INFO  com.jobseek.spring.dao.impl.InterestedDaoImpl - [RESULT - createJobSeeker] - com.jobseek.spring.entity.JobSeeker@6f2f4b9e
2022-05-09 16:54:01.661 [main] INFO  com.jobseek.spring.dao.impl.CompanyDaoImpl - [createCompany] - com.jobseek.spring.entity.Company@4e396d1c
2022-05-09 16:54:01.667 [main] INFO  com.jobseek.spring.dao.impl.CompanyDaoImpl - [RESULT - createCompany] - com.jobseek.spring.entity.Company@4e396d1c
2022-05-09 16:54:01.668 [main] INFO  com.jobseek.spring.dao.impl.InterestedDaoImpl - [createJobPosting] - com.jobseek.spring.entity.JobPosting@7d412ab5 - 90
2022-05-09 16:54:01.670 [main] INFO  com.jobseek.spring.dao.impl.InterestedDaoImpl - [RESULT - createJobPosting] - com.jobseek.spring.entity.JobPosting@7d412ab5
2022-05-09 16:54:01.670 [main] INFO  com.jobseek.spring.dao.impl.InterestedDaoImpl - [apply] - 66 - 74 - true - home/documets/resumes
2022-05-09 16:54:01.673 [main] INFO  com.jobseek.spring.dao.impl.InterestedDaoImpl - [RESULT - apply] - com.jobseek.spring.entity.JobApplication@2045a469
2022-05-09 16:54:01.673 [main] INFO  com.jobseek.spring.dao.impl.InterestedDaoImpl - [modifyJobApplicationStatus] - 25 - 1
2022-05-09 16:54:01.673 [main] INFO  com.jobseek.spring.dao.impl.InterestedDaoImpl - [getJobApplicatino] - 25
2022-05-09 16:54:01.674 [main] INFO  com.jobseek.spring.dao.impl.InterestedDaoImpl - [RESULT - getJobApplication] - com.jobseek.spring.entity.JobApplication@2045a469
2022-05-09 16:54:01.674 [main] INFO  com.jobseek.spring.dao.impl.InterestedDaoImpl - [RESUTL - modifyJobApplicationStatus] - com.jobseek.spring.entity.JobApplication@2045a469
2022-05-09 16:54:01.713 [main] INFO  com.jobseek.spring.dao.impl.InterestedDaoImpl - [createJobSeeker] - com.jobseek.spring.entity.JobSeeker@698e2cba
2022-05-09 16:54:01.717 [main] INFO  com.jobseek.spring.dao.impl.InterestedDaoImpl - [RESULT - createJobSeeker] - com.jobseek.spring.entity.JobSeeker@698e2cba
2022-05-09 16:54:01.717 [main] INFO  com.jobseek.spring.dao.impl.CompanyDaoImpl - [createCompany] - com.jobseek.spring.entity.Company@5b076d23
2022-05-09 16:54:01.719 [main] INFO  com.jobseek.spring.dao.impl.CompanyDaoImpl - [RESULT - createCompany] - com.jobseek.spring.entity.Company@5b076d23
2022-05-09 16:54:01.719 [main] INFO  com.jobseek.spring.dao.impl.InterestedDaoImpl - [createJobPosting] - com.jobseek.spring.entity.JobPosting@2197990b - 91
2022-05-09 16:54:01.722 [main] INFO  com.jobseek.spring.dao.impl.InterestedDaoImpl - [RESULT - createJobPosting] - com.jobseek.spring.entity.JobPosting@2197990b
2022-05-09 16:54:01.722 [main] INFO  com.jobseek.spring.dao.impl.InterestedDaoImpl - [apply] - 67 - 75 - true - home/documets/resumes
2022-05-09 16:54:01.724 [main] INFO  com.jobseek.spring.dao.impl.InterestedDaoImpl - [RESULT - apply] - com.jobseek.spring.entity.JobApplication@578cd644
2022-05-09 16:54:01.742 [main] INFO  com.jobseek.spring.dao.impl.InterestedDaoImpl - [createJobSeeker] - com.jobseek.spring.entity.JobSeeker@21dd405a
2022-05-09 16:54:01.745 [main] INFO  com.jobseek.spring.dao.impl.InterestedDaoImpl - [RESULT - createJobSeeker] - com.jobseek.spring.entity.JobSeeker@21dd405a
2022-05-09 16:54:01.745 [main] INFO  com.jobseek.spring.dao.impl.CompanyDaoImpl - [createCompany] - com.jobseek.spring.entity.Company@41a18b54
2022-05-09 16:54:01.747 [main] INFO  com.jobseek.spring.dao.impl.CompanyDaoImpl - [RESULT - createCompany] - com.jobseek.spring.entity.Company@41a18b54
2022-05-09 16:54:01.748 [main] INFO  com.jobseek.spring.dao.impl.InterestedDaoImpl - [createJobPosting] - com.jobseek.spring.entity.JobPosting@2a12389e - 92
2022-05-09 16:54:01.749 [main] INFO  com.jobseek.spring.dao.impl.InterestedDaoImpl - [RESULT - createJobPosting] - com.jobseek.spring.entity.JobPosting@2a12389e
2022-05-09 16:54:01.749 [main] INFO  com.jobseek.spring.dao.impl.InterestedDaoImpl - [apply] - 68 - 76 - true - home/documets/resumes
2022-05-09 16:54:01.751 [main] INFO  com.jobseek.spring.dao.impl.InterestedDaoImpl - [RESULT - apply] - com.jobseek.spring.entity.JobApplication@3e02988
2022-05-09 16:54:01.751 [main] INFO  com.jobseek.spring.dao.impl.InterestedDaoImpl - [updateApplication] - com.jobseek.spring.entity.JobApplication@3e02988
2022-05-09 16:54:01.752 [main] INFO  com.jobseek.spring.dao.impl.InterestedDaoImpl - [RESULT - updateApplication] - true
2022-05-09 16:54:01.752 [main] INFO  com.jobseek.spring.dao.impl.InterestedDaoImpl - [getJobApplicatino] - 27
2022-05-09 16:54:01.752 [main] INFO  com.jobseek.spring.dao.impl.InterestedDaoImpl - [RESULT - getJobApplication] - com.jobseek.spring.entity.JobApplication@3e02988
2022-05-09 16:54:01.770 [main] INFO  com.jobseek.spring.dao.impl.InterestedDaoImpl - [createJobSeeker] - com.jobseek.spring.entity.JobSeeker@4973fb7d
2022-05-09 16:54:01.774 [main] INFO  com.jobseek.spring.dao.impl.InterestedDaoImpl - [RESULT - createJobSeeker] - com.jobseek.spring.entity.JobSeeker@4973fb7d
2022-05-09 16:54:01.775 [main] INFO  com.jobseek.spring.dao.impl.CompanyDaoImpl - [createCompany] - com.jobseek.spring.entity.Company@554a4d18
2022-05-09 16:54:01.778 [main] INFO  com.jobseek.spring.dao.impl.CompanyDaoImpl - [RESULT - createCompany] - com.jobseek.spring.entity.Company@554a4d18
2022-05-09 16:54:01.791 [main] INFO  com.jobseek.spring.dao.impl.InterestedDaoImpl - [createJobPosting] - com.jobseek.spring.entity.JobPosting@47166740 - 93
2022-05-09 16:54:01.795 [main] INFO  com.jobseek.spring.dao.impl.InterestedDaoImpl - [RESULT - createJobPosting] - com.jobseek.spring.entity.JobPosting@47166740
2022-05-09 16:54:01.795 [main] INFO  com.jobseek.spring.dao.impl.InterestedDaoImpl - [apply] - 69 - 77 - true - home/documets/resumes
2022-05-09 16:54:01.801 [main] INFO  com.jobseek.spring.dao.impl.InterestedDaoImpl - [RESULT - apply] - com.jobseek.spring.entity.JobApplication@731a5a39
2022-05-09 16:54:01.802 [main] INFO  com.jobseek.spring.dao.impl.InterestedDaoImpl - [getJobApplicationsbyjobId] - 77
2022-05-09 16:54:01.809 [main] INFO  com.jobseek.spring.dao.impl.InterestedDaoImpl - [RESULT - getJobApplicationbyjobId] - [[Ljava.lang.Object;@38410ce5]
2022-05-09 16:54:01.828 [main] INFO  com.jobseek.spring.dao.impl.CompanyDaoImpl - [createCompany] - com.jobseek.spring.entity.Company@1791670e
2022-05-09 16:54:01.834 [main] INFO  com.jobseek.spring.dao.impl.CompanyDaoImpl - [RESULT - createCompany] - com.jobseek.spring.entity.Company@1791670e
2022-05-09 16:54:01.834 [main] INFO  com.jobseek.spring.dao.impl.InterestedDaoImpl - [createJobPosting] - com.jobseek.spring.entity.JobPosting@4a467f08 - 94
2022-05-09 16:54:01.837 [main] INFO  com.jobseek.spring.dao.impl.InterestedDaoImpl - [RESULT - createJobPosting] - com.jobseek.spring.entity.JobPosting@4a467f08
2022-05-09 16:54:01.838 [main] INFO  com.jobseek.spring.dao.impl.InterestedDaoImpl - ]getCompanyJobPostingIds] - 94
2022-05-09 16:54:01.844 [main] INFO  com.jobseek.spring.dao.impl.InterestedDaoImpl - [RESULT - getCompanyJobPostingIds] - [78]
2022-05-09 16:54:01.854 [main] INFO  com.jobseek.spring.dao.impl.CompanyDaoImpl - [createCompany] - com.jobseek.spring.entity.Company@26c24e5
2022-05-09 16:54:01.856 [main] INFO  com.jobseek.spring.dao.impl.CompanyDaoImpl - [RESULT - createCompany] - com.jobseek.spring.entity.Company@26c24e5
2022-05-09 16:54:01.857 [main] INFO  com.jobseek.spring.dao.impl.InterestedDaoImpl - [createJobPosting] - com.jobseek.spring.entity.JobPosting@22277482 - 95
2022-05-09 16:54:01.859 [main] INFO  com.jobseek.spring.dao.impl.InterestedDaoImpl - [RESULT - createJobPosting] - com.jobseek.spring.entity.JobPosting@22277482
2022-05-09 16:54:01.871 [main] INFO  com.jobseek.spring.dao.impl.CompanyDaoImpl - [createCompany] - com.jobseek.spring.entity.Company@4dfe14d4
2022-05-09 16:54:01.877 [main] INFO  com.jobseek.spring.dao.impl.CompanyDaoImpl - [RESULT - createCompany] - com.jobseek.spring.entity.Company@4dfe14d4
2022-05-09 16:54:01.877 [main] INFO  com.jobseek.spring.dao.impl.InterestedDaoImpl - [createJobPosting] - com.jobseek.spring.entity.JobPosting@42c2a1da - 96
2022-05-09 16:54:01.880 [main] INFO  com.jobseek.spring.dao.impl.InterestedDaoImpl - [RESULT - createJobPosting] - com.jobseek.spring.entity.JobPosting@42c2a1da
2022-05-09 16:54:01.881 [main] INFO  com.jobseek.spring.dao.impl.InterestedDaoImpl - [deleteJobPosting] - 80
2022-05-09 16:54:01.881 [main] INFO  com.jobseek.spring.dao.impl.InterestedDaoImpl - [getJobPosting] - 80
2022-05-09 16:54:01.881 [main] INFO  com.jobseek.spring.dao.impl.InterestedDaoImpl - [RESULT - getJobPosting] - com.jobseek.spring.entity.JobPosting@42c2a1da
2022-05-09 16:54:01.881 [main] INFO  com.jobseek.spring.dao.impl.InterestedDaoImpl - [RESULT - deleteJobPosting] - true
2022-05-09 16:54:01.892 [main] INFO  com.jobseek.spring.dao.impl.CompanyDaoImpl - [createCompany] - com.jobseek.spring.entity.Company@5ce593bc
2022-05-09 16:54:01.894 [main] INFO  com.jobseek.spring.dao.impl.CompanyDaoImpl - [RESULT - createCompany] - com.jobseek.spring.entity.Company@5ce593bc
2022-05-09 16:54:01.894 [main] INFO  com.jobseek.spring.dao.impl.InterestedDaoImpl - [createJobPosting] - com.jobseek.spring.entity.JobPosting@7ec63b9a - 97
2022-05-09 16:54:01.901 [main] INFO  com.jobseek.spring.dao.impl.InterestedDaoImpl - [RESULT - createJobPosting] - com.jobseek.spring.entity.JobPosting@7ec63b9a
2022-05-09 16:54:01.901 [main] INFO  com.jobseek.spring.dao.impl.InterestedDaoImpl - [updateJobPosting] - com.jobseek.spring.entity.JobPosting@7ec63b9a
2022-05-09 16:54:01.901 [main] INFO  com.jobseek.spring.dao.impl.InterestedDaoImpl - [getJobPosting] - 81
2022-05-09 16:54:01.901 [main] INFO  com.jobseek.spring.dao.impl.InterestedDaoImpl - [RESULT - getJobPosting] - com.jobseek.spring.entity.JobPosting@7ec63b9a
2022-05-09 16:54:01.902 [main] INFO  com.jobseek.spring.dao.impl.InterestedDaoImpl - [RESULT - updateJobPosting] - com.jobseek.spring.entity.JobPosting@7ec63b9a
2022-05-09 16:54:01.913 [main] INFO  com.jobseek.spring.dao.impl.CompanyDaoImpl - [createCompany] - com.jobseek.spring.entity.Company@65b17373
2022-05-09 16:54:01.915 [main] INFO  com.jobseek.spring.dao.impl.CompanyDaoImpl - [RESULT - createCompany] - com.jobseek.spring.entity.Company@65b17373
2022-05-09 16:54:01.916 [main] INFO  com.jobseek.spring.dao.impl.InterestedDaoImpl - [createJobPosting] - com.jobseek.spring.entity.JobPosting@2eebb07 - 98
2022-05-09 16:54:01.917 [main] INFO  com.jobseek.spring.dao.impl.InterestedDaoImpl - [RESULT - createJobPosting] - com.jobseek.spring.entity.JobPosting@2eebb07
2022-05-09 16:54:01.918 [main] INFO  com.jobseek.spring.dao.impl.InterestedDaoImpl - [getJobPosting] - 82
2022-05-09 16:54:01.918 [main] INFO  com.jobseek.spring.dao.impl.InterestedDaoImpl - [RESULT - getJobPosting] - com.jobseek.spring.entity.JobPosting@2eebb07
2022-05-09 16:54:01.943 [main] INFO  com.jobseek.spring.dao.impl.InterestedDaoImpl - [createJobSeeker] - com.jobseek.spring.entity.JobSeeker@38007ead
2022-05-09 16:54:01.946 [main] INFO  com.jobseek.spring.dao.impl.InterestedDaoImpl - [RESULT - createJobSeeker] - com.jobseek.spring.entity.JobSeeker@38007ead
2022-05-09 16:54:01.946 [main] INFO  com.jobseek.spring.dao.impl.CompanyDaoImpl - [createCompany] - com.jobseek.spring.entity.Company@1bce19db
2022-05-09 16:54:01.947 [main] INFO  com.jobseek.spring.dao.impl.CompanyDaoImpl - [RESULT - createCompany] - com.jobseek.spring.entity.Company@1bce19db
2022-05-09 16:54:01.947 [main] INFO  com.jobseek.spring.dao.impl.InterestedDaoImpl - [createJobPosting] - com.jobseek.spring.entity.JobPosting@276ae21c - 99
2022-05-09 16:54:01.948 [main] INFO  com.jobseek.spring.dao.impl.InterestedDaoImpl - [RESULT - createJobPosting] - com.jobseek.spring.entity.JobPosting@276ae21c
2022-05-09 16:54:01.949 [main] INFO  com.jobseek.spring.dao.impl.InterestedDaoImpl - [createInterest] - com.jobseek.spring.entity.Interested@57cd77e1
2022-05-09 16:54:01.953 [main] INFO  com.jobseek.spring.dao.impl.InterestedDaoImpl - [RESULT - createInterest] - com.jobseek.spring.entity.Interested@57cd77e1
2022-05-09 16:54:01.953 [main] INFO  com.jobseek.spring.dao.impl.InterestedDaoImpl - [getInterest] - 16
2022-05-09 16:54:01.954 [main] INFO  com.jobseek.spring.dao.impl.InterestedDaoImpl - [RESULT - getInterest] - com.jobseek.spring.entity.Interested@57cd77e1
2022-05-09 16:54:01.964 [main] INFO  com.jobseek.spring.dao.impl.InterestedDaoImpl - [createJobSeeker] - com.jobseek.spring.entity.JobSeeker@5f9b37b5
2022-05-09 16:54:01.966 [main] INFO  com.jobseek.spring.dao.impl.InterestedDaoImpl - [RESULT - createJobSeeker] - com.jobseek.spring.entity.JobSeeker@5f9b37b5
2022-05-09 16:54:01.967 [main] INFO  com.jobseek.spring.dao.impl.InterestedDaoImpl - [getUserIdFromEmail] - newjobseeker@gmail.com
2022-05-09 16:54:01.969 [main] INFO  com.jobseek.spring.dao.impl.InterestedDaoImpl - [RESULT - getUserIdFromEmail] - [71]
2022-05-09 16:54:01.969 [main] INFO  com.jobseek.spring.dao.impl.CompanyDaoImpl - [createCompany] - com.jobseek.spring.entity.Company@48a2fb11
2022-05-09 16:54:01.971 [main] INFO  com.jobseek.spring.dao.impl.CompanyDaoImpl - [RESULT - createCompany] - com.jobseek.spring.entity.Company@48a2fb11
2022-05-09 16:54:01.971 [main] INFO  com.jobseek.spring.dao.impl.InterestedDaoImpl - [createJobPosting] - com.jobseek.spring.entity.JobPosting@cede70a - 100
2022-05-09 16:54:01.974 [main] INFO  com.jobseek.spring.dao.impl.InterestedDaoImpl - [RESULT - createJobPosting] - com.jobseek.spring.entity.JobPosting@cede70a
2022-05-09 16:54:01.974 [main] INFO  com.jobseek.spring.dao.impl.InterestedDaoImpl - [createInterest] - com.jobseek.spring.entity.Interested@51fadd20
2022-05-09 16:54:01.977 [main] INFO  com.jobseek.spring.dao.impl.InterestedDaoImpl - [RESULT - createInterest] - com.jobseek.spring.entity.Interested@51fadd20
2022-05-09 16:54:01.978 [main] INFO  com.jobseek.spring.dao.impl.InterestedDaoImpl - [deleteInterest] - 17
2022-05-09 16:54:01.978 [main] INFO  com.jobseek.spring.dao.impl.InterestedDaoImpl - [getInterest] - 17
2022-05-09 16:54:01.978 [main] INFO  com.jobseek.spring.dao.impl.InterestedDaoImpl - [RESULT - getInterest] - com.jobseek.spring.entity.Interested@51fadd20
2022-05-09 16:54:01.978 [main] INFO  com.jobseek.spring.dao.impl.InterestedDaoImpl - [RESULT - deleteInterest] - true
2022-05-09 16:54:01.989 [main] INFO  com.jobseek.spring.dao.impl.InterestedDaoImpl - [createJobSeeker] - com.jobseek.spring.entity.JobSeeker@2493f9a8
2022-05-09 16:54:01.992 [main] INFO  com.jobseek.spring.dao.impl.InterestedDaoImpl - [RESULT - createJobSeeker] - com.jobseek.spring.entity.JobSeeker@2493f9a8
2022-05-09 16:54:01.993 [main] INFO  com.jobseek.spring.dao.impl.CompanyDaoImpl - [createCompany] - com.jobseek.spring.entity.Company@1fc51af7
2022-05-09 16:54:01.994 [main] INFO  com.jobseek.spring.dao.impl.CompanyDaoImpl - [RESULT - createCompany] - com.jobseek.spring.entity.Company@1fc51af7
2022-05-09 16:54:01.994 [main] INFO  com.jobseek.spring.dao.impl.InterestedDaoImpl - [createJobPosting] - com.jobseek.spring.entity.JobPosting@4ae836cf - 101
2022-05-09 16:54:01.996 [main] INFO  com.jobseek.spring.dao.impl.InterestedDaoImpl - [RESULT - createJobPosting] - com.jobseek.spring.entity.JobPosting@4ae836cf
2022-05-09 16:54:01.996 [main] INFO  com.jobseek.spring.dao.impl.InterestedDaoImpl - [createInterest] - com.jobseek.spring.entity.Interested@75c8855e
2022-05-09 16:54:01.998 [main] INFO  com.jobseek.spring.dao.impl.InterestedDaoImpl - [RESULT - createInterest] - com.jobseek.spring.entity.Interested@75c8855e
2022-05-09 16:54:01.998 [main] INFO  com.jobseek.spring.dao.impl.InterestedDaoImpl - [getInterestedfromJobIdUserId] - 85 - 72
2022-05-09 16:54:02.001 [main] INFO  com.jobseek.spring.dao.impl.InterestedDaoImpl - [RESULT - getInterestedfromJobIdUserId][18]
2022-05-09 16:54:02.013 [main] INFO  com.jobseek.spring.dao.impl.InterestedDaoImpl - [createInterest] - com.jobseek.spring.entity.Interested@7a273fd7
2022-05-09 16:54:02.031 [main] INFO  com.jobseek.spring.dao.impl.InterestedDaoImpl - [RESULT - createInterest] - com.jobseek.spring.entity.Interested@7a273fd7
2022-05-09 16:54:02.042 [main] INFO  com.jobseek.spring.dao.impl.InterestedDaoImpl - [createJobSeeker] - com.jobseek.spring.entity.JobSeeker@1c7da28
2022-05-09 16:54:02.045 [main] INFO  com.jobseek.spring.dao.impl.InterestedDaoImpl - [RESULT - createJobSeeker] - com.jobseek.spring.entity.JobSeeker@1c7da28
2022-05-09 16:54:02.046 [main] INFO  com.jobseek.spring.dao.impl.CompanyDaoImpl - [createCompany] - com.jobseek.spring.entity.Company@1b6daf20
2022-05-09 16:54:02.048 [main] INFO  com.jobseek.spring.dao.impl.CompanyDaoImpl - [RESULT - createCompany] - com.jobseek.spring.entity.Company@1b6daf20
2022-05-09 16:54:02.049 [main] INFO  com.jobseek.spring.dao.impl.InterestedDaoImpl - [create