#
# A fatal error has been detected by the Java Runtime Environment:
#
#  SIGSEGV (0xb) at pc=0x00007fa4c97a6667, pid=19318, tid=19348
#
# JRE version: OpenJDK Runtime Environment (11.0.14.1+1) (build 11.0.14.1+1-Ubuntu-0ubuntu1.20.04)
# Java VM: OpenJDK 64-Bit Server VM (11.0.14.1+1-Ubuntu-0ubuntu1.20.04, mixed mode, sharing, tiered, compressed oops, g1 gc, linux-amd64)
# Problematic frame:
# V  [libjvm.so+0x7a6667]
#
# Core dump will be written. Default location: Core dumps may be processed with "/usr/share/apport/apport %p %s %c %d %P %E" (or dumping to /home/himank/Documents/Spring/MajorProject/spring-job-portal (copy)/core.19318)
#
# If you would like to submit a bug report, please visit:
#   https://bugs.launchpad.net/ubuntu/+source/openjdk-lts
#

---------------  S U M M A R Y ------------

Command Line: -XX:TieredStopAtLevel=1 -Xverify:none -Dspring.output.ansi.enabled=always -Dcom.sun.management.jmxremote -Dspring.jmx.enabled=true -Dspring.liveBeansView.mbeanDomain -Dspring.application.admin.enabled=true -javaagent:/home/himank/.local/share/JetBrains/Toolbox/apps/IDEA-U/ch-0/221.5080.210/lib/idea_rt.jar=33571:/home/himank/.local/share/JetBrains/Toolbox/apps/IDEA-U/ch-0/221.5080.210/bin -Dfile.encoding=UTF-8 com.baeldung.spring.Application

Host: 11th Gen Intel(R) Core(TM) i5-1135G7 @ 2.40GHz, 4 cores, 4G, Ubuntu 20.04.4 LTS
Time: Tue Apr 26 12:45:13 2022 IST elapsed time: 2.204077 seconds (0d 0h 0m 2s)

---------------  T H R E A D  ---------------

Current thread (0x00007fa490001000):  GCTaskThread "GC Thread#1" [stack: 0x00007fa49dafb000,0x00007fa49dbfb000] [id=19348]

Stack: [0x00007fa49dafb000,0x00007fa49dbfb000],  sp=0x00007fa49dbf99d0,  free space=1018k
Native frames: (J=compiled Java code, A=aot compiled Java code, j=interpreted, Vv=VM code, C=native code)
V  [libjvm.so+0x7a6667]
V  [libjvm.so+0x7a16b1]
V  [libjvm.so+0x79cde4]
V  [libjvm.so+0x7a2a62]
V  [libjvm.so+0x70288f]
V  [libjvm.so+0x746382]
V  [libjvm.so+0x79dbaf]
V  [libjvm.so+0x79dd20]
V  [libjvm.so+0x756922]
V  [libjvm.so+0xec0d1d]
V  [libjvm.so+0xe27d20]
V  [libjvm.so+0xbe64d6]


siginfo: si_signo: 11 (SIGSEGV), si_code: 1 (SEGV_MAPERR), si_addr: 0x00000000000000f8

Register to memory mapping:

RAX=0x000000000000113c is an unknown value
RBX=0x0 is NULL
RCX=0x00007fa4c4039cb0 points into unknown readable memory: 0x0000000000000000 | 00 00 00 00 00 00 00 00
RDX=0x00007fa4c4027100 points into unknown readable memory: 0x00007fa4ca21a078 | 78 a0 21 ca a4 7f 00 00
RSP=0x00007fa49dbf99d0 points into unknown readable memory: 0x0000000000001d4f | 4f 1d 00 00 00 00 00 00
RBP=0x00007fa49dbf9a20 points into unknown readable memory: 0x00007fa49dbf9a80 | 80 9a bf 9d a4 7f 00 00
RSI=0x0 is NULL
RDI=0x0 is NULL
R8 =0x0000000840038310 is pointing into metadata
R9 =0x0 is NULL
R10=0x0000000000000006 is an unknown value
R11=0x00007fa4c4048b76 points into unknown readable memory: 01 01
R12=0x0000000840038380 is pointing into metadata
R13=0x00000000b40e1020 is pointing into object: java.util.TreeMap$Entry 
{0x00000000b40e1010} - klass: 'java/util/TreeMap$Entry'
R14=0x00007fa49dbf9bc0 points into unknown readable memory: 0x00007fa4ca1700a8 | a8 00 17 ca a4 7f 00 00
R15=0x00000000b40e1034 is pointing into object: java.util.TreeMap$Entry 
{0x00000000b40e1010} - klass: 'java/util/TreeMap$Entry'


Registers:
RAX=0x000000000000113c, RBX=0x0000000000000000, RCX=0x00007fa4c4039cb0, RDX=0x00007fa4c4027100
RSP=0x00007fa49dbf99d0, RBP=0x00007fa49dbf9a20, RSI=0x0000000000000000, RDI=0x0000000000000000
R8 =0x0000000840038310, R9 =0x0000000000000000, R10=0x0000000000000006, R11=0x00007fa4c4048b76
R12=0x0000000840038380, R13=0x00000000b40e1020, R14=0x00007fa49dbf9bc0, R15=0x00000000b40e1034
RIP=0x00007fa4c97a6667, EFLAGS=0x0000000000010213, CSGSFS=0x002b000000000033, ERR=0x0000000000000004
  TRAPNO=0x000000000000000e

Top of Stack: (sp=0x00007fa49dbf99d0)
0x00007fa49dbf99d0:   0000000000001d4f 00000000293bd5b7
0x00007fa49dbf99e0:   00000000b40e1010 0000000840038388
0x00007fa49dbf99f0:   00007fa45c004e90 00007fa4c406aa40
0x00007fa49dbf9a00:   00007fa4c404c158 00000000b40e1200 

Instructions: (pc=0x00007fa4c97a6667)
0x00007fa4c97a6567:   89 21 89 32 e9 d3 fe ff ff 8b 3a 48 8b b2 88 00
0x00007fa4c97a6577:   00 00 48 89 f9 48 8d 34 fe 83 c1 01 4c 89 26 81
0x00007fa4c97a6587:   e1 ff ff 01 00 89 0a e9 b0 fe ff ff 0f 1f 44 00
0x00007fa4c97a6597:   00 48 8d ba 90 00 00 00 48 89 55 a8 e8 58 00 fb
0x00007fa4c97a65a7:   ff 48 8b 55 a8 48 8b 8a b0 00 00 00 e9 1a ff ff
0x00007fa4c97a65b7:   ff 0f 1f 84 00 00 00 00 00 f3 0f 1e fa 55 48 89
0x00007fa4c97a65c7:   e5 41 57 41 56 49 89 fe 48 89 d7 41 55 41 54 53
0x00007fa4c97a65d7:   48 89 d3 48 83 ec 28 48 89 75 c0 e8 29 cd 27 00
0x00007fa4c97a65e7:   48 63 93 34 01 00 00 49 89 c0 48 63 83 c4 00 00
0x00007fa4c97a65f7:   00 48 01 d0 4d 8d 24 c0 8b 83 30 01 00 00 49 8d
0x00007fa4c97a6607:   04 c4 48 89 45 c8 4c 39 e0 0f 86 58 01 00 00 31
0x00007fa4c97a6617:   db 0f 1f 84 00 00 00 00 00 48 8b 45 c0 49 63 34
0x00007fa4c97a6627:   24 4c 8d 2c 30 41 8b 44 24 04 4d 8d 7c 85 00 4d
0x00007fa4c97a6637:   39 ef 77 62 e9 20 01 00 00 8b 8a c0 02 00 00 48
0x00007fa4c97a6647:   89 c7 48 d3 ef 48 8b 8a b0 02 00 00 48 8b 3c f9
0x00007fa4c97a6657:   49 3b 7e 20 74 33 41 80 f9 ff 0f 84 19 01 00 00
0x00007fa4c97a6667:   48 8b bf f8 00 00 00 8b 87 18 01 00 00 85 c0 74
0x00007fa4c97a6677:   18 41 8b 56 28 48 81 c7 90 00 00 00 4c 89 ee e8
0x00007fa4c97a6687:   e5 8f 07 00 0f 1f 44 00 00 49 83 c5 04 4d 39 ef
0x00007fa4c97a6697:   0f 86 c3 00 00 00 41 8b 45 00 85 c0 74 eb 48 8d
0x00007fa4c97a66a7:   15 f4 21 aa 00 8b 4a 08 48 d3 e0 48 03 02 49 8b
0x00007fa4c97a66b7:   56 10 48 89 c6 8b 8a f0 06 00 00 48 8b ba e0 06
0x00007fa4c97a66c7:   00 00 48 d3 ee 44 0f b6 0c 37 45 84 c9 0f 8e 66
0x00007fa4c97a66d7:   ff ff ff 0f 18 0c 18 ba 10 00 00 00 0f 18 0c 10
0x00007fa4c97a66e7:   49 8b 46 18 4d 89 e9 49 83 c9 01 48 8b 40 10 8b
0x00007fa4c97a66f7:   08 8b 90 80 00 00 00 89 ce 29 d6 89 f2 81 e2 ff
0x00007fa4c97a6707:   ff 01 00 81 fa fd ff 01 00 0f 86 aa 00 00 00 81
0x00007fa4c97a6717:   fa ff ff 01 00 0f 84 be 00 00 00 48 8b 90 b0 00
0x00007fa4c97a6727:   00 00 48 3b 90 98 00 00 00 0f 84 d2 00 00 00 48
0x00007fa4c97a6737:   8b 88 c8 00 00 00 49 83 c5 04 4c 89 0c d1 48 83
0x00007fa4c97a6747:   80 b0 00 00 00 01 4d 39 ef 0f 87 47 ff ff ff 66
0x00007fa4c97a6757:   2e 0f 1f 84 00 00 00 00 00 49 83 c4 08 4c 39 65 


Stack slot to memory mapping:
stack at sp + 0 slots: 0x0000000000001d4f is an unknown value
stack at sp + 1 slots: 0x00000000293bd5b7 is an unknown value
stack at sp + 2 slots: 0x00000000b40e1010 is an oop: java.util.TreeMap$Entry 
{0x00000000b40e1010} - klass: 'java/util/TreeMap$Entry'
stack at sp + 3 slots: 0x0000000840038388 is a pointer to class: 
javax.management.openmbean.TabularType {0x0000000840038388}
stack at sp + 4 slots: 0x00007fa45c004e90 points into unknown readable memory: 0x00007fa4ca16ff90 | 90 ff 16 ca a4 7f 00 00
stack at sp + 5 slots: 0x00007fa4c406aa40 points into unknown readable memory: 0x00007fa4ca21b538 | 38 b5 21 ca a4 7f 00 00
stack at sp + 6 slots: 0x00007fa4c404c158 points into unknown readable memory: 0x00000000b3a00000 | 00 00 a0 b3 00 00 00 00
stack at sp + 7 slots: 0x00000000b40e1200 is pointing into object: java.util.TreeMap$Entry 
{0x00000000b40e11f0} - klass: 'java/util/TreeMap$Entry'


---------------  P R O C E S S  ---------------

Threads class SMR info:
_java_thread_list=0x00007fa43c000b60, length=13, elements={
0x00007fa4c4019800, 0x00007fa4c413e000, 0x00007fa4c4140000, 0x00007fa4c4145800,
0x00007fa4c4147800, 0x00007fa4c4149800, 0x00007fa4c414b800, 0x00007fa4c4162000,
0x00007fa4c44f0000, 0x00007fa4c45b8800, 0x00007fa47c001000, 0x00007fa464001800,
0x00007fa45801c800
}

Java Threads: ( => current thread )
  0x00007fa4c4019800 JavaThread "main" [_thread_blocked, id=19319, stack(0x00007fa4c8bb3000,0x00007fa4c8cb4000)]
  0x00007fa4c413e000 JavaThread "Reference Handler" daemon [_thread_blocked, id=19328, stack(0x00007fa4a4b46000,0x00007fa4a4c47000)]
  0x00007fa4c4140000 JavaThread "Finalizer" daemon [_thread_blocked, id=19329, stack(0x00007fa4a4a45000,0x00007fa4a4b46000)]
  0x00007fa4c4145800 JavaThread "Signal Dispatcher" daemon [_thread_blocked, id=19331, stack(0x00007fa4a43d4000,0x00007fa4a44d5000)]
  0x00007fa4c4147800 JavaThread "Service Thread" daemon [_thread_blocked, id=19332, stack(0x00007fa4a42d3000,0x00007fa4a43d4000)]
  0x00007fa4c4149800 JavaThread "C1 CompilerThread0" daemon [_thread_blocked, id=19334, stack(0x00007fa4a41d2000,0x00007fa4a42d3000)]
  0x00007fa4c414b800 JavaThread "Sweeper thread" daemon [_thread_blocked, id=19335, stack(0x00007fa4a40d1000,0x00007fa4a41d2000)]
  0x00007fa4c4162000 JavaThread "Common-Cleaner" daemon [_thread_blocked, id=19342, stack(0x00007fa49deff000,0x00007fa49e000000)]
  0x00007fa4c44f0000 JavaThread "Monitor Ctrl-Break" daemon [_thread_in_native, id=19343, stack(0x00007fa49ddfe000,0x00007fa49deff000)]
  0x00007fa4c45b8800 JavaThread "RMI TCP Accept-0" daemon [_thread_in_native, id=19346, stack(0x00007fa49dcfd000,0x00007fa49ddfe000)]
  0x00007fa47c001000 JavaThread "Attach Listener" daemon [_thread_blocked, id=19350, stack(0x00007fa49d8f6000,0x00007fa49d9f7000)]
  0x00007fa464001800 JavaThread "RMI TCP Connection(1)-127.0.0.1" daemon [_thread_in_native, id=19352, stack(0x00007fa49d5f5000,0x00007fa49d6f6000)]
  0x00007fa45801c800 JavaThread "RMI Scheduler(0)" daemon [_thread_blocked, id=19354, stack(0x00007fa49d3f3000,0x00007fa49d4f4000)]

Other Threads:
  0x00007fa4c413b000 VMThread "VM Thread" [stack: 0x00007fa4a4c49000,0x00007fa4a4d49000] [id=19327]
  0x00007fa4c45bf000 WatcherThread [stack: 0x00007fa49dbfd000,0x00007fa49dcfd000] [id=19347]
  0x00007fa4c4031000 GCTaskThread "GC Thread#0" [stack: 0x00007fa4c8851000,0x00007fa4c8951000] [id=19321]
=>0x00007fa490001000 GCTaskThread "GC Thread#1" [stack: 0x00007fa49dafb000,0x00007fa49dbfb000] [id=19348]
  0x00007fa490003800 GCTaskThread "GC Thread#2" [stack: 0x00007fa49cff2000,0x00007fa49d0f2000] [id=19357]
  0x00007fa490004800 GCTaskThread "GC Thread#3" [stack: 0x00007fa49cef0000,0x00007fa49cff0000] [id=19358]
  0x00007fa4c4052000 ConcurrentGCThread "G1 Main Marker" [stack: 0x00007fa4c80bf000,0x00007fa4c81bf000] [id=19322]
  0x00007fa4c4053800 ConcurrentGCThread "G1 Conc#0" [stack: 0x00007fa4ac277000,0x00007fa4ac377000] [id=19323]
  0x00007fa4c40a4800 ConcurrentGCThread "G1 Refine#0" [stack: 0x00007fa4a56ce000,0x00007fa4a57ce000] [id=19325]
  0x00007fa494001000 ConcurrentGCThread "G1 Refine#1" [stack: 0x00007fa49d9f9000,0x00007fa49daf9000] [id=19349]
  0x00007fa4c40a6800 ConcurrentGCThread "G1 Young RemSet Sampling" [stack: 0x00007fa4a55cc000,0x00007fa4a56cc000] [id=19326]

Threads with active compile tasks:
C1 CompilerThread0   2207 2138       1       java.lang.reflect.ProxyGenerator$ExceptionTableEntry::<init> (26 bytes)

VM state:at safepoint (normal execution)

VM Mutex/Monitor currently owned by a thread:  ([mutex/lock_event])
[0x00007fa4c4016160] Threads_lock - owner thread: 0x00007fa4c413b000
[0x00007fa4c4016940] Heap_lock - owner thread: 0x00007fa4c4019800

Heap address: 0x00000000b3a00000, size: 1222 MB, Compressed Oops mode: 32-bit
Narrow klass base: 0x0000000800000000, Narrow klass shift: 3
Compressed class space size: 1073741824 Address: 0x0000000840000000

Heap:
 garbage-first heap   total 81920K, used 42676K [0x00000000b3a00000, 0x0000000100000000)
  region size 1024K, 32 young (32768K), 3 survivors (3072K)
 Metaspace       used 18191K, capacity 18873K, committed 19072K, reserved 1064960K
  class space    used 2287K, capacity 2569K, committed 2688K, reserved 1048576K
Heap Regions: E=young(eden), S=young(survivor), O=old, HS=humongous(starts), HC=humongous(continues), CS=collection set, F=free, A=archive, TAMS=top-at-mark-start (previous, next)
|   0|0x00000000b3a00000, 0x00000000b3b00000, 0x00000000b3b00000|100%| O|  |TAMS 0x00000000b3a00000, 0x00000000b3a00000| Untracked 
|   1|0x00000000b3b00000, 0x00000000b3c00000, 0x00000000b3c00000|100%| O|  |TAMS 0x00000000b3b00000, 0x00000000b3b00000| Untracked 
|   2|0x00000000b3c00000, 0x00000000b3d00000, 0x00000000b3d00000|100%| O|  |TAMS 0x00000000b3c00000, 0x00000000b3c00000| Untracked 
|   3|0x00000000b3d00000, 0x00000000b3e00000, 0x00000000b3e00000|100%| O|  |TAMS 0x00000000b3d00000, 0x00000000b3d00000| Untracked 
|   4|0x00000000b3e00000, 0x00000000b3f00000, 0x00000000b3f00000|100%| O|  |TAMS 0x00000000b3e00000, 0x00000000b3e00000| Untracked 
|   5|0x00000000b3f00000, 0x00000000b4000000, 0x00000000b4000000|100%| O|  |TAMS 0x00000000b3f00000, 0x00000000b3f00000| Untracked 
|   6|0x00000000b4000000, 0x00000000b4100000, 0x00000000b4100000|100%| O|  |TAMS 0x00000000b4000000, 0x00000000b4000000| Untracked 
|   7|0x00000000b4100000, 0x00000000b4200000, 0x00000000b4200000|100%| O|  |TAMS 0x00000000b4100000, 0x00000000b4100000| Untracked 
|   8|0x00000000b4200000, 0x00000000b4300000, 0x00000000b4300000|100%| O|  |TAMS 0x00000000b4200000, 0x00000000b4200000| Untracked 
|   9|0x00000000b4300000, 0x00000000b4400000, 0x00000000b4400000|100%| O|  |TAMS 0x00000000b4300000, 0x00000000b4300000| Untracked 
|  10|0x00000000b4400000, 0x00000000b4500000, 0x00000000b4500000|100%| O|  |TAMS 0x00000000b4400000, 0x00000000b4400000| Untracked 
|  11|0x00000000b4500000, 0x00000000b45ef420, 0x00000000b4600000| 93%| O|  |TAMS 0x00000000b4500000, 0x00000000b4500000| Untracked 
|  12|0x00000000b4600000, 0x00000000b4600000, 0x00000000b4700000|  0%| F|  |TAMS 0x00000000b4600000, 0x00000000b4600000| Untracked 
|  13|0x00000000b4700000, 0x00000000b4700000, 0x00000000b4800000|  0%| F|  |TAMS 0x00000000b4700000, 0x00000000b4700000| Untracked 
|  14|0x00000000b4800000, 0x00000000b4800000, 0x00000000b4900000|  0%| F|  |TAMS 0x00000000b4800000, 0x00000000b4800000| Untracked 
|  15|0x00000000b4900000, 0x00000000b4900000, 0x00000000b4a00000|  0%| F|  |TAMS 0x00000000b4900000, 0x00000000b4900000| Untracked 
|  16|0x00000000b4a00000, 0x00000000b4a00000, 0x00000000b4b00000|  0%| F|  |TAMS 0x00000000b4a00000, 0x00000000b4a00000| Untracked 
|  17|0x00000000b4b00000, 0x00000000b4b00000, 0x00000000b4c00000|  0%| F|  |TAMS 0x00000000b4b00000, 0x00000000b4b00000| Untracked 
|  18|0x00000000b4c00000, 0x00000000b4c00000, 0x00000000b4d00000|  0%| F|  |TAMS 0x00000000b4c00000, 0x00000000b4c00000| Untracked 
|  19|0x00000000b4d00000, 0x00000000b4d00000, 0x00000000b4e00000|  0%| F|  |TAMS 0x00000000b4d00000, 0x00000000b4d00000| Untracked 
|  20|0x00000000b4e00000, 0x00000000b4e00000, 0x00000000b4f00000|  0%| F|  |TAMS 0x00000000b4e00000, 0x00000000b4e00000| Untracked 
|  21|0x00000000b4f00000, 0x00000000b4f00000, 0x00000000b5000000|  0%| F|  |TAMS 0x00000000b4f00000, 0x00000000b4f00000| Untracked 
|  22|0x00000000b5000000, 0x00000000b5000000, 0x00000000b5100000|  0%| F|  |TAMS 0x00000000b5000000, 0x00000000b5000000| Untracked 
|  23|0x00000000b5100000, 0x00000000b5100000, 0x00000000b5200000|  0%| F|  |TAMS 0x00000000b5100000, 0x00000000b5100000| Untracked 
|  24|0x00000000b5200000, 0x00000000b5200000, 0x00000000b5300000|  0%| F|  |TAMS 0x00000000b5200000, 0x00000000b5200000| Untracked 
|  25|0x00000000b5300000, 0x00000000b5300000, 0x00000000b5400000|  0%| F|  |TAMS 0x00000000b5300000, 0x00000000b5300000| Untracked 
|  26|0x00000000b5400000, 0x00000000b5400000, 0x00000000b5500000|  0%| F|  |TAMS 0x00000000b5400000, 0x00000000b5400000| Untracked 
|  27|0x00000000b5500000, 0x00000000b5500000, 0x00000000b5600000|  0%| F|  |TAMS 0x00000000b5500000, 0x00000000b5500000| Untracked 
|  28|0x00000000b5600000, 0x00000000b5600000, 0x00000000b5700000|  0%| F|  |TAMS 0x00000000b5600000, 0x00000000b5600000| Untracked 
|  29|0x00000000b5700000, 0x00000000b5700000, 0x00000000b5800000|  0%| F|  |TAMS 0x00000000b5700000, 0x00000000b5700000| Untracked 
|  30|0x00000000b5800000, 0x00000000b5800000, 0x00000000b5900000|  0%| F|  |TAMS 0x00000000b5800000, 0x00000000b5800000| Untracked 
|  31|0x00000000b5900000, 0x00000000b5900000, 0x00000000b5a00000|  0%| F|  |TAMS 0x00000000b5900000, 0x00000000b5900000| Untracked 
|  32|0x00000000b5a00000, 0x00000000b5a00000, 0x00000000b5b00000|  0%| F|  |TAMS 0x00000000b5a00000, 0x00000000b5a00000| Untracked 
|  33|0x00000000b5b00000, 0x00000000b5b00000, 0x00000000b5c00000|  0%| F|  |TAMS 0x00000000b5b00000, 0x00000000b5b00000| Untracked 
|  34|0x00000000b5c00000, 0x00000000b5c00000, 0x00000000b5d00000|  0%| F|  |TAMS 0x00000000b5c00000, 0x00000000b5c00000| Untracked 
|  35|0x00000000b5d00000, 0x00000000b5d00000, 0x00000000b5e00000|  0%| F|  |TAMS 0x00000000b5d00000, 0x00000000b5d00000| Untracked 
|  36|0x00000000b5e00000, 0x00000000b5e00000, 0x00000000b5f00000|  0%| F|  |TAMS 0x00000000b5e00000, 0x00000000b5e00000| Untracked 
|  37|0x00000000b5f00000, 0x00000000b5f00000, 0x00000000b6000000|  0%| F|  |TAMS 0x00000000b5f00000, 0x00000000b5f00000| Untracked 
|  38|0x00000000b6000000, 0x00000000b6000000, 0x00000000b6100000|  0%| F|  |TAMS 0x00000000b6000000, 0x00000000b6000000| Untracked 
|  39|0x00000000b6100000, 0x00000000b6100000, 0x00000000b6200000|  0%| F|  |TAMS 0x00000000b6100000, 0x00000000b6100000| Untracked 
|  40|0x00000000b6200000, 0x00000000b6200000, 0x00000000b6300000|  0%| F|  |TAMS 0x00000000b6200000, 0x00000000b6200000| Untracked 
|  41|0x00000000b6300000, 0x00000000b6300000, 0x00000000b6400000|  0%| F|  |TAMS 0x00000000b6300000, 0x00000000b6300000| Untracked 
|  42|0x00000000b6400000, 0x00000000b6485280, 0x00000000b6500000| 52%| S|  |TAMS 0x00000000b6400000, 0x00000000b6400000| Complete 
|  43|0x00000000b6500000, 0x00000000b6600000, 0x00000000b6600000|100%| S|  |TAMS 0x00000000b6500000, 0x00000000b6500000| Complete 
|  44|0x00000000b6600000, 0x00000000b6700000, 0x00000000b6700000|100%| S|  |TAMS 0x00000000b6600000, 0x00000000b6600000| Complete 
|  45|0x00000000b6700000, 0x00000000b6800000, 0x00000000b6800000|100%| E|CS|TAMS 0x00000000b6700000, 0x00000000b6700000| Complete 
|  46|0x00000000b6800000, 0x00000000b6900000, 0x00000000b6900000|100%| E|CS|TAMS 0x00000000b6800000, 0x00000000b6800000| Complete 
|  47|0x00000000b6900000, 0x00000000b6a00000, 0x00000000b6a00000|100%| E|CS|TAMS 0x00000000b6900000, 0x00000000b6900000| Complete 
|  48|0x00000000b6a00000, 0x00000000b6b00000, 0x00000000b6b00000|100%| E|CS|TAMS 0x00000000b6a00000, 0x00000000b6a00000| Complete 
|  49|0x00000000b6b00000, 0x00000000b6c00000, 0x00000000b6c00000|100%| E|CS|TAMS 0x00000000b6b00000, 0x00000000b6b00000| Complete 
|  50|0x00000000b6c00000, 0x00000000b6d00000, 0x00000000b6d00000|100%| E|CS|TAMS 0x00000000b6c00000, 0x00000000b6c00000| Complete 
|  51|0x00000000b6d00000, 0x00000000b6e00000, 0x00000000b6e00000|100%| E|CS|TAMS 0x00000000b6d00000, 0x00000000b6d00000| Complete 
|  52|0x00000000b6e00000, 0x00000000b6f00000, 0x00000000b6f00000|100%| E|CS|TAMS 0x00000000b6e00000, 0x00000000b6e00000| Complete 
|  53|0x00000000b6f00000, 0x00000000b7000000, 0x00000000b7000000|100%| E|CS|TAMS 0x00000000b6f00000, 0x00000000b6f00000| Complete 
|  54|0x00000000b7000000, 0x00000000b7100000, 0x00000000b7100000|100%| E|CS|TAMS 0x00000000b7000000, 0x00000000b7000000| Complete 
|  55|0x00000000b7100000, 0x00000000b7200000, 0x00000000b7200000|100%| E|CS|TAMS 0x00000000b7100000, 0x00000000b7100000| Complete 
|  56|0x00000000b7200000, 0x00000000b7300000, 0x00000000b7300000|100%| E|CS|TAMS 0x00000000b7200000, 0x00000000b7200000| Complete 
|  57|0x00000000b7300000, 0x00000000b7400000, 0x00000000b7400000|100%| E|CS|TAMS 0x00000000b7300000, 0x00000000b7300000| Complete 
|  58|0x00000000b7400000, 0x00000000b7500000, 0x00000000b7500000|100%| E|CS|TAMS 0x00000000b7400000, 0x00000000b7400000| Complete 
|  59|0x00000000b7500000, 0x00000000b7600000, 0x00000000b7600000|100%| E|CS|TAMS 0x00000000b7500000, 0x00000000b7500000| Complete 
|  60|0x00000000b7600000, 0x00000000b7700000, 0x00000000b7700000|100%| E|CS|TAMS 0x00000000b7600000, 0x00000000b7600000| Complete 
|  61|0x00000000b7700000, 0x00000000b7800000, 0x00000000b7800000|100%| E|CS|TAMS 0x00000000b7700000, 0x00000000b7700000| Complete 
|  62|0x00000000b7800000, 0x00000000b7900000, 0x00000000b7900000|100%| E|CS|TAMS 0x00000000b7800000, 0x00000000b7800000| Complete 
|  63|0x00000000b7900000, 0x00000000b7a00000, 0x00000000b7a00000|100%| E|CS|TAMS 0x00000000b7900000, 0x00000000b7900000| Complete 
|  64|0x00000000b7a00000, 0x00000000b7b00000, 0x00000000b7b00000|100%| E|CS|TAMS 0x00000000b7a00000, 0x00000000b7a00000| Complete 
|  65|0x00000000b7b00000, 0x00000000b7c00000, 0x00000000b7c00000|100%| E|CS|TAMS 0x00000000b7b00000, 0x00000000b7b00000| Complete 
|  66|0x00000000b7c00000, 0x00000000b7d00000, 0x00000000b7d00000|100%| E|CS|TAMS 0x00000000b7c00000, 0x00000000b7c00000| Complete 
|  67|0x00000000b7d00000, 0x00000000b7e00000, 0x00000000b7e00000|100%| E|CS|TAMS 0x00000000b7d00000, 0x00000000b7d00000| Complete 
|  68|0x00000000b7e00000, 0x00000000b7f00000, 0x00000000b7f00000|100%| E|CS|TAMS 0x00000000b7e00000, 0x00000000b7e00000| Complete 
|  69|0x00000000b7f00000, 0x00000000b8000000, 0x00000000b8000000|100%| E|CS|TAMS 0x00000000b7f00000, 0x00000000b7f00000| Complete 
|  70|0x00000000b8000000, 0x00000000b8100000, 0x00000000b8100000|100%| E|CS|TAMS 0x00000000b8000000, 0x00000000b8000000| Complete 
|  71|0x00000000b8100000, 0x00000000b8200000, 0x00000000b8200000|100%| E|CS|TAMS 0x00000000b8100000, 0x00000000b8100000| Complete 
|  72|0x00000000b8200000, 0x00000000b8300000, 0x00000000b8300000|100%| E|CS|TAMS 0x00000000b8200000, 0x00000000b8200000| Complete 
|  73|0x00000000b8300000, 0x00000000b8400000, 0x00000000b8400000|100%| E|CS|TAMS 0x00000000b8300000, 0x00000000b8300000| Complete 
|  74|0x00000000b8400000, 0x00000000b8500000, 0x00000000b8500000|100%| E|CS|TAMS 0x00000000b8400000, 0x00000000b8400000| Complete 
|  75|0x00000000b8500000, 0x00000000b8600000, 0x00000000b8600000|100%| E|CS|TAMS 0x00000000b8500000, 0x00000000b8500000| Complete 
|  76|0x00000000b8600000, 0x00000000b8700000, 0x00000000b8700000|100%| E|CS|TAMS 0x00000000b8600000, 0x00000000b8600000| Complete 
|  77|0x00000000b8700000, 0x00000000b8800000, 0x00000000b8800000|100%| E|CS|TAMS 0x00000000b8700000, 0x00000000b8700000| Complete 
|1220|0x00000000ffe00000, 0x00000000ffe47000, 0x00000000fff00000| 27%|OA|  |TAMS 0x00000000ffe00000, 0x00000000ffe00000| Untracked 
|1221|0x00000000fff00000, 0x00000000fff6b000, 0x0000000100000000| 41%|CA|  |TAMS 0x00000000fff00000, 0x00000000fff00000| Untracked 

Card table byte_map: [0x00007fa4ac5da000,0x00007fa4ac83d000] _byte_map_base: 0x00007fa4ac03d000

Marking Bits (Prev, Next): (CMBitMap*) 0x00007fa4c404c158, (CMBitMap*) 0x00007fa4c404c190
 Prev Bits: [0x00007fa4a6ce8000, 0x00007fa4a8000000)
 Next Bits: [0x00007fa4a59d0000, 0x00007fa4a6ce8000)

Polling page: 0x00007fa4c8b70000

Metaspace:

Usage:
  Non-class:     15.92 MB capacity,    15.53 MB ( 98%) used,   336.27 KB (  2%) free+waste,    64.06 KB ( <1%) overhead. 
      Class:      2.51 MB capacity,     2.23 MB ( 89%) used,   248.19 KB ( 10%) free+waste,    33.19 KB (  1%) overhead. 
       Both:     18.43 MB capacity,    17.76 MB ( 96%) used,   584.45 KB (  3%) free+waste,    97.25 KB ( <1%) overhead. 

Virtual space:
  Non-class space:       16.00 MB reserved,      16.00 MB (100%) committed 
      Class space:        1.00 GB reserved,       2.62 MB ( <1%) committed 
             Both:        1.02 GB reserved,      18.62 MB (  2%) committed 

Chunk freelists:
   Non-Class:  24.00 KB
       Class:  23.00 KB
        Both:  47.00 KB

MaxMetaspaceSize: unlimited
CompressedClassSpaceSize: 1.00 GB
Initial GC threshold: 20.80 MB
Current GC threshold: 20.80 MB
CDS: on

CodeHeap 'non-profiled nmethods': size=238948Kb used=3256Kb max_used=3256Kb free=235691Kb
 bounds [0x00007fa4acee4000, 0x00007fa4ad214000, 0x00007fa4bb83d000]
CodeHeap 'non-nmethods': size=6812Kb used=1223Kb max_used=1223Kb free=5588Kb
 bounds [0x00007fa4ac83d000, 0x00007fa4acaad000, 0x00007fa4acee4000]
 total_blobs=2638 nmethods=2126 adapters=440
 compilation: enabled
              stopped_count=0, restarted_count=0
 full_count=0

Compilation events (20 events):
Event: 2.192 Thread 0x00007fa4c4149800 nmethod 2124 0x00007fa4ad20e810 code [0x00007fa4ad20e9c0, 0x00007fa4ad20eb10]
Event: 2.192 Thread 0x00007fa4c4149800 2125       1       java.util.Collections$SingletonSet::<init> (10 bytes)
Event: 2.192 Thread 0x00007fa4c4149800 nmethod 2125 0x00007fa4ad20eb90 code [0x00007fa4ad20ed40, 0x00007fa4ad20ee50]
Event: 2.192 Thread 0x00007fa4c4149800 2120       1       java.io.ObjectOutputStream$ReplaceTable::lookup (24 bytes)
Event: 2.193 Thread 0x00007fa4c4149800 nmethod 2120 0x00007fa4ad20f390 code [0x00007fa4ad20f540, 0x00007fa4ad20f6a0]
Event: 2.193 Thread 0x00007fa4c4149800 2133       1       jdk.internal.reflect.NativeMethodAccessorImpl::invoke (104 bytes)
Event: 2.193 Thread 0x00007fa4c4149800 nmethod 2133 0x00007fa4ad20f790 code [0x00007fa4ad20f9a0, 0x00007fa4ad20fed0]
Event: 2.193 Thread 0x00007fa4c4149800 2137       1       java.lang.reflect.AccessibleObject::logIfExportedForIllegalAccess (54 bytes)
Event: 2.196 Thread 0x00007fa4c4149800 nmethod 2137 0x00007fa4ad210210 code [0x00007fa4ad2103e0, 0x00007fa4ad210620]
Event: 2.196 Thread 0x00007fa4c4149800 2135       1       java.util.concurrent.locks.ReentrantLock$NonfairSync::tryAcquire (6 bytes)
Event: 2.197 Thread 0x00007fa4c4149800 nmethod 2135 0x00007fa4ad210790 code [0x00007fa4ad210940, 0x00007fa4ad210a20]
Event: 2.197 Thread 0x00007fa4c4149800 2136       1       java.util.concurrent.locks.ReentrantLock$Sync::nonfairTryAcquire (67 bytes)
Event: 2.197 Thread 0x00007fa4c4149800 nmethod 2136 0x00007fa4ad210a90 code [0x00007fa4ad210ca0, 0x00007fa4ad211160]
Event: 2.197 Thread 0x00007fa4c4149800 2118       1       java.io.Bits::putInt (36 bytes)
Event: 2.197 Thread 0x00007fa4c4149800 nmethod 2118 0x00007fa4ad211390 code [0x00007fa4ad211540, 0x00007fa4ad211670]
Event: 2.197 Thread 0x00007fa4c4149800 2111       1       org.springframework.util.StringUtils::toStringArray (25 bytes)
Event: 2.197 Thread 0x00007fa4c4149800 nmethod 2111 0x00007fa4ad211790 code [0x00007fa4ad211960, 0x00007fa4ad211b50]
Event: 2.197 Thread 0x00007fa4c4149800 2112       1       java.lang.Module::getName (5 bytes)
Event: 2.197 Thread 0x00007fa4c4149800 nmethod 2112 0x00007fa4ad211c10 code [0x00007fa4ad211dc0, 0x00007fa4ad211e90]
Event: 2.198 Thread 0x00007fa4c4149800 2138       1       java.lang.reflect.ProxyGenerator$ExceptionTableEntry::<init> (26 bytes)

GC Heap History (7 events):
Event: 1.032 GC heap before
{Heap before GC invocations=0 (full 0):
 garbage-first heap   total 81920K, used 14024K [0x00000000b3a00000, 0x0000000100000000)
  region size 1024K, 14 young (14336K), 0 survivors (0K)
 Metaspace       used 5528K, capacity 5790K, committed 6016K, reserved 1056768K
  class space    used 680K, capacity 805K, committed 896K, reserved 1048576K
}
Event: 1.042 GC heap after
{Heap after GC invocations=1 (full 0):
 garbage-first heap   total 81920K, used 6775K [0x00000000b3a00000, 0x0000000100000000)
  region size 1024K, 2 young (2048K), 2 survivors (2048K)
 Metaspace       used 5528K, capacity 5790K, committed 6016K, reserved 1056768K
  class space    used 680K, capacity 805K, committed 896K, reserved 1048576K
}
Event: 1.262 GC heap before
{Heap before GC invocations=1 (full 0):
 garbage-first heap   total 81920K, used 19063K [0x00000000b3a00000, 0x0000000100000000)
  region size 1024K, 14 young (14336K), 2 survivors (2048K)
 Metaspace       used 7746K, capacity 8134K, committed 8320K, reserved 1056768K
  class space    used 952K, capacity 1120K, committed 1152K, reserved 1048576K
}
Event: 1.276 GC heap after
{Heap after GC invocations=2 (full 0):
 garbage-first heap   total 81920K, used 7730K [0x00000000b3a00000, 0x0000000100000000)
  region size 1024K, 1 young (1024K), 1 survivors (1024K)
 Metaspace       used 7746K, capacity 8134K, committed 8320K, reserved 1056768K
  class space    used 952K, capacity 1120K, committed 1152K, reserved 1048576K
}
Event: 1.778 GC heap before
{Heap before GC invocations=2 (full 0):
 garbage-first heap   total 81920K, used 32306K [0x00000000b3a00000, 0x0000000100000000)
  region size 1024K, 26 young (26624K), 1 survivors (1024K)
 Metaspace       used 12631K, capacity 13240K, committed 13568K, reserved 1060864K
  class space    used 1657K, capacity 1922K, committed 2048K, reserved 1048576K
}
Event: 1.808 GC heap after
{Heap after GC invocations=3 (full 0):
 garbage-first heap   total 81920K, used 12980K [0x00000000b3a00000, 0x0000000100000000)
  region size 1024K, 4 young (4096K), 4 survivors (4096K)
 Metaspace       used 12631K, capacity 13240K, committed 13568K, reserved 1060864K
  class space    used 1657K, capacity 1922K, committed 2048K, reserved 1048576K
}
Event: 2.198 GC heap before
{Heap before GC invocations=3 (full 0):
 garbage-first heap   total 81920K, used 41652K [0x00000000b3a00000, 0x0000000100000000)
  region size 1024K, 33 young (33792K), 4 survivors (4096K)
 Metaspace       used 18191K, capacity 18873K, committed 19072K, reserved 1064960K
  class space    used 2287K, capacity 2569K, committed 2688K, reserved 1048576K
}

Deoptimization events (2 events):
Event: 2.174 Thread 0x00007fa4c4899000 DEOPT PACKING pc=0x00007fa4ad1f7ff4 sp=0x00007fa49d5f32c0
Event: 2.175 Thread 0x00007fa4c4899000 DEOPT UNPACKING pc=0x00007fa4ac88764a sp=0x00007fa49d5f2848 mode 0

Classes redefined (0 events):
No events

Internal exceptions (20 events):
Event: 1.859 Thread 0x00007fa4c4899000 Exception <a 'java/lang/NoSuchMethodError'{0x00000000b8360910}: 'long java.lang.invoke.DirectMethodHandle$Holder.invokeInterface(java.lang.Object, java.lang.Object)'> (0x00000000b8360910) thrown at [src/hotspot/share/interpreter/linkResolver.cpp, line 772]
Event: 1.859 Thread 0x00007fa4c4899000 Exception <a 'java/lang/IncompatibleClassChangeError'{0x00000000b83636a8}: Found class java.lang.Object, but interface was expected> (0x00000000b83636a8) thrown at [src/hotspot/share/interpreter/linkResolver.cpp, line 839]
Event: 1.946 Thread 0x00007fa4c4019800 Exception <a 'java/lang/ClassNotFoundException'{0x00000000b7b96a90}: groovy/lang/ExpandoMetaClassBeanInfo> (0x00000000b7b96a90) thrown at [src/hotspot/share/classfile/systemDictionary.cpp, line 230]
Event: 1.953 Thread 0x00007fa4c4019800 Exception <a 'java/lang/ClassNotFoundException'{0x00000000b7b9de20}: groovy/lang/MetaClassImplBeanInfo> (0x00000000b7b9de20) thrown at [src/hotspot/share/classfile/systemDictionary.cpp, line 230]
Event: 1.953 Thread 0x00007fa4c4019800 Exception <a 'java/lang/ClassNotFoundException'{0x00000000b7b9e8c0}: java/lang/ObjectBeanInfo> (0x00000000b7b9e8c0) thrown at [src/hotspot/share/classfile/systemDictionary.cpp, line 230]
Event: 1.953 Thread 0x00007fa4c4019800 Exception <a 'java/lang/ClassNotFoundException'{0x00000000b7b9f330}: java/lang/ObjectCustomizer> (0x00000000b7b9f330) thrown at [src/hotspot/share/classfile/systemDictionary.cpp, line 230]
Event: 1.953 Thread 0x00007fa4c4019800 Exception <a 'java/lang/ClassNotFoundException'{0x00000000b7baa6b8}: groovy/lang/MetaClassImplCustomizer> (0x00000000b7baa6b8) thrown at [src/hotspot/share/classfile/systemDictionary.cpp, line 230]
Event: 1.955 Thread 0x00007fa4c4019800 Exception <a 'java/lang/ClassNotFoundException'{0x00000000b7bd3800}: groovy/lang/ExpandoMetaClassCustomizer> (0x00000000b7bd3800) thrown at [src/hotspot/share/classfile/systemDictionary.cpp, line 230]
Event: 1.971 Thread 0x00007fa4c4019800 Exception <a 'java/lang/ClassNotFoundException'{0x00000000b7969650}: org/springframework/beans/factory/groovy/GroovyBeanDefinitionReaderBeanInfo> (0x00000000b7969650) thrown at [src/hotspot/share/classfile/systemDictionary.cpp, line 230]
Event: 1.971 Thread 0x00007fa4c4019800 Exception <a 'java/lang/ClassNotFoundException'{0x00000000b7974f00}: org/springframework/beans/factory/support/AbstractBeanDefinitionReaderBeanInfo> (0x00000000b7974f00) thrown at [src/hotspot/share/classfile/systemDictionary.cpp, line 230]
Event: 1.972 Thread 0x00007fa4c4019800 Exception <a 'java/lang/ClassNotFoundException'{0x00000000b7980790}: org/springframework/beans/factory/support/AbstractBeanDefinitionReaderCustomizer> (0x00000000b7980790) thrown at [src/hotspot/share/classfile/systemDictionary.cpp, line 230]
Event: 1.972 Thread 0x00007fa4c4019800 Exception <a 'java/lang/ClassNotFoundException'{0x00000000b7998dd0}: org/springframework/beans/factory/groovy/GroovyBeanDefinitionReaderCustomizer> (0x00000000b7998dd0) thrown at [src/hotspot/share/classfile/systemDictionary.cpp, line 230]
Event: 2.121 Thread 0x00007fa4c4019800 Exception <a 'java/lang/ClassNotFoundException'{0x00000000b72f5db0}: java/lang/ObjectCustomizer> (0x00000000b72f5db0) thrown at [src/hotspot/share/classfile/systemDictionary.cpp, line 230]
Event: 2.122 Thread 0x00007fa4c4019800 Exception <a 'java/lang/ClassNotFoundException'{0x00000000b719a100}: org/springframework/context/annotation/ConfigurationClassPostProcessorCustomizer> (0x00000000b719a100) thrown at [src/hotspot/share/classfile/systemDictionary.cpp, line 230]
Event: 2.122 Thread 0x00007fa4c4019800 Exception <a 'java/lang/ClassNotFoundException'{0x00000000b71b6630}: org/springframework/beans/factory/support/BeanDefinitionRegistryPostProcessorCustomizer> (0x00000000b71b6630) thrown at [src/hotspot/share/classfile/systemDictionary.cpp, line 230]
Event: 2.123 Thread 0x00007fa4c4019800 Exception <a 'java/lang/ClassNotFoundException'{0x00000000b71c0e70}: org/springframework/core/PriorityOrderedCustomizer> (0x00000000b71c0e70) thrown at [src/hotspot/share/classfile/systemDictionary.cpp, line 230]
Event: 2.123 Thread 0x00007fa4c4019800 Exception <a 'java/lang/ClassNotFoundException'{0x00000000b71caee0}: org/springframework/context/ResourceLoaderAwareCustomizer> (0x00000000b71caee0) thrown at [src/hotspot/share/classfile/systemDictionary.cpp, line 230]
Event: 2.123 Thread 0x00007fa4c4019800 Exception <a 'java/lang/ClassNotFoundException'{0x00000000b71d6bf0}: org/springframework/beans/factory/BeanClassLoaderAwareCustomizer> (0x00000000b71d6bf0) thrown at [src/hotspot/share/classfile/systemDictionary.cpp, line 230]
Event: 2.123 Thread 0x00007fa4c4019800 Exception <a 'java/lang/ClassNotFoundException'{0x00000000b71e1df8}: org/springframework/context/EnvironmentAwareCustomizer> (0x00000000b71e1df8) thrown at [src/hotspot/share/classfile/systemDictionary.cpp, line 230]
Event: 2.175 Thread 0x00007fa464001800 Exception <a 'java/lang/reflect/InvocationTargetException'{0x00000000b6ef9f38}> (0x00000000b6ef9f38) thrown at [src/hotspot/share/runtime/reflection.cpp, line 1245]

Events (20 events):
Event: 2.188 loading class org/springframework/core/type/classreading/RecursiveAnnotationAttributesVisitor done
Event: 2.188 loading class org/springframework/core/type/classreading/AbstractRecursiveAnnotationVisitor
Event: 2.188 loading class org/springframework/core/type/classreading/AbstractRecursiveAnnotationVisitor done
Event: 2.188 loading class org/springframework/asm/AnnotationVisitor
Event: 2.188 loading class org/springframework/asm/AnnotationVisitor done
Event: 2.189 Executing VM operation: RevokeBias
Event: 2.189 Executing VM operation: RevokeBias done
Event: 2.189 loading class org/springframework/core/annotation/DefaultAnnotationAttributeExtractor
Event: 2.189 loading class org/springframework/core/annotation/DefaultAnnotationAttributeExtractor done
Event: 2.189 loading class org/springframework/core/annotation/AbstractAliasAwareAnnotationAttributeExtractor
Event: 2.189 loading class org/springframework/core/annotation/AbstractAliasAwareAnnotationAttributeExtractor done
Event: 2.189 loading class org/springframework/core/annotation/AnnotationAttributeExtractor
Event: 2.189 loading class org/springframework/core/annotation/AnnotationAttributeExtractor done
Event: 2.189 loading class org/springframework/core/annotation/SynthesizedAnnotationInvocationHandler
Event: 2.189 loading class org/springframework/core/annotation/SynthesizedAnnotationInvocationHandler done
Event: 2.190 Thread 0x00007fa4c4899000 Thread exited: 0x00007fa4c4899000
Event: 2.193 Executing VM operation: RevokeBias
Event: 2.193 Executing VM operation: RevokeBias done
Event: 2.193 Thread 0x00007fa458023800 Thread exited: 0x00007fa458023800
Event: 2.198 Executing VM operation: G1CollectForAllocation


Dynamic libraries:
b3a00000-b8800000 rw-p 00000000 00:00 0 
b8800000-ffe00000 ---p 00000000 00:00 0 
ffe00000-ffe47000 rw-p 01118000 08:05 3018578                            /usr/lib/jvm/java-11-openjdk-amd64/lib/server/classes.jsa
ffe47000-fff00000 rw-p 00000000 00:00 0 
fff00000-fff6b000 rw-p 010ad000 08:05 3018578                            /usr/lib/jvm/java-11-openjdk-amd64/lib/server/classes.jsa
fff6b000-100000000 rw-p 00000000 00:00 0 
800000000-800002000 rwxp 00001000 08:05 3018578                          /usr/lib/jvm/java-11-openjdk-amd64/lib/server/classes.jsa
800002000-8003cb000 rw-p 00003000 08:05 3018578                          /usr/lib/jvm/java-11-openjdk-amd64/lib/server/classes.jsa
8003cb000-800a99000 r--p 003cc000 08:05 3018578                          /usr/lib/jvm/java-11-openjdk-amd64/lib/server/classes.jsa
800a99000-800a9a000 rw-p 00a9a000 08:05 3018578                          /usr/lib/jvm/java-11-openjdk-amd64/lib/server/classes.jsa
800a9a000-8010ac000 r--p 00a9b000 08:05 3018578                          /usr/lib/jvm/java-11-openjdk-amd64/lib/server/classes.jsa
840000000-8402a0000 rw-p 00000000 00:00 0 
8402a0000-880000000 ---p 00000000 00:00 0 
55aa71260000-55aa71261000 r--p 00000000 08:05 3019153                    /usr/lib/jvm/java-11-openjdk-amd64/bin/java
55aa71261000-55aa71262000 r-xp 00001000 08:05 3019153                    /usr/lib/jvm/java-11-openjdk-amd64/bin/java
55aa71262000-55aa71263000 r--p 00002000 08:05 3019153                    /usr/lib/jvm/java-11-openjdk-amd64/bin/java
55aa71263000-55aa71264000 r--p 00002000 08:05 3019153                    /usr/lib/jvm/java-11-openjdk-amd64/bin/java
55aa71264000-55aa71265000 rw-p 00003000 08:05 3019153                    /usr/lib/jvm/java-11-openjdk-amd64/bin/java
55aa73118000-55aa73139000 rw-p 00000000 00:00 0                          [heap]
7fa43c000000-7fa43c021000 rw-p 00000000 00:00 0 
7fa43c021000-7fa440000000 ---p 00000000 00:00 0 
7fa444000000-7fa444021000 rw-p 00000000 00:00 0 
7fa444021000-7fa448000000 ---p 00000000 00:00 0 
7fa448000000-7fa448021000 rw-p 00000000 00:00 0 
7fa448021000-7fa44c000000 ---p 00000000 00:00 0 
7fa44c000000-7fa44c22a000 rw-p 00000000 00:00 0 
7fa44c22a000-7fa450000000 ---p 00000000 00:00 0 
7fa450000000-7fa450021000 rw-p 00000000 00:00 0 
7fa450021000-7fa454000000 ---p 00000000 00:00 0 
7fa454000000-7fa45402d000 rw-p 00000000 00:00 0 
7fa45402d000-7fa458000000 ---p 00000000 00:00 0 
7fa458000000-7fa458036000 rw-p 00000000 00:00 0 
7fa458036000-7fa45c000000 ---p 00000000 00:00 0 
7fa45c000000-7fa45c021000 rw-p 00000000 00:00 0 
7fa45c021000-7fa460000000 ---p 00000000 00:00 0 
7fa460000000-7fa460021000 rw-p 00000000 00:00 0 
7fa460021000-7fa464000000 ---p 00000000 00:00 0 
7fa464000000-7fa464021000 rw-p 00000000 00:00 0 
7fa464021000-7fa468000000 ---p 00000000 00:00 0 
7fa468000000-7fa468021000 rw-p 00000000 00:00 0 
7fa468021000-7fa46c000000 ---p 00000000 00:00 0 
7fa46c000000-7fa46c021000 rw-p 00000000 00:00 0 
7fa46c021000-7fa470000000 ---p 00000000 00:00 0 
7fa470000000-7fa470021000 rw-p 00000000 00:00 0 
7fa470021000-7fa474000000 ---p 00000000 00:00 0 
7fa474000000-7fa47439b000 rw-p 00000000 00:00 0 
7fa47439b000-7fa478000000 ---p 00000000 00:00 0 
7fa478000000-7fa478021000 rw-p 00000000 00:00 0 
7fa478021000-7fa47c000000 ---p 00000000 00:00 0 
7fa47c000000-7fa47c021000 rw-p 00000000 00:00 0 
7fa47c021000-7fa480000000 ---p 00000000 00:00 0 
7fa480000000-7fa480021000 rw-p 00000000 00:00 0 
7fa480021000-7fa484000000 ---p 00000000 00:00 0 
7fa484000000-7fa484021000 rw-p 00000000 00:00 0 
7fa484021000-7fa488000000 ---p 00000000 00:00 0 
7fa488000000-7fa488021000 rw-p 00000000 00:00 0 
7fa488021000-7fa48c000000 ---p 00000000 00:00 0 
7fa48c000000-7fa48c021000 rw-p 00000000 00:00 0 
7fa48c021000-7fa490000000 ---p 00000000 00:00 0 
7fa490000000-7fa490021000 rw-p 00000000 00:00 0 
7fa490021000-7fa494000000 ---p 00000000 00:00 0 
7fa494000000-7fa494021000 rw-p 00000000 00:00 0 
7fa494021000-7fa498000000 ---p 00000000 00:00 0 
7fa498000000-7fa498021000 rw-p 00000000 00:00 0 
7fa498021000-7fa49c000000 ---p 00000000 00:00 0 
7fa49caee000-7fa49ccee000 rw-p 00000000 00:00 0 
7fa49ccee000-7fa49ceee000 rw-p 00000000 00:00 0 
7fa49ceee000-7fa49ceef000 ---p 00000000 00:00 0 
7fa49ceef000-7fa49cff0000 rw-p 00000000 00:00 0 
7fa49cff0000-7fa49cff1000 ---p 00000000 00:00 0 
7fa49cff1000-7fa49d2f2000 rw-p 00000000 00:00 0 
7fa49d2f2000-7fa49d2f6000 ---p 00000000 00:00 0 
7fa49d2f6000-7fa49d3f3000 rw-p 00000000 00:00 0 
7fa49d3f3000-7fa49d3f7000 ---p 00000000 00:00 0 
7fa49d3f7000-7fa49d4f4000 rw-p 00000000 00:00 0 
7fa49d4f4000-7fa49d4f8000 ---p 00000000 00:00 0 
7fa49d4f8000-7fa49d5f5000 rw-p 00000000 00:00 0 
7fa49d5f5000-7fa49d5f9000 ---p 00000000 00:00 0 
7fa49d5f9000-7fa49d8f6000 rw-p 00000000 00:00 0 
7fa49d8f6000-7fa49d8fa000 ---p 00000000 00:00 0 
7fa49d8fa000-7fa49d9f7000 rw-p 00000000 00:00 0 
7fa49d9f7000-7fa49d9f8000 ---p 00000000 00:00 0 
7fa49d9f8000-7fa49daf9000 rw-p 00000000 00:00 0 
7fa49daf9000-7fa49dafa000 ---p 00000000 00:00 0 
7fa49dafa000-7fa49dbfb000 rw-p 00000000 00:00 0 
7fa49dbfb000-7fa49dbfc000 ---p 00000000 00:00 0 
7fa49dbfc000-7fa49dcfd000 rw-p 00000000 00:00 0 
7fa49dcfd000-7fa49dd01000 ---p 00000000 00:00 0 
7fa49dd01000-7fa49ddfe000 rw-p 00000000 00:00 0 
7fa49ddfe000-7fa49de02000 ---p 00000000 00:00 0 
7fa49de02000-7fa49deff000 rw-p 00000000 00:00 0 
7fa49deff000-7fa49df03000 ---p 00000000 00:00 0 
7fa49df03000-7fa4a0000000 rw-p 00000000 00:00 0 
7fa4a0000000-7fa4a0021000 rw-p 00000000 00:00 0 
7fa4a0021000-7fa4a4000000 ---p 00000000 00:00 0 
7fa4a40d1000-7fa4a40d5000 ---p 00000000 00:00 0 
7fa4a40d5000-7fa4a41d2000 rw-p 00000000 00:00 0 
7fa4a41d2000-7fa4a41d6000 ---p 00000000 00:00 0 
7fa4a41d6000-7fa4a42d3000 rw-p 00000000 00:00 0 
7fa4a42d3000-7fa4a42d7000 ---p 00000000 00:00 0 
7fa4a42d7000-7fa4a43d4000 rw-p 00000000 00:00 0 
7fa4a43d4000-7fa4a43d8000 ---p 00000000 00:00 0 
7fa4a43d8000-7fa4a44d5000 rw-p 00000000 00:00 0 
7fa4a44d5000-7fa4a4a45000 r--p 00000000 08:05 3016861                    /usr/lib/locale/locale-archive
7fa4a4a45000-7fa4a4a49000 ---p 00000000 00:00 0 
7fa4a4a49000-7fa4a4b46000 rw-p 00000000 00:00 0 
7fa4a4b46000-7fa4a4b4a000 ---p 00000000 00:00 0 
7fa4a4b4a000-7fa4a4c47000 rw-p 00000000 00:00 0 
7fa4a4c47000-7fa4a4c48000 ---p 00000000 00:00 0 
7fa4a4c48000-7fa4a55ca000 rw-p 00000000 00:00 0 
7fa4a55ca000-7fa4a55cb000 ---p 00000000 00:00 0 
7fa4a55cb000-7fa4a56cc000 rw-p 00000000 00:00 0 
7fa4a56cc000-7fa4a56cd000 ---p 00000000 00:00 0 
7fa4a56cd000-7fa4a5b08000 rw-p 00000000 00:00 0 
7fa4a5b08000-7fa4a6ce0000 ---p 00000000 00:00 0 
7fa4a6ce0000-7fa4a6e20000 rw-p 00000000 00:00 0 
7fa4a6e20000-7fa4a7ff8000 ---p 00000000 00:00 0 
7fa4a7ff8000-7fa4a8000000 rw-p 00000000 00:00 0 
7fa4a8000000-7fa4a8021000 rw-p 00000000 00:00 0 
7fa4a8021000-7fa4ac000000 ---p 00000000 00:00 0 
7fa4ac073000-7fa4ac275000 rw-p 00000000 00:00 0 
7fa4ac275000-7fa4ac276000 ---p 00000000 00:00 0 
7fa4ac276000-7fa4ac39e000 rw-p 00000000 00:00 0 
7fa4ac39e000-7fa4ac5d9000 ---p 00000000 00:00 0 
7fa4ac5d9000-7fa4ac601000 rw-p 00000000 00:00 0 
7fa4ac601000-7fa4ac83c000 ---p 00000000 00:00 0 
7fa4ac83c000-7fa4ac83d000 rw-p 00000000 00:00 0 
7fa4ac83d000-7fa4acaad000 rwxp 00000000 00:00 0 
7fa4acaad000-7fa4acee4000 ---p 00000000 00:00 0 
7fa4acee4000-7fa4ad214000 rwxp 00000000 00:00 0 
7fa4ad214000-7fa4bb83d000 ---p 00000000 00:00 0 
7fa4bb83d000-7fa4c4000000 r--s 00000000 08:05 3019257                    /usr/lib/jvm/java-11-openjdk-amd64/lib/modules
7fa4c4000000-7fa4c49d9000 rw-p 00000000 00:00 0 
7fa4c49d9000-7fa4c8000000 ---p 00000000 00:00 0 
7fa4c8026000-7fa4c8028000 r--p 00000000 08:05 3019245                    /usr/lib/jvm/java-11-openjdk-amd64/lib/libmanagement_ext.so
7fa4c8028000-7fa4c802b000 r-xp 00002000 08:05 3019245                    /usr/lib/jvm/java-11-openjdk-amd64/lib/libmanagement_ext.so
7fa4c802b000-7fa4c802d000 r--p 00005000 08:05 3019245                    /usr/lib/jvm/java-11-openjdk-amd64/lib/libmanagement_ext.so
7fa4c802d000-7fa4c802e000 r--p 00006000 08:05 3019245                    /usr/lib/jvm/java-11-openjdk-amd64/lib/libmanagement_ext.so
7fa4c802e000-7fa4c802f000 rw-p 00007000 08:05 3019245                    /usr/lib/jvm/java-11-openjdk-amd64/lib/libmanagement_ext.so
7fa4c802f000-7fa4c8032000 r--p 00000000 08:05 3019240                    /usr/lib/jvm/java-11-openjdk-amd64/lib/libmanagement.so
7fa4c8032000-7fa4c8033000 r-xp 00003000 08:05 3019240                    /usr/lib/jvm/java-11-openjdk-amd64/lib/libmanagement.so
7fa4c8033000-7fa4c8034000 r--p 00004000 08:05 3019240                    /usr/lib/jvm/java-11-openjdk-amd64/lib/libmanagement.so
7fa4c8034000-7fa4c8035000 r--p 00004000 08:05 3019240                    /usr/lib/jvm/java-11-openjdk-amd64/lib/libmanagement.so
7fa4c8035000-7fa4c8036000 rw-p 00005000 08:05 3019240                    /usr/lib/jvm/java-11-openjdk-amd64/lib/libmanagement.so
7fa4c8036000-7fa4c803a000 r--p 00000000 08:05 3019247                    /usr/lib/jvm/java-11-openjdk-amd64/lib/libnet.so
7fa4c803a000-7fa4c8048000 r-xp 00004000 08:05 3019247                    /usr/lib/jvm/java-11-openjdk-amd64/lib/libnet.so
7fa4c8048000-7fa4c804c000 r--p 00012000 08:05 3019247                    /usr/lib/jvm/java-11-openjdk-amd64/lib/libnet.so
7fa4c804c000-7fa4c804d000 r--p 00015000 08:05 3019247                    /usr/lib/jvm/java-11-openjdk-amd64/lib/libnet.so
7fa4c804d000-7fa4c804e000 rw-p 00016000 08:05 3019247                    /usr/lib/jvm/java-11-openjdk-amd64/lib/libnet.so
7fa4c804e000-7fa4c8055000 r--p 00000000 08:05 3019248                    /usr/lib/jvm/java-11-openjdk-amd64/lib/libnio.so
7fa4c8055000-7fa4c805d000 r-xp 00007000 08:05 3019248                    /usr/lib/jvm/java-11-openjdk-amd64/lib/libnio.so
7fa4c805d000-7fa4c8060000 r--p 0000f000 08:05 3019248                    /usr/lib/jvm/java-11-openjdk-amd64/lib/libnio.so
7fa4c8060000-7fa4c8061000 r--p 00011000 08:05 3019248                    /usr/lib/jvm/java-11-openjdk-amd64/lib/libnio.so
7fa4c8061000-7fa4c8062000 rw-p 00012000 08:05 3019248                    /usr/lib/jvm/java-11-openjdk-amd64/lib/libnio.so
7fa4c8062000-7fa4c80bd000 rw-p 00000000 00:00 0 
7fa4c80bd000-7fa4c80be000 ---p 00000000 00:00 0 
7fa4c80be000-7fa4c820f000 rw-p 00000000 00:00 0 
7fa4c820f000-7fa4c844a000 ---p 00000000 00:00 0 
7fa4c844a000-7fa4c884f000 rw-p 00000000 00:00 0 
7fa4c884f000-7fa4c8850000 ---p 00000000 00:00 0 
7fa4c8850000-7fa4c8958000 rw-p 00000000 00:00 0 
7fa4c8958000-7fa4c8b24000 ---p 00000000 00:00 0 
7fa4c8b24000-7fa4c8b29000 rw-p 00000000 00:00 0 
7fa4c8b29000-7fa4c8b32000 ---p 00000000 00:00 0 
7fa4c8b32000-7fa4c8b34000 r--p 00000000 08:05 3019256                    /usr/lib/jvm/java-11-openjdk-amd64/lib/libzip.so
7fa4c8b34000-7fa4c8b39000 r-xp 00002000 08:05 3019256                    /usr/lib/jvm/java-11-openjdk-amd64/lib/libzip.so
7fa4c8b39000-7fa4c8b3b000 r--p 00007000 08:05 3019256                    /usr/lib/jvm/java-11-openjdk-amd64/lib/libzip.so
7fa4c8b3b000-7fa4c8b3c000 r--p 00008000 08:05 3019256                    /usr/lib/jvm/java-11-openjdk-amd64/lib/libzip.so
7fa4c8b3c000-7fa4c8b3d000 rw-p 00009000 08:05 3019256                    /usr/lib/jvm/java-11-openjdk-amd64/lib/libzip.so
7fa4c8b3d000-7fa4c8b40000 r--p 00000000 08:05 3016844                    /usr/lib/x86_64-linux-gnu/libnss_files-2.31.so
7fa4c8b40000-7fa4c8b47000 r-xp 00003000 08:05 3016844                    /usr/lib/x86_64-linux-gnu/libnss_files-2.31.so
7fa4c8b47000-7fa4c8b49000 r--p 0000a000 08:05 3016844                    /usr/lib/x86_64-linux-gnu/libnss_files-2.31.so
7fa4c8b49000-7fa4c8b4a000 r--p 0000b000 08:05 3016844                    /usr/lib/x86_64-linux-gnu/libnss_files-2.31.so
7fa4c8b4a000-7fa4c8b4b000 rw-p 0000c000 08:05 3016844                    /usr/lib/x86_64-linux-gnu/libnss_files-2.31.so
7fa4c8b4b000-7fa4c8b51000 rw-p 00000000 00:00 0 
7fa4c8b54000-7fa4c8b55000 r--p 00000000 08:05 3019226                    /usr/lib/jvm/java-11-openjdk-amd64/lib/libextnet.so
7fa4c8b55000-7fa4c8b56000 r-xp 00001000 08:05 3019226                    /usr/lib/jvm/java-11-openjdk-amd64/lib/libextnet.so
7fa4c8b56000-7fa4c8b57000 r--p 00002000 08:05 3019226                    /usr/lib/jvm/java-11-openjdk-amd64/lib/libextnet.so
7fa4c8b57000-7fa4c8b58000 r--p 00002000 08:05 3019226                    /usr/lib/jvm/java-11-openjdk-amd64/lib/libextnet.so
7fa4c8b58000-7fa4c8b59000 rw-p 00003000 08:05 3019226                    /usr/lib/jvm/java-11-openjdk-amd64/lib/libextnet.so
7fa4c8b59000-7fa4c8b5b000 r--s 0000c000 08:05 3673143                    /usr/share/java/java-atk-wrapper.jar
7fa4c8b5b000-7fa4c8b63000 rw-s 00000000 08:05 2756097                    /tmp/hsperfdata_himank/19318
7fa4c8b63000-7fa4c8b65000 r--p 00000000 08:05 3019228                    /usr/lib/jvm/java-11-openjdk-amd64/lib/libinstrument.so
7fa4c8b65000-7fa4c8b6b000 r-xp 00002000 08:05 3019228                    /usr/lib/jvm/java-11-openjdk-amd64/lib/libinstrument.so
7fa4c8b6b000-7fa4c8b6e000 r--p 00008000 08:05 3019228                    /usr/lib/jvm/java-11-openjdk-amd64/lib/libinstrument.so
7fa4c8b6e000-7fa4c8b6f000 r--p 0000a000 08:05 3019228                    /usr/lib/jvm/java-11-openjdk-amd64/lib/libinstrument.so
7fa4c8b6f000-7fa4c8b70000 rw-p 0000b000 08:05 3019228                    /usr/lib/jvm/java-11-openjdk-amd64/lib/libinstrument.so
7fa4c8b70000-7fa4c8b71000 ---p 00000000 00:00 0 
7fa4c8b71000-7fa4c8b72000 r--p 00000000 00:00 0 
7fa4c8b72000-7fa4c8b74000 r--p 00000000 08:05 3019236                    /usr/lib/jvm/java-11-openjdk-amd64/lib/libjimage.so
7fa4c8b74000-7fa4c8b77000 r-xp 00002000 08:05 3019236                    /usr/lib/jvm/java-11-openjdk-amd64/lib/libjimage.so
7fa4c8b77000-7fa4c8b78000 r--p 00005000 08:05 3019236                    /usr/lib/jvm/java-11-openjdk-amd64/lib/libjimage.so
7fa4c8b78000-7fa4c8b79000 ---p 00006000 08:05 3019236                    /usr/lib/jvm/java-11-openjdk-amd64/lib/libjimage.so
7fa4c8b79000-7fa4c8b7a000 r--p 00006000 08:05 3019236                    /usr/lib/jvm/java-11-openjdk-amd64/lib/libjimage.so
7fa4c8b7a000-7fa4c8b7b000 rw-p 00007000 08:05 3019236                    /usr/lib/jvm/java-11-openjdk-amd64/lib/libjimage.so
7fa4c8b7b000-7fa4c8b89000 r--p 00000000 08:05 3019233                    /usr/lib/jvm/java-11-openjdk-amd64/lib/libjava.so
7fa4c8b89000-7fa4c8b9f000 r-xp 0000e000 08:05 3019233                    /usr/lib/jvm/java-11-openjdk-amd64/lib/libjava.so
7fa4c8b9f000-7fa4c8ba6000 r--p 00024000 08:05 3019233                    /usr/lib/jvm/java-11-openjdk-amd64/lib/libjava.so
7fa4c8ba6000-7fa4c8ba7000 r--p 0002a000 08:05 3019233                    /usr/lib/jvm/java-11-openjdk-amd64/lib/libjava.so
7fa4c8ba7000-7fa4c8ba8000 rw-p 0002b000 08:05 3019233                    /usr/lib/jvm/java-11-openjdk-amd64/lib/libjava.so
7fa4c8ba8000-7fa4c8ba9000 rw-p 00000000 00:00 0 
7fa4c8ba9000-7fa4c8bab000 r--p 00000000 08:05 3016851                    /usr/lib/x86_64-linux-gnu/librt-2.31.so
7fa4c8bab000-7fa4c8baf000 r-xp 00002000 08:05 3016851                    /usr/lib/x86_64-linux-gnu/librt-2.31.so
7fa4c8baf000-7fa4c8bb1000 r--p 00006000 08:05 3016851                    /usr/lib/x86_64-linux-gnu/librt-2.31.so
7fa4c8bb1000-7fa4c8bb2000 r--p 00007000 08:05 3016851                    /usr/lib/x86_64-linux-gnu/librt-2.31.so
7fa4c8bb2000-7fa4c8bb3000 rw-p 00008000 08:05 3016851                    /usr/lib/x86_64-linux-gnu/librt-2.31.so
7fa4c8bb3000-7fa4c8bb7000 ---p 00000000 00:00 0 
7fa4c8bb7000-7fa4c8cb4000 rw-p 00000000 00:00 0 
7fa4c8cb4000-7fa4c8cb7000 r--p 00000000 08:05 3021660                    /usr/lib/x86_64-linux-gnu/libgcc_s.so.1
7fa4c8cb7000-7fa4c8cc9000 r-xp 00003000 08:05 3021660                    /usr/lib/x86_64-linux-gnu/libgcc_s.so.1
7fa4c8cc9000-7fa4c8ccd000 r--p 00015000 08:05 3021660                    /usr/lib/x86_64-linux-gnu/libgcc_s.so.1
7fa4c8ccd000-7fa4c8cce000 r--p 00018000 08:05 3021660                    /usr/lib/x86_64-linux-gnu/libgcc_s.so.1
7fa4c8cce000-7fa4c8ccf000 rw-p 00019000 08:05 3021660                    /usr/lib/x86_64-linux-gnu/libgcc_s.so.1
7fa4c8ccf000-7fa4c8cdc000 r--p 00000000 08:05 3016838                    /usr/lib/x86_64-linux-gnu/libm-2.31.so
7fa4c8cdc000-7fa4c8d83000 r-xp 0000d000 08:05 3016838                    /usr/lib/x86_64-linux-gnu/libm-2.31.so
7fa4c8d83000-7fa4c8e1c000 r--p 000b4000 08:05 3016838                    /usr/lib/x86_64-linux-gnu/libm-2.31.so
7fa4c8e1c000-7fa4c8e1d000 r--p 0014c000 08:05 3016838                    /usr/lib/x86_64-linux-gnu/libm-2.31.so
7fa4c8e1d000-7fa4c8e1e000 rw-p 0014d000 08:05 3016838                    /usr/lib/x86_64-linux-gnu/libm-2.31.so
7fa4c8e1e000-7fa4c8eb4000 r--p 00000000 08:05 3022449                    /usr/lib/x86_64-linux-gnu/libstdc++.so.6.0.28
7fa4c8eb4000-7fa4c8fa5000 r-xp 00096000 08:05 3022449                    /usr/lib/x86_64-linux-gnu/libstdc++.so.6.0.28
7fa4c8fa5000-7fa4c8fee000 r--p 00187000 08:05 3022449                    /usr/lib/x86_64-linux-gnu/libstdc++.so.6.0.28
7fa4c8fee000-7fa4c8fef000 ---p 001d0000 08:05 3022449                    /usr/lib/x86_64-linux-gnu/libstdc++.so.6.0.28
7fa4c8fef000-7fa4c8ffa000 r--p 001d0000 08:05 3022449                    /usr/lib/x86_64-linux-gnu/libstdc++.so.6.0.28
7fa4c8ffa000-7fa4c8ffd000 rw-p 001db000 08:05 3022449                    /usr/lib/x86_64-linux-gnu/libstdc++.so.6.0.28
7fa4c8ffd000-7fa4c9000000 rw-p 00000000 00:00 0 
7fa4c9000000-7fa4c9282000 r--p 00000000 08:05 3019260                    /usr/lib/jvm/java-11-openjdk-amd64/lib/server/libjvm.so
7fa4c9282000-7fa4c9f07000 r-xp 00282000 08:05 3019260                    /usr/lib/jvm/java-11-openjdk-amd64/lib/server/libjvm.so
7fa4c9f07000-7fa4ca163000 r--p 00f07000 08:05 3019260                    /usr/lib/jvm/java-11-openjdk-amd64/lib/server/libjvm.so
7fa4ca163000-7fa4ca227000 r--p 01162000 08:05 3019260                    /usr/lib/jvm/java-11-openjdk-amd64/lib/server/libjvm.so
7fa4ca227000-7fa4ca262000 rw-p 01226000 08:05 3019260                    /usr/lib/jvm/java-11-openjdk-amd64/lib/server/libjvm.so
7fa4ca262000-7fa4ca2bb000 rw-p 00000000 00:00 0 
7fa4ca2bb000-7fa4ca2c1000 r--p 00000000 08:05 3016849                    /usr/lib/x86_64-linux-gnu/libpthread-2.31.so
7fa4ca2c1000-7fa4ca2d2000 r-xp 00006000 08:05 3016849                    /usr/lib/x86_64-linux-gnu/libpthread-2.31.so
7fa4ca2d2000-7fa4ca2d8000 r--p 00017000 08:05 3016849                    /usr/lib/x86_64-linux-gnu/libpthread-2.31.so
7fa4ca2d8000-7fa4ca2d9000 r--p 0001c000 08:05 3016849                    /usr/lib/x86_64-linux-gnu/libpthread-2.31.so
7fa4ca2d9000-7fa4ca2da000 rw-p 0001d000 08:05 3016849                    /usr/lib/x86_64-linux-gnu/libpthread-2.31.so
7fa4ca2da000-7fa4ca2de000 rw-p 00000000 00:00 0 
7fa4ca2de000-7fa4ca2df000 r--p 00000000 08:05 3016837                    /usr/lib/x86_64-linux-gnu/libdl-2.31.so
7fa4ca2df000-7fa4ca2e1000 r-xp 00001000 08:05 3016837                    /usr/lib/x86_64-linux-gnu/libdl-2.31.so
7fa4ca2e1000-7fa4ca2e2000 r--p 00003000 08:05 3016837                    /usr/lib/x86_64-linux-gnu/libdl-2.31.so
7fa4ca2e2000-7fa4ca2e3000 r--p 00003000 08:05 3016837                    /usr/lib/x86_64-linux-gnu/libdl-2.31.so
7fa4ca2e3000-7fa4ca2e4000 rw-p 00004000 08:05 3016837                    /usr/lib/x86_64-linux-gnu/libdl-2.31.so
7fa4ca2e4000-7fa4ca2e6000 r--p 00000000 08:05 3014890                    /usr/lib/x86_64-linux-gnu/libz.so.1.2.11
7fa4ca2e6000-7fa4ca2f7000 r-xp 00002000 08:05 3014890                    /usr/lib/x86_64-linux-gnu/libz.so.1.2.11
7fa4ca2f7000-7fa4ca2fd000 r--p 00013000 08:05 3014890                    /usr/lib/x86_64-linux-gnu/libz.so.1.2.11
7fa4ca2fd000-7fa4ca2fe000 ---p 00019000 08:05 3014890                    /usr/lib/x86_64-linux-gnu/libz.so.1.2.11
7fa4ca2fe000-7fa4ca2ff000 r--p 00019000 08:05 3014890                    /usr/lib/x86_64-linux-gnu/libz.so.1.2.11
7fa4ca2ff000-7fa4ca300000 rw-p 0001a000 08:05 3014890                    /usr/lib/x86_64-linux-gnu/libz.so.1.2.11
7fa4ca300000-7fa4ca322000 r--p 00000000 08:05 3016836                    /usr/lib/x86_64-linux-gnu/libc-2.31.so
7fa4ca322000-7fa4ca49a000 r-xp 00022000 08:05 3016836                    /usr/lib/x86_64-linux-gnu/libc-2.31.so
7fa4ca49a000-7fa4ca4e8000 r--p 0019a000 08:05 3016836                    /usr/lib/x86_64-linux-gnu/libc-2.31.so
7fa4ca4e8000-7fa4ca4ec000 r--p 001e7000 08:05 3016836                    /usr/lib/x86_64-linux-gnu/libc-2.31.so
7fa4ca4ec000-7fa4ca4ee000 rw-p 001eb000 08:05 3016836                    /usr/lib/x86_64-linux-gnu/libc-2.31.so
7fa4ca4ee000-7fa4ca4f2000 rw-p 00000000 00:00 0 
7fa4ca4f2000-7fa4ca4f7000 r--p 00000000 08:05 3019255                    /usr/lib/jvm/java-11-openjdk-amd64/lib/libverify.so
7fa4ca4f7000-7fa4ca4fe000 r-xp 00005000 08:05 3019255                    /usr/lib/jvm/java-11-openjdk-amd64/lib/libverify.so
7fa4ca4fe000-7fa4ca500000 r--p 0000c000 08:05 3019255                    /usr/lib/jvm/java-11-openjdk-amd64/lib/libverify.so
7fa4ca500000-7fa4ca501000 ---p 0000e000 08:05 3019255                    /usr/lib/jvm/java-11-openjdk-amd64/lib/libverify.so
7fa4ca501000-7fa4ca503000 r--p 0000e000 08:05 3019255                    /usr/lib/jvm/java-11-openjdk-amd64/lib/libverify.so
7fa4ca503000-7fa4ca504000 rw-p 00010000 08:05 3019255                    /usr/lib/jvm/java-11-openjdk-amd64/lib/libverify.so
7fa4ca504000-7fa4ca507000 r--p 00000000 08:05 3019214                    /usr/lib/jvm/java-11-openjdk-amd64/lib/jli/libjli.so
7fa4ca507000-7fa4ca511000 r-xp 00003000 08:05 3019214                    /usr/lib/jvm/java-11-openjdk-amd64/lib/jli/libjli.so
7fa4ca511000-7fa4ca514000 r--p 0000d000 08:05 3019214                    /usr/lib/jvm/java-11-openjdk-amd64/lib/jli/libjli.so
7fa4ca514000-7fa4ca515000 ---p 00010000 08:05 3019214                    /usr/lib/jvm/java-11-openjdk-amd64/lib/jli/libjli.so
7fa4ca515000-7fa4ca516000 r--p 00010000 08:05 3019214                    /usr/lib/jvm/java-11-openjdk-amd64/lib/jli/libjli.so
7fa4ca516000-7fa4ca517000 rw-p 00011000 08:05 3019214                    /usr/lib/jvm/java-11-openjdk-amd64/lib/jli/libjli.so
7fa4ca517000-7fa4ca519000 rw-p 00000000 00:00 0 
7fa4ca519000-7fa4ca51a000 r--p 00000000 08:05 3016829                    /usr/lib/x86_64-linux-gnu/ld-2.31.so
7fa4ca51a000-7fa4ca53d000 r-xp 00001000 08:05 3016829                    /usr/lib/x86_64-linux-gnu/ld-2.31.so
7fa4ca53d000-7fa4ca545000 r--p 00024000 08:05 3016829                    /usr/lib/x86_64-linux-gnu/ld-2.31.so
7fa4ca546000-7fa4ca547000 r--p 0002c000 08:05 3016829                    /usr/lib/x86_64-linux-gnu/ld-2.31.so
7fa4ca547000-7fa4ca548000 rw-p 0002d000 08:05 3016829                    /usr/lib/x86_64-linux-gnu/ld-2.31.so
7fa4ca548000-7fa4ca549000 rw-p 00000000 00:00 0 
7ffd39d2e000-7ffd39d51000 rw-p 00000000 00:00 0                          [stack]
7ffd39dd8000-7ffd39ddc000 r--p 00000000 00:00 0                          [vvar]
7ffd39ddc000-7ffd39dde000 r-xp 00000000 00:00 0                          [vdso]
ffffffffff600000-ffffffffff601000 --xp 00000000 00:00 0                  [vsyscall]


VM Arguments:
jvm_args: -XX:TieredStopAtLevel=1 -Xverify:none -Dspring.output.ansi.enabled=always -Dcom.sun.management.jmxremote -Dspring.jmx.enabled=true -Dspring.liveBeansView.mbeanDomain -Dspring.application.admin.enabled=true -javaagent:/home/himank/.local/share/JetBrains/Toolbox/apps/IDEA-U/ch-0/221.5080.210/lib/idea_rt.jar=33571:/home/himank/.local/share/JetBrains/Toolbox/apps/IDEA-U/ch-0/221.5080.210/bin -Dfile.encoding=UTF-8 
java_command: com.baeldung.spring.Application
java_class_path (initial): /home/himank/Documents/Spring/MajorProject/spring-job-portal (copy)/target/classes:/home/himank/.m2/repository/org/springframework/boot/spring-boot-starter-data-jpa/1.4.1.RELEASE/spring-boot-starter-data-jpa-1.4.1.RELEASE.jar:/home/himank/.m2/repository/org/springframework/boot/spring-boot-starter/1.4.1.RELEASE/spring-boot-starter-1.4.1.RELEASE.jar:/home/himank/.m2/repository/org/springframework/boot/spring-boot/1.4.1.RELEASE/spring-boot-1.4.1.RELEASE.jar:/home/himank/.m2/repository/org/springframework/boot/spring-boot-autoconfigure/1.4.1.RELEASE/spring-boot-autoconfigure-1.4.1.RELEASE.jar:/home/himank/.m2/repository/org/springframework/boot/spring-boot-starter-logging/1.4.1.RELEASE/spring-boot-starter-logging-1.4.1.RELEASE.jar:/home/himank/.m2/repository/ch/qos/logback/logback-classic/1.1.7/logback-classic-1.1.7.jar:/home/himank/.m2/repository/ch/qos/logback/logback-core/1.1.7/logback-core-1.1.7.jar:/home/himank/.m2/repository/org/slf4j/jul-to-slf4j/1.7.21/jul-to-slf4j-1.7.21.jar:/home/himank/.m2/repository/org/slf4j/log4j-over-slf4j/1.7.21/log4j-over-slf4j-1.7.21.jar:/home/himank/.m2/repository/org/yaml/snakeyaml/1.17/snakeyaml-1.17.jar:/home/himank/.m2/repository/org/springframework/boot/spring-boot-starter-aop/1.4.1.RELEASE/spring-boot-starter-aop-1.4.1.RELEASE.jar:/home/himank/.m2/repository/org/springframework/spring-aop/4.3.3.RELEASE/spring-aop-4.3.3.RELEASE.jar:/home/himank/.m2/repository/org/aspectj/aspectjweaver/1.8.9/aspectjweaver-1.8.9.jar:/home/himank/.m2/repository/org/springframework/boot/spring-boot-starter-jdbc/1.4.1.RELEASE/spring-boot-starter-jdbc-1.4.1.RELEASE.jar:/home/himank/.m2/repository/org/apache/tomcat/tomcat-jdbc/8.5.5/tomcat-jdbc-8.5.5.jar:/home/himank/.m2/repository/org/apache/tomcat/tomcat-juli/8.5.5/tomcat-juli-8.5.5.jar:/home/himank/.m2/repository/org/springframework/spring-jdbc/4.3.3.RELEASE/spring-jdbc-4.3.3.RELEASE.jar:/home/himank/.m2/repository/org/hibernate/hibernate-core/5.0.11.Final/hibernate-core
Launcher Type: SUN_STANDARD

[Global flags]
     bool BytecodeVerificationLocal                = false                                     {product} {command line}
     bool BytecodeVerificationRemote               = false                                     {product} {command line}
     intx CICompilerCount                          = 3                                         {product} {ergonomic}
     uint ConcGCThreads                            = 1                                         {product} {ergonomic}
     uint G1ConcRefinementThreads                  = 4                                         {product} {ergonomic}
   size_t G1HeapRegionSize                         = 1048576                                   {product} {ergonomic}
    uintx GCDrainStackTargetSize                   = 64                                        {product} {ergonomic}
   size_t InitialHeapSize                          = 81788928                                  {product} {ergonomic}
     bool ManagementServer                         = true                                      {product} {command line}
   size_t MarkStackSize                            = 4194304                                   {product} {ergonomic}
   size_t MaxHeapSize                              = 1281359872                                {product} {ergonomic}
   size_t MaxNewSize                               = 768606208                                 {product} {ergonomic}
   size_t MinHeapDeltaBytes                        = 1048576                                   {product} {ergonomic}
    uintx NonNMethodCodeHeapSize                   = 6973028                                {pd product} {ergonomic}
    uintx NonProfiledCodeHeapSize                  = 244685212                              {pd product} {ergonomic}
    uintx ProfiledCodeHeapSize                     = 0                                      {pd product} {ergonomic}
    uintx ReservedCodeCacheSize                    = 251658240                              {pd product} {ergonomic}
     bool SegmentedCodeCache                       = true                                      {product} {ergonomic}
     intx TieredStopAtLevel                        = 1                                         {product} {command line}
     bool UseCompressedClassPointers               = true                                 {lp64_product} {ergonomic}
     bool UseCompressedOops                        = true                                 {lp64_product} {ergonomic}
     bool UseG1GC                                  = true                                      {product} {ergonomic}

Logging:
Log output configuration:
 #0: stdout all=warning uptime,level,tags
 #1: stderr all=off uptime,level,tags

Environment Variables:
PATH=/usr/local/sbin:/usr/local/bin:/usr/sbin:/usr/bin:/sbin:/bin:/usr/games:/usr/local/games:/snap/bin
USERNAME=himank
SHELL=/bin/bash
DISPLAY=:0
LANG=en_IN

Signal Handlers:
SIGSEGV: [libjvm.so+0xe94e20], sa_mask[0]=11111111011111111101111111111110, sa_flags=SA_RESTART|SA_SIGINFO
SIGBUS: [libjvm.so+0xe94e20], sa_mask[0]=11111111011111111101111111111110, sa_flags=SA_RESTART|SA_SIGINFO
SIGFPE: [libjvm.so+0xe94e20], sa_mask[0]=11111111011111111101111111111110, sa_flags=SA_RESTART|SA_SIGINFO
SIGPIPE: [libjvm.so+0xbdc9e0], sa_mask[0]=11111111011111111101111111111110, sa_flags=SA_RESTART|SA_SIGINFO
SIGXFSZ: [libjvm.so+0xbdc9e0], sa_mask[0]=11111111011111111101111111111110, sa_flags=SA_RESTART|SA_SIGINFO
SIGILL: [libjvm.so+0xe94e20], sa_mask[0]=11111111011111111101111111111110, sa_flags=SA_RESTART|SA_SIGINFO
SIGUSR2: [libjvm.so+0xbdc880], sa_mask[0]=00100000000000000000000000000000, sa_flags=SA_RESTART|SA_SIGINFO
SIGHUP: SIG_IGN, sa_mask[0]=00000000000000000000000000000000, sa_flags=none
SIGINT: [libjvm.so+0xbdcd20], sa_mask[0]=11111111011111111101111111111110, sa_flags=SA_RESTART|SA_SIGINFO
SIGTERM: [libjvm.so+0xbdcd20], sa_mask[0]=11111111011111111101111111111110, sa_flags=SA_RESTART|SA_SIGINFO
SIGQUIT: [libjvm.so+0xbdcd20], sa_mask[0]=11111111011111111101111111111110, sa_flags=SA_RESTART|SA_SIGINFO


---------------  S Y S T E M  ---------------

OS:DISTRIB_ID=Ubuntu
DISTRIB_RELEASE=20.04
DISTRIB_CODENAME=focal
DISTRIB_DESCRIPTION="Ubuntu 20.04.4 LTS"
uname:Linux 5.13.0-40-generic #45~20.04.1-Ubuntu SMP Mon Apr 4 09:38:31 UTC 2022 x86_64
OS uptime: 0 days 2:05 hours
libc:glibc 2.31 NPTL 2.31 
rlimit (soft/hard): STACK 8192k/infinity , CORE 0k/infinity , NPROC 19274/19274 , NOFILE 1048576/1048576 , AS infinity/infinity , CPU infinity/infinity , DATA infinity/infinity , FSIZE infinity/infinity , MEMLOCK 65536k/65536k
load average:1.84 1.00 0.69

/proc/meminfo:
MemTotal:        5004772 kB
MemFree:          130724 kB
MemAvailable:    1209796 kB
Buffers:           83356 kB
Cached:          1305416 kB
SwapCached:        85516 kB
Active:          2246108 kB
Inactive:        2346516 kB
Active(anon):    1476016 kB
Inactive(anon):  1871504 kB
Active(file):     770092 kB
Inactive(file):   475012 kB
Unevictable:          48 kB
Mlocked:              48 kB
SwapTotal:       2097148 kB
SwapFree:         963220 kB
Dirty:             14084 kB
Writeback:             0 kB
AnonPages:       3118804 kB
Mapped:           522048 kB
Shmem:            143728 kB
KReclaimable:      80556 kB
Slab:             169316 kB
SReclaimable:      80556 kB
SUnreclaim:        88760 kB
KernelStack:       14736 kB
PageTables:        35008 kB
NFS_Unstable:          0 kB
Bounce:                0 kB
WritebackTmp:          0 kB
CommitLimit:     4599532 kB
Committed_AS:    9935780 kB
VmallocTotal:   34359738367 kB
VmallocUsed:       46684 kB
VmallocChunk:          0 kB
Percpu:             4032 kB
HardwareCorrupted:     0 kB
AnonHugePages:         0 kB
ShmemHugePages:        0 kB
ShmemPmdMapped:        0 kB
FileHugePages:         0 kB
FilePmdMapped:         0 kB
HugePages_Total:       0
HugePages_Free:        0
HugePages_Rsvd:        0
HugePages_Surp:        0
Hugepagesize:       2048 kB
Hugetlb:               0 kB
DirectMap4k:      286656 kB
DirectMap2M:     4915200 kB

/sys/kernel/mm/transparent_hugepage/enabled:
always [madvise] never
/sys/kernel/mm/transparent_hugepage/defrag (defrag/compaction efforts parameter):
always defer defer+madvise [madvise] never

Process Memory:
Virtual Size: 4571040K (peak: 12653828K)
Resident Set Size: 118656K (peak: 118656K) (anon: 90916K, file: 27740K, shmem: 0K)
Swapped out: 0K
C-Heap outstanding allocations: 16712K

/proc/sys/kernel/threads-max (system-wide limit on the number of threads):
38549
/proc/sys/vm/max_map_count (maximum number of memory map areas a process may have):
65530
/proc/sys/kernel/pid_max (system-wide limit on number of process identifiers):
4194304

container (cgroup) information:
container_type: cgroupv1
cpu_cpuset_cpus: 0-3
cpu_memory_nodes: 0
active_processor_count: 4
cpu_quota: -1
cpu_period: 100000
cpu_shares: -1
memory_limit_in_bytes: -1
memory_and_swap_limit_in_bytes: -1
memory_soft_limit_in_bytes: -1
memory_usage_in_bytes: 4355657728
memory_max_usage_in_bytes: 4411084800

KVM virtualization detected
Steal ticks since vm start: 0
Steal ticks percentage since vm start:  0.000

CPU:total 4 (initial active 4) (4 cores per cpu, 1 threads per core) family 6 model 140 stepping 1 microcode 0x0, cmov, cx8, fxsr, mmx, sse, sse2, sse3, ssse3, sse4.1, sse4.2, popcnt, avx, avx2, aes, clmul, 3dnowpref, lzcnt, tsc, tscinvbit
CPU Model and flags from /proc/cpuinfo:
model name	: 11th Gen Intel(R) Core(TM) i5-1135G7 @ 2.40GHz
flags		: fpu vme de pse tsc msr pae mce cx8 apic sep mtrr pge mca cmov pat pse36 clflush mmx fxsr sse sse2 ht syscall nx rdtscp lm constant_tsc rep_good nopl xtopology nonstop_tsc cpuid tsc_known_freq pni pclmulqdq ssse3 cx16 pcid sse4_1 sse4_2 x2apic movbe popcnt aes xsave avx rdrand hypervisor lahf_lm abm 3dnowprefetch invpcid_single fsgsbase avx2 invpcid rdseed clflushopt md_clear flush_l1d arch_capabilities
Online cpus:
0-3
Offline cpus:

BIOS frequency limitation:
<Not Available>
Frequency switch latency (ns):
<Not Available>
Available cpu frequencies:
<Not Available>
Current governor:
<Not Available>
Core performance/turbo boost:
<Not Available>

Memory: 4k page, physical 5004772k(130724k free), swap 2097148k(963220k free)

vm_info: OpenJDK 64-Bit Server VM (11.0.14.1+1-Ubuntu-0ubuntu1.20.04) for linux-amd64 JRE (11.0.14.1+1-Ubuntu-0ubuntu1.20.04), built on Mar 27 2022 10:06:41 by "unknown" with gcc 9.4.0

END.
