2022-05-09 18:33:32.895 [http-nio-8095-exec-1] INFO  com.jobseek.spring.dao.impl.InterestedDaoImpl - [getJobSeeker] - 1
2022-05-09 18:33:32.921 [http-nio-8095-exec-1] INFO  com.jobseek.spring.dao.impl.InterestedDaoImpl - [RESULT - getJobSeeker] - com.jobseek.spring.entity.JobSeeker@4a031eca
2022-05-09 18:33:32.928 [http-nio-8095-exec-1] INFO  com.jobseek.spring.dao.impl.InterestedDaoImpl - [updateJobSeeker] - com.jobseek.spring.entity.JobSeeker@51450b1c
2022-05-09 18:33:32.929 [http-nio-8095-exec-1] INFO  com.jobseek.spring.dao.impl.InterestedDaoImpl - [getJobSeeker] - 1
2022-05-09 18:33:32.929 [http-nio-8095-exec-1] INFO  com.jobseek.spring.dao.impl.InterestedDaoImpl - [RESULT - getJobSeeker] - com.jobseek.spring.entity.JobSeeker@4a031eca
2022-05-09 18:33:32.931 [http-nio-8095-exec-1] INFO  com.jobseek.spring.dao.impl.InterestedDaoImpl - [RESULT - updateJobSeeker] - com.jobseek.spring.entity.JobSeeker@4a031eca
2022-05-09 18:33:40.318 [http-nio-8095-exec-4] INFO  com.jobseek.spring.dao.impl.InterestedDaoImpl - [PasswordLookUp] - himank369123@gmail.com
2022-05-09 18:33:40.421 [http-nio-8095-exec-4] INFO  com.jobseek.spring.dao.impl.InterestedDaoImpl - [RESULT - PasswordLookUp] - [1234]
2022-05-09 18:33:40.422 [http-nio-8095-exec-4] INFO  com.jobseek.spring.dao.impl.InterestedDaoImpl - [getUserIdFromEmail] - himank369123@gmail.com
2022-05-09 18:33:40.425 [http-nio-8095-exec-4] INFO  com.jobseek.spring.dao.impl.InterestedDaoImpl - [RESULT - getUserIdFromEmail] - [1]
2022-05-09 18:33:40.426 [http-nio-8095-exec-4] INFO  com.jobseek.spring.dao.impl.InterestedDaoImpl - [getJobSeeker] - 1
2022-05-09 18:33:40.428 [http-nio-8095-exec-4] INFO  com.jobseek.spring.dao.impl.InterestedDaoImpl - [RESULT - getJobSeeker] - com.jobseek.spring.entity.JobSeeker@6cc8c692
2022-05-09 18:33:44.348 [http-nio-8095-exec-4] INFO  com.jobseek.spring.dao.impl.InterestedDaoImpl - [updateJobSeeker] - com.jobseek.spring.entity.JobSeeker@6cc8c692
2022-05-09 18:33:44.348 [http-nio-8095-exec-4] INFO  com.jobseek.spring.dao.impl.InterestedDaoImpl - [getJobSeeker] - 1
2022-05-09 18:33:44.348 [http-nio-8095-exec-4] INFO  com.jobseek.spring.dao.impl.InterestedDaoImpl - [RESULT - getJobSeeker] - com.jobseek.spring.entity.JobSeeker@6cc8c692
2022-05-09 18:33:44.349 [http-nio-8095-exec-4] INFO  com.jobseek.spring.dao.impl.InterestedDaoImpl - [RESULT - updateJobSeeker] - com.jobseek.spring.entity.JobSeeker@6cc8c692
2022-05-09 18:33:54.558 [http-nio-8095-exec-5] INFO  com.jobseek.spring.dao.impl.InterestedDaoImpl - [getJobSeeker] - 1
2022-05-09 18:33:54.573 [http-nio-8095-exec-5] INFO  com.jobseek.spring.dao.impl.InterestedDaoImpl - [RESULT - getJobSeeker] - com.jobseek.spring.entity.JobSeeker@815f26d
2022-05-09 18:33:54.575 [http-nio-8095-exec-5] INFO  com.jobseek.spring.dao.impl.InterestedDaoImpl - [verify] - com.jobseek.spring.entity.JobSeeker@815f26d
2022-05-09 18:33:54.575 [http-nio-8095-exec-5] INFO  com.jobseek.spring.dao.impl.InterestedDaoImpl - [getJobSeeker] - 1
2022-05-09 18:33:54.575 [http-nio-8095-exec-5] INFO  com.jobseek.spring.dao.impl.InterestedDaoImpl - [RESULT - getJobSeeker] - com.jobseek.spring.entity.JobSeeker@815f26d
2022-05-09 18:33:54.575 [http-nio-8095-exec-5] INFO  com.jobseek.spring.dao.impl.InterestedDaoImpl - [RESULT - verify] - true
2022-05-09 18:34:05.295 [http-nio-8095-exec-6] INFO  com.jobseek.spring.dao.impl.InterestedDaoImpl - [getJobSeeker] - 1
2022-05-09 18:34:05.309 [http-nio-8095-exec-6] INFO  com.jobseek.spring.dao.impl.InterestedDaoImpl - [RESULT - getJobSeeker] - com.jobseek.spring.entity.JobSeeker@bb96e2
2022-05-09 18:34:05.310 [http-nio-8095-exec-6] INFO  com.jobseek.spring.dao.impl.InterestedDaoImpl - [updateJobSeeker] - com.jobseek.spring.entity.JobSeeker@4ea90fcd
2022-05-09 18:34:05.310 [http-nio-8095-exec-6] INFO  com.jobseek.spring.dao.impl.InterestedDaoImpl - [getJobSeeker] - 1
2022-05-09 18:34:05.311 [http-nio-8095-exec-6] INFO  com.jobseek.spring.dao.impl.InterestedDaoImpl - [RESULT - getJobSeeker] - com.jobseek.spring.entity.JobSeeker@bb96e2
2022-05-09 18:34:05.311 [http-nio-8095-exec-6] INFO  com.jobseek.spring.dao.impl.InterestedDaoImpl - [RESULT - updateJobSeeker] - com.jobseek.spring.entity.JobSeeker@bb96e2
2022-05-09 18:35:59.233 [http-nio-8095-exec-2] INFO  com.jobseek.spring.dao.impl.CompanyDaoImpl - [getCompanyIdFromEmail] - amazon369123@gmail.com
2022-05-09 18:35:59.252 [http-nio-8095-exec-2] INFO  com.jobseek.spring.dao.impl.CompanyDaoImpl - [RESULT - getCompanyIdFromEmail] - 
2022-05-09 18:35:59.253 [http-nio-8095-exec-2] INFO  com.jobseek.spring.dao.impl.CompanyDaoImpl - [createCompany] - com.jobseek.spring.entity.Company@460c417c
2022-05-09 18:35:59.273 [http-nio-8095-exec-2] INFO  com.jobseek.spring.dao.impl.CompanyDaoImpl - [RESULT - createCompany] - com.jobseek.spring.entity.Company@460c417c
2022-05-09 18:36:29.530 [http-nio-8095-exec-3] INFO  com.jobseek.spring.dao.impl.CompanyDaoImpl - [getCompany] - 1
2022-05-09 18:36:29.545 [http-nio-8095-exec-3] INFO  com.jobseek.spring.dao.impl.CompanyDaoImpl - [RESULT - getCompany] - com.jobseek.spring.entity.Company@3a8ffedc
2022-05-09 18:36:36.305 [http-nio-8095-exec-4] INFO  com.jobseek.spring.dao.impl.CompanyDaoImpl - [getCompany] - 1
2022-05-09 18:36:36.324 [http-nio-8095-exec-4] INFO  com.jobseek.spring.dao.impl.CompanyDaoImpl - [RESULT - getCompany] - com.jobseek.spring.entity.Company@5125ec44
2022-05-09 18:36:52.078 [http-nio-8095-exec-5] INFO  com.jobseek.spring.dao.impl.CompanyDaoImpl - [getCompany] - 1
2022-05-09 18:36:52.091 [http-nio-8095-exec-5] INFO  com.jobseek.spring.dao.impl.CompanyDaoImpl - [RESULT - getCompany] - com.jobseek.spring.entity.Company@36f8418b
2022-05-09 18:36:52.096 [http-nio-8095-exec-5] INFO  com.jobseek.spring.dao.impl.CompanyDaoImpl - [verify] - com.jobseek.spring.entity.Company@36f8418b
2022-05-09 18:36:52.096 [http-nio-8095-exec-5] INFO  com.jobseek.spring.dao.impl.CompanyDaoImpl - [getCompany] - 1
2022-05-09 18:36:52.096 [http-nio-8095-exec-5] INFO  com.jobseek.spring.dao.impl.CompanyDaoImpl - [RESULT - getCompany] - com.jobseek.spring.entity.Company@36f8418b
2022-05-09 18:36:52.097 [http-nio-8095-exec-5] INFO  com.jobseek.spring.dao.impl.CompanyDaoImpl - [RESULT - verify] - com.jobseek.spring.entity.Company@36f8418b
2022-05-09 18:36:52.109 [http-nio-8095-exec-5] INFO  com.jobseek.spring.dao.impl.CompanyDaoImpl - [getCompany] - 1
2022-05-09 18:36:52.109 [http-nio-8095-exec-5] INFO  com.jobseek.spring.dao.impl.CompanyDaoImpl - [RESULT - getCompany] - com.jobseek.spring.entity.Company@36f8418b
2022-05-09 18:36:56.215 [http-nio-8095-exec-6] INFO  com.jobseek.spring.dao.impl.CompanyDaoImpl - [getCompany] - 1
2022-05-09 18:36:56.220 [http-nio-8095-exec-6] INFO  com.jobseek.spring.dao.impl.CompanyDaoImpl - [RESULT - getCompany] - com.jobseek.spring.entity.Company@b9863e9
2022-05-09 18:36:56.224 [http-nio-8095-exec-6] INFO  com.jobseek.spring.dao.impl.CompanyDaoImpl - [updateCompany] - com.jobseek.spring.entity.Company@1bf2a84d
2022-05-09 18:36:56.224 [http-nio-8095-exec-6] INFO  com.jobseek.spring.dao.impl.CompanyDaoImpl - [getCompany] - 1
2022-05-09 18:36:56.224 [http-nio-8095-exec-6] INFO  com.jobseek.spring.dao.impl.CompanyDaoImpl - [RESULT - getCompany] - com.jobseek.spring.entity.Company@b9863e9
2022-05-09 18:36:56.224 [http-nio-8095-exec-6] INFO  com.jobseek.spring.dao.impl.CompanyDaoImpl - [RESULT - updateCompany] - com.jobseek.spring.entity.Company@b9863e9
2022-05-09 18:36:58.177 [http-nio-8095-exec-8] INFO  com.jobseek.spring.dao.impl.CompanyDaoImpl - [getCompany] - 1
2022-05-09 18:36:58.178 [http-nio-8095-exec-8] INFO  com.jobseek.spring.dao.impl.CompanyDaoImpl - [RESULT - getCompany] - com.jobseek.spring.entity.Company@49edab2f
2022-05-09 18:37:14.294 [http-nio-8095-exec-9] INFO  com.jobseek.spring.dao.impl.InterestedDaoImpl - [createJobPosting] - com.jobseek.spring.entity.JobPosting@2c810695 - 1
2022-05-09 18:37:14.305 [http-nio-8095-exec-9] INFO  com.jobseek.spring.dao.impl.InterestedDaoImpl - [RESULT - createJobPosting] - com.jobseek.spring.entity.JobPosting@2c810695
2022-05-09 18:37:14.313 [http-nio-8095-exec-9] INFO  com.jobseek.spring.dao.impl.CompanyDaoImpl - [getCompany] - 1
2022-05-09 18:37:14.313 [http-nio-8095-exec-9] 2022-05-09 18:44:09.865 [http-nio-8095-exec-1] INFO  com.jobseek.spring.dao.impl.InterestedDaoImpl - [getJobSeeker] - 1
2022-05-09 18:44:09.888 [http-nio-8095-exec-1] INFO  com.jobseek.spring.dao.impl.InterestedDaoImpl - [RESULT - getJobSeeker] - com.jobseek.spring.entity.JobSeeker@a35837c
2022-05-09 18:44:09.895 [http-nio-8095-exec-1] INFO  com.jobseek.spring.dao.impl.InterestedDaoImpl - [getJobSeeker] - 1
2022-05-09 18:44:09.895 [http-nio-8095-exec-1] INFO  com.jobseek.spring.dao.impl.InterestedDaoImpl - [RESULT - getJobSeeker] - com.jobseek.spring.entity.JobSeeker@a35837c
2022-05-09 18:44:11.737 [http-nio-8095-exec-2] INFO  com.jobseek.spring.dao.impl.InterestedDaoImpl - [getJobPosting] - 1
2022-05-09 18:44:11.751 [http-nio-8095-exec-2] INFO  com.jobseek.spring.dao.impl.InterestedDaoImpl - [RESULT - getJobPosting] - com.jobseek.spring.entity.JobPosting@27a642f8
2022-05-09 18:44:11.752 [http-nio-8095-exec-2] INFO  com.jobseek.spring.dao.impl.InterestedDaoImpl - [getJobSeeker] - 1
2022-05-09 18:44:11.756 [http-nio-8095-exec-2] INFO  com.jobseek.spring.dao.impl.InterestedDaoImpl - [RESULT - getJobSeeker] - com.jobseek.spring.entity.JobSeeker@a5a0f77
2022-05-09 18:44:11.758 [http-nio-8095-exec-2] INFO  com.jobseek.spring.dao.impl.InterestedDaoImpl - [getAllInterestedJobId] - 1
2022-05-09 18:44:11.846 [http-nio-8095-exec-2] INFO  com.jobseek.spring.dao.impl.InterestedDaoImpl - [RESULT - getAllInterestedJobId] - [1]
2022-05-09 18:44:11.848 [http-nio-8095-exec-2] INFO  com.jobseek.spring.dao.impl.InterestedDaoImpl - [getJobSeeker] - 1
2022-05-09 18:44:11.848 [http-nio-8095-exec-2] INFO  com.jobseek.spring.dao.impl.InterestedDaoImpl - [RESULT - getJobSeeker] - com.jobseek.spring.entity.JobSeeker@a5a0f77
2022-05-09 18:44:44.277 [http-nio-8095-exec-6] INFO  com.jobseek.spring.dao.impl.CompanyDaoImpl - [PasswordLookUp] - amazon369123@gmail.com
2022-05-09 18:44:44.282 [http-nio-8095-exec-6] INFO  com.jobseek.spring.dao.impl.CompanyDaoImpl - [Result - PasswordLookUp] - [1234]
2022-05-09 18:44:44.298 [http-nio-8095-exec-6] INFO  com.jobseek.spring.dao.impl.CompanyDaoImpl - [getCompanyIdFromEmail] - amazon369123@gmail.com
2022-05-09 18:44:44.304 [http-nio-8095-exec-6] INFO  com.jobseek.spring.dao.impl.CompanyDaoImpl - [RESULT - getCompanyIdFromEmail] - 
2022-05-09 18:44:44.306 [http-nio-8095-exec-6] INFO  com.jobseek.spring.dao.impl.CompanyDaoImpl - [getCompany] - 1
2022-05-09 18:44:44.307 [http-nio-8095-exec-6] INFO  com.jobseek.spring.dao.impl.CompanyDaoImpl - [RESULT - getCompany] - com.jobseek.spring.entity.Company@43b46c72
2022-05-09 18:44:46.281 [http-nio-8095-exec-8] INFO  com.jobseek.spring.dao.impl.CompanyDaoImpl - [getCompany] - 1
2022-05-09 18:44:46.282 [http-nio-8095-exec-8] INFO  com.jobseek.spring.dao.impl.CompanyDaoImpl - [RESULT - getCompany] - com.jobseek.spring.entity.Company@6f6185a2
2022-05-09 18:45:06.577 [http-nio-8095-exec-9] INFO  com.jobseek.spring.dao.impl.InterestedDaoImpl - [createJobPosting] - com.jobseek.spring.entity.JobPosting@44396c64 - 1
2022-05-09 18:45:06.633 [http-nio-8095-exec-9] INFO  com.jobseek.spring.dao.impl.InterestedDaoImpl - [RESULT - createJobPosting] - com.jobseek.spring.entity.JobPosting@44396c64
2022-05-09 18:45:06.640 [http-nio-8095-exec-9] INFO  com.jobseek.spring.dao.impl.CompanyDaoImpl - [getCompany] - 1
2022-05-09 18:45:06.640 [http-nio-8095-exec-9] INFO  com.jobseek.spring.dao.impl.CompanyDaoImpl - [RESULT - getCompany] - com.jobseek.spring.entity.Company@48ad23d2
2022-05-09 18:45:13.238 [http-nio-8095-exec-1] INFO  com.jobseek.spring.dao.impl.InterestedDaoImpl - [getJobSeeker] - 1
2022-05-09 18:45:13.240 [http-nio-8095-exec-1] INFO  com.jobseek.spring.dao.impl.InterestedDaoImpl - [RESULT - getJobSeeker] - com.jobseek.spring.entity.JobSeeker@3ba58833
2022-05-09 18:45:16.727 [http-nio-8095-exec-3] INFO  com.jobseek.spring.dao.impl.InterestedDaoImpl - [getJobSeeker] - 1
2022-05-09 18:45:16.728 [http-nio-8095-exec-3] INFO  com.jobseek.spring.dao.impl.InterestedDaoImpl - [RESULT - getJobSeeker] - com.jobseek.spring.entity.JobSeeker@7eb1242
2022-05-09 18:45:16.735 [http-nio-8095-exec-3] INFO  com.jobseek.spring.dao.impl.InterestedDaoImpl - [getJobSeeker] - 1
2022-05-09 18:45:16.735 [http-nio-8095-exec-3] INFO  com.jobseek.spring.dao.impl.InterestedDaoImpl - [RESULT - getJobSeeker] - com.jobseek.spring.entity.JobSeeker@7eb1242
2022-05-09 18:45:20.037 [http-nio-8095-exec-4] INFO  com.jobseek.spring.dao.impl.InterestedDaoImpl - [getJobSeeker] - 1
2022-05-09 18:45:20.039 [http-nio-8095-exec-4] INFO  com.jobseek.spring.dao.impl.InterestedDaoImpl - [RESULT - getJobSeeker] - com.jobseek.spring.entity.JobSeeker@3f659fbd
2022-05-09 18:45:21.896 [http-nio-8095-exec-6] INFO  com.jobseek.spring.dao.impl.InterestedDaoImpl - [searchJobs] - 
2022-05-09 18:45:21.903 [http-nio-8095-exec-6] INFO  com.jobseek.spring.dao.impl.InterestedDaoImpl - RESUTL - searchJobs] - [1, 2]
2022-05-09 18:45:21.905 [http-nio-8095-exec-6] INFO  com.jobseek.spring.dao.impl.InterestedDaoImpl - [filterJobs] - com.jobseek.spring.entity.JobPosting@4ab1e60e - [1, 2]
2022-05-09 18:45:21.931 [http-nio-8095-exec-6] INFO  com.jobseek.spring.dao.impl.InterestedDaoImpl - [RESULT - filterJobs] - [[Ljava.lang.Object;@cd22f9, [Ljava.lang.Object;@2301521d]
2022-05-09 18:45:21.932 [http-nio-8095-exec-6] INFO  com.jobseek.spring.dao.impl.InterestedDaoImpl - [getJobSeeker] - 1
2022-05-09 18:45:21.933 [http-nio-8095-exec-6] INFO  com.jobseek.spring.dao.impl.InterestedDaoImpl - [RESULT - getJobSeeker] - com.jobseek.spring.entity.JobSeeker@57b72b8e
2022-05-09 18:45:24.586 [http-nio-8095-exec-7] INFO  com.jobseek.spring.dao.impl.InterestedDaoImpl - [getJobPosting] - 1
2022-05-09 18:45:24.594 [http-nio-8095-exec-7] INFO  com.jobseek.spring.dao.impl.InterestedDaoImpl - [RESULT - getJobPosting] - com.jobseek.spring.entity.JobPosting@5fadc3b7
2022-05-09 18:45:24.595 [http-nio-8095-exec-7] INFO  com.jobseek.spring.dao.impl.InterestedDaoImpl - [getJobSeeker] - 1
2022-05-09 18:45:24.596 [http-nio-8095-exec-7] INFO  com.jobseek.spring.dao.impl.InterestedDaoImpl - [RESULT - getJobSeeker] - com.jobseek.spring.entity.JobSeeker@6ba29968
2022-05-09 18:45:24.597 [http-nio-8095-exec-7] INFO  com.jobseek.spring.dao.impl.InterestedDaoImpl - [getAllInterestedJobId] - 1
2022-05-09 18:45:24.600 [http-nio-8095-exec-7] INFO  com.jobseek.spring.dao.impl.InterestedDaoImpl - [RESULT - getAllInterestedJobId] - [1]
2022-05-09 18:45:24.601 [http-nio-8095-exec-7] INFO  com.jobseek.spring.dao.impl.InterestedDaoImpl - [getJobSeeker] - 1
2022-05-09 18:45:24.601 [http-nio-8095-exec-7] INFO  com.jobseek.spring.dao.impl.InterestedDaoImpl - [RESULT - getJobSeeker] - com.jobseek.spring.entity.JobSeeker@6ba29968
2022-05-09 18:45:29.831 [http-nio-8095-exec-9] INFO  com.jobseek.spring.dao.impl.InterestedDaoImpl - [getJobSeeker] - 1
2022-05-09 18:45:29.833 [http-nio-8095-exec-9] INFO  com.jobseek.spring.dao.impl.InterestedDaoImpl - [RESULT - getJobSeeker] - com.jobseek.spring.entity.JobSeeker@6b76367d
2022-05-09 18:45:30.941 [http-nio-8095-exec-1] INFO  com.jobseek.spring.dao.impl.InterestedDaoImpl - [getJobSeeker] - 1
2022-05-09 18:45:30.942 [http-nio-8095-exec-1] INFO  com.jobseek.spring.dao.impl.InterestedDaoImpl - [RESULT - getJobSeeker] - com.jobseek.spring.entity.JobSeeker@7f9423a9
2022-05-09 18:45:30.943 [http-nio-8095-exec-1] INFO  com.jobseek.spring.dao.impl.InterestedDaoImpl - [getJobSeeker] - 1
2022-05-09 18:45:30.943 [http-nio-8095-exec-1] INFO  com.jobseek.spring.dao.impl.InterestedDaoImpl - [RESULT - getJobSeeker] - com.jobseek.spring.entity.JobSeeker@7f9423a9
2022-05-09 18:45:37.386 [http-nio-8095-exec-2] INFO  com.jobseek.spring.dao.impl.InterestedDaoImpl - [searchJobs] - 
2022-05-09 18:45:37.387 [http-nio-8095-exec-2] INFO  com.jobseek.spring.dao.impl.InterestedDaoImpl - RESUTL - searchJobs] - [1, 2]
2022-05-09 18:45:37.389 [http-nio-8095-exec-2] INFO  com.jobseek.spring.dao.impl.InterestedDaoImpl - [filterJobs] - com.jobseek.spring.entity.JobPosting@6a9177ed - [1, 2]
2022-05-09 18:45:37.391 [http-nio-8095-exec-2] INFO  com.jobseek.spring.dao.impl.InterestedDaoImpl - [RESULT - filterJobs] - [[Ljava.lang.Object;@10d57556, [Ljava.lang.Object;@49ef15c4]
2022-05-09 18:45:37.392 [http-n